<?xml version="1.0" encoding="utf-8"?>
<test-run id="0" testcasecount="196" total="196" passed="140" failed="0" inconclusive="55" skipped="1" asserts="1272" result="Passed" portable-engine-version="3.3.0.0" start-time="2017-04-01 15:12:13Z" end-time="2017-04-01 15:12:35Z" duration="22.847396">
  <test-run id="0" testcasecount="196" total="196" passed="140" failed="0" inconclusive="55" skipped="1" asserts="1272" result="Passed" portable-engine-version="3.3.0.0" start-time="2017-04-01 15:12:13Z" end-time="2017-04-01 15:12:35Z" duration="22.737193">
    <test-suite type="Assembly" id="1273" name="DapperExtensionsDNXCore.Test.EXE" fullname="d:/GitHub/Dapper-Extensions/Dapper-Extensions/DapperExtensionsDNXCore.Test/bin/Debug/net451/win7-x64/DapperExtensionsDNXCore.Test.EXE" runstate="Runnable" testcasecount="196" result="Skipped" label="Ignored" start-time="2017-04-01 15:12:13Z" end-time="2017-04-01 15:12:35Z" duration="22.665076" total="196" passed="140" failed="0" inconclusive="55" skipped="1" asserts="1272">
      <environment framework-version="3.5.0.0" clr-version="4.0.30319.42000" os-version="Microsoft Windows NT 6.2.9200.0" platform="Win32NT" cwd="d:\GitHub\Dapper-Extensions\Dapper-Extensions\DapperExtensionsDNXCore.Test" machine-name="BRISURFACE" user="Brian" user-domain="BRISURFACE" culture="en-US" uiculture="en-US" os-architecture="x64" />
      <settings>
        <setting name="WorkDirectory" value="d:\GitHub\Dapper-Extensions\Dapper-Extensions\DapperExtensionsDNXCore.Test" />
        <setting name="NumberOfTestWorkers" value="4" />
      </settings>
      <properties>
        <property name="_PID" value="7124" />
        <property name="_APPDOMAIN" value="dotnet-test-nunit.exe" />
      </properties>
      <reason>
        <message><![CDATA[One or more child tests were ignored]]></message>
      </reason>
      <test-suite type="TestSuite" id="1274" name="DapperExtensions" fullname="DapperExtensions" runstate="Runnable" testcasecount="196" result="Skipped" label="Ignored" start-time="2017-04-01 15:12:13Z" end-time="2017-04-01 15:12:35Z" duration="22.652361" total="196" passed="140" failed="0" inconclusive="55" skipped="1" asserts="1272">
        <reason>
          <message><![CDATA[One or more child tests were ignored]]></message>
        </reason>
        <test-suite type="TestSuite" id="1275" name="Test" fullname="DapperExtensions.Test" runstate="Runnable" testcasecount="196" result="Skipped" label="Ignored" start-time="2017-04-01 15:12:13Z" end-time="2017-04-01 15:12:35Z" duration="22.649247" total="196" passed="140" failed="0" inconclusive="55" skipped="1" asserts="1272">
          <reason>
            <message><![CDATA[One or more child tests were ignored]]></message>
          </reason>
          <test-suite type="TestSuite" id="1278" name="IntegrationTests" fullname="DapperExtensions.Test.IntegrationTests" runstate="Runnable" testcasecount="111" result="Skipped" label="Ignored" start-time="2017-04-01 15:12:13Z" end-time="2017-04-01 15:12:35Z" duration="22.133466" total="111" passed="55" failed="0" inconclusive="55" skipped="1" asserts="1114">
            <reason>
              <message><![CDATA[One or more child tests were ignored]]></message>
            </reason>
            <test-suite type="TestFixture" id="1012" name="DatabaseTestsFixture" fullname="DapperExtensions.Test.IntegrationTests.DatabaseTestsFixture" classname="DapperExtensions.Test.IntegrationTests.DatabaseTestsFixture" runstate="Runnable" testcasecount="0" result="Passed" start-time="2017-04-01 15:12:13Z" end-time="2017-04-01 15:12:13Z" duration="0.002254" total="0" passed="0" failed="0" inconclusive="0" skipped="0" asserts="0" />
            <test-suite type="TestFixture" id="1013" name="NonCrudFixture" fullname="DapperExtensions.Test.IntegrationTests.NonCrudFixture" classname="DapperExtensions.Test.IntegrationTests.NonCrudFixture" runstate="Runnable" testcasecount="0" result="Passed" start-time="2017-04-01 15:12:13Z" end-time="2017-04-01 15:12:13Z" duration="0.000064" total="0" passed="0" failed="0" inconclusive="0" skipped="0" asserts="0" />
            <test-suite type="TestFixture" id="1136" name="NonCrudFixture+GetMapMethod" fullname="DapperExtensions.Test.IntegrationTests.NonCrudFixture+GetMapMethod" classname="DapperExtensions.Test.IntegrationTests.NonCrudFixture+GetMapMethod" runstate="Runnable" testcasecount="4" result="Passed" start-time="2017-04-01 15:12:13Z" end-time="2017-04-01 15:12:13Z" duration="0.077536" total="4" passed="4" failed="0" inconclusive="0" skipped="0" asserts="5">
              <test-case id="1138" name="ClassMapperDescendant_Returns_DefinedClass" fullname="DapperExtensions.Test.IntegrationTests.NonCrudFixture+GetMapMethod.ClassMapperDescendant_Returns_DefinedClass" methodname="ClassMapperDescendant_Returns_DefinedClass" classname="DapperExtensions.Test.IntegrationTests.NonCrudFixture+GetMapMethod" runstate="Runnable" seed="1607784009" result="Passed" start-time="2017-04-01 15:12:13Z" end-time="2017-04-01 15:12:13Z" duration="0.028517" asserts="1" />
              <test-case id="1139" name="ClassMapperInterface_Returns_DefinedMapper" fullname="DapperExtensions.Test.IntegrationTests.NonCrudFixture+GetMapMethod.ClassMapperInterface_Returns_DefinedMapper" methodname="ClassMapperInterface_Returns_DefinedMapper" classname="DapperExtensions.Test.IntegrationTests.NonCrudFixture+GetMapMethod" runstate="Runnable" seed="2115482333" result="Passed" start-time="2017-04-01 15:12:13Z" end-time="2017-04-01 15:12:13Z" duration="0.000486" asserts="1" />
              <test-case id="1140" name="MappingClass_ReturnsFromDifferentAssembly" fullname="DapperExtensions.Test.IntegrationTests.NonCrudFixture+GetMapMethod.MappingClass_ReturnsFromDifferentAssembly" methodname="MappingClass_ReturnsFromDifferentAssembly" classname="DapperExtensions.Test.IntegrationTests.NonCrudFixture+GetMapMethod" runstate="Runnable" seed="208544124" result="Passed" start-time="2017-04-01 15:12:13Z" end-time="2017-04-01 15:12:13Z" duration="0.028936" asserts="2" />
              <test-case id="1137" name="NoMappingClass_ReturnsDefaultMapper" fullname="DapperExtensions.Test.IntegrationTests.NonCrudFixture+GetMapMethod.NoMappingClass_ReturnsDefaultMapper" methodname="NoMappingClass_ReturnsDefaultMapper" classname="DapperExtensions.Test.IntegrationTests.NonCrudFixture+GetMapMethod" runstate="Runnable" seed="166916001" result="Passed" start-time="2017-04-01 15:12:13Z" end-time="2017-04-01 15:12:13Z" duration="0.002101" asserts="1" />
            </test-suite>
            <test-suite type="TestFixture" id="1134" name="NonCrudFixture+GetNextGuidMethod" fullname="DapperExtensions.Test.IntegrationTests.NonCrudFixture+GetNextGuidMethod" classname="DapperExtensions.Test.IntegrationTests.NonCrudFixture+GetNextGuidMethod" runstate="Runnable" testcasecount="1" result="Passed" start-time="2017-04-01 15:12:13Z" end-time="2017-04-01 15:12:13Z" duration="0.014677" total="1" passed="1" failed="0" inconclusive="0" skipped="0" asserts="1000">
              <test-case id="1135" name="GetMultiple_DoesNotDuplicate" fullname="DapperExtensions.Test.IntegrationTests.NonCrudFixture+GetNextGuidMethod.GetMultiple_DoesNotDuplicate" methodname="GetMultiple_DoesNotDuplicate" classname="DapperExtensions.Test.IntegrationTests.NonCrudFixture+GetNextGuidMethod" runstate="Runnable" seed="775363681" result="Passed" start-time="2017-04-01 15:12:13Z" end-time="2017-04-01 15:12:13Z" duration="0.011124" asserts="1000" />
            </test-suite>
            <test-suite type="TestSuite" id="1279" name="Sqlite" fullname="DapperExtensions.Test.IntegrationTests.Sqlite" runstate="Runnable" testcasecount="51" result="Skipped" label="Ignored" start-time="2017-04-01 15:12:13Z" end-time="2017-04-01 15:12:34Z" duration="21.686212" total="51" passed="50" failed="0" inconclusive="0" skipped="1" asserts="109">
              <reason>
                <message><![CDATA[One or more child tests were ignored]]></message>
              </reason>
              <test-suite type="TestFixture" id="1014" name="CrudAsyncFixture" fullname="DapperExtensions.Test.IntegrationTests.Sqlite.CrudAsyncFixture" classname="DapperExtensions.Test.IntegrationTests.Sqlite.CrudAsyncFixture" runstate="Runnable" testcasecount="0" result="Passed" start-time="2017-04-01 15:12:13Z" end-time="2017-04-01 15:12:13Z" duration="0.000068" total="0" passed="0" failed="0" inconclusive="0" skipped="0" asserts="0" />
              <test-suite type="TestFixture" id="1163" name="CrudAsyncFixture+CountMethod" fullname="DapperExtensions.Test.IntegrationTests.Sqlite.CrudAsyncFixture+CountMethod" classname="DapperExtensions.Test.IntegrationTests.Sqlite.CrudAsyncFixture+CountMethod" runstate="Runnable" testcasecount="3" result="Passed" start-time="2017-04-01 15:12:13Z" end-time="2017-04-01 15:12:14Z" duration="1.079638" total="3" passed="3" failed="0" inconclusive="0" skipped="0" asserts="3">
                <test-case id="1164" name="UsingNullPredicate_Returns_Count" fullname="DapperExtensions.Test.IntegrationTests.Sqlite.CrudAsyncFixture+CountMethod.UsingNullPredicate_Returns_Count" methodname="UsingNullPredicate_Returns_Count" classname="DapperExtensions.Test.IntegrationTests.Sqlite.CrudAsyncFixture+CountMethod" runstate="Runnable" seed="1467541031" result="Passed" start-time="2017-04-01 15:12:13Z" end-time="2017-04-01 15:12:13Z" duration="0.633249" asserts="1" />
                <test-case id="1166" name="UsingObject_Returns_Count" fullname="DapperExtensions.Test.IntegrationTests.Sqlite.CrudAsyncFixture+CountMethod.UsingObject_Returns_Count" methodname="UsingObject_Returns_Count" classname="DapperExtensions.Test.IntegrationTests.Sqlite.CrudAsyncFixture+CountMethod" runstate="Runnable" seed="1290315880" result="Passed" start-time="2017-04-01 15:12:13Z" end-time="2017-04-01 15:12:14Z" duration="0.200662" asserts="1" />
                <test-case id="1165" name="UsingPredicate_Returns_Count" fullname="DapperExtensions.Test.IntegrationTests.Sqlite.CrudAsyncFixture+CountMethod.UsingPredicate_Returns_Count" methodname="UsingPredicate_Returns_Count" classname="DapperExtensions.Test.IntegrationTests.Sqlite.CrudAsyncFixture+CountMethod" runstate="Runnable" seed="1018024505" result="Passed" start-time="2017-04-01 15:12:14Z" end-time="2017-04-01 15:12:14Z" duration="0.236174" asserts="1" />
              </test-suite>
              <test-suite type="TestFixture" id="1147" name="CrudAsyncFixture+DeleteMethod" fullname="DapperExtensions.Test.IntegrationTests.Sqlite.CrudAsyncFixture+DeleteMethod" classname="DapperExtensions.Test.IntegrationTests.Sqlite.CrudAsyncFixture+DeleteMethod" runstate="Runnable" testcasecount="3" result="Passed" start-time="2017-04-01 15:12:14Z" end-time="2017-04-01 15:12:15Z" duration="1.166642" total="3" passed="3" failed="0" inconclusive="0" skipped="0" asserts="7">
                <test-case id="1148" name="UsingKey_DeletesFromDatabase" fullname="DapperExtensions.Test.IntegrationTests.Sqlite.CrudAsyncFixture+DeleteMethod.UsingKey_DeletesFromDatabase" methodname="UsingKey_DeletesFromDatabase" classname="DapperExtensions.Test.IntegrationTests.Sqlite.CrudAsyncFixture+DeleteMethod" runstate="Runnable" seed="547158667" result="Passed" start-time="2017-04-01 15:12:14Z" end-time="2017-04-01 15:12:14Z" duration="0.269754" asserts="1" />
                <test-case id="1150" name="UsingObject_DeletesRows" fullname="DapperExtensions.Test.IntegrationTests.Sqlite.CrudAsyncFixture+DeleteMethod.UsingObject_DeletesRows" methodname="UsingObject_DeletesRows" classname="DapperExtensions.Test.IntegrationTests.Sqlite.CrudAsyncFixture+DeleteMethod" runstate="Runnable" seed="1202848089" result="Passed" start-time="2017-04-01 15:12:14Z" end-time="2017-04-01 15:12:15Z" duration="0.495516" asserts="3" />
                <test-case id="1149" name="UsingPredicate_DeletesRows" fullname="DapperExtensions.Test.IntegrationTests.Sqlite.CrudAsyncFixture+DeleteMethod.UsingPredicate_DeletesRows" methodname="UsingPredicate_DeletesRows" classname="DapperExtensions.Test.IntegrationTests.Sqlite.CrudAsyncFixture+DeleteMethod" runstate="Runnable" seed="1914350015" result="Passed" start-time="2017-04-01 15:12:15Z" end-time="2017-04-01 15:12:15Z" duration="0.392319" asserts="3" />
              </test-suite>
              <test-suite type="TestFixture" id="1154" name="CrudAsyncFixture+GetListMethod" fullname="DapperExtensions.Test.IntegrationTests.Sqlite.CrudAsyncFixture+GetListMethod" classname="DapperExtensions.Test.IntegrationTests.Sqlite.CrudAsyncFixture+GetListMethod" runstate="Runnable" testcasecount="3" result="Passed" start-time="2017-04-01 15:12:15Z" end-time="2017-04-01 15:12:16Z" duration="1.318560" total="3" passed="3" failed="0" inconclusive="0" skipped="0" asserts="5">
                <test-case id="1155" name="UsingNullPredicate_ReturnsAll" fullname="DapperExtensions.Test.IntegrationTests.Sqlite.CrudAsyncFixture+GetListMethod.UsingNullPredicate_ReturnsAll" methodname="UsingNullPredicate_ReturnsAll" classname="DapperExtensions.Test.IntegrationTests.Sqlite.CrudAsyncFixture+GetListMethod" runstate="Runnable" seed="970887642" result="Passed" start-time="2017-04-01 15:12:15Z" end-time="2017-04-01 15:12:15Z" duration="0.339620" asserts="1" />
                <test-case id="1157" name="UsingObject_ReturnsMatching" fullname="DapperExtensions.Test.IntegrationTests.Sqlite.CrudAsyncFixture+GetListMethod.UsingObject_ReturnsMatching" methodname="UsingObject_ReturnsMatching" classname="DapperExtensions.Test.IntegrationTests.Sqlite.CrudAsyncFixture+GetListMethod" runstate="Runnable" seed="1747715107" result="Passed" start-time="2017-04-01 15:12:15Z" end-time="2017-04-01 15:12:16Z" duration="0.497026" asserts="2" />
                <test-case id="1156" name="UsingPredicate_ReturnsMatching" fullname="DapperExtensions.Test.IntegrationTests.Sqlite.CrudAsyncFixture+GetListMethod.UsingPredicate_ReturnsMatching" methodname="UsingPredicate_ReturnsMatching" classname="DapperExtensions.Test.IntegrationTests.Sqlite.CrudAsyncFixture+GetListMethod" runstate="Runnable" seed="155437119" result="Passed" start-time="2017-04-01 15:12:16Z" end-time="2017-04-01 15:12:16Z" duration="0.470579" asserts="2" />
              </test-suite>
              <test-suite type="TestFixture" id="1145" name="CrudAsyncFixture+GetMethod" fullname="DapperExtensions.Test.IntegrationTests.Sqlite.CrudAsyncFixture+GetMethod" classname="DapperExtensions.Test.IntegrationTests.Sqlite.CrudAsyncFixture+GetMethod" runstate="Runnable" testcasecount="1" result="Passed" start-time="2017-04-01 15:12:16Z" end-time="2017-04-01 15:12:17Z" duration="0.213660" total="1" passed="1" failed="0" inconclusive="0" skipped="0" asserts="3">
                <test-case id="1146" name="UsingKey_ReturnsEntity" fullname="DapperExtensions.Test.IntegrationTests.Sqlite.CrudAsyncFixture+GetMethod.UsingKey_ReturnsEntity" methodname="UsingKey_ReturnsEntity" classname="DapperExtensions.Test.IntegrationTests.Sqlite.CrudAsyncFixture+GetMethod" runstate="Runnable" seed="1811877782" result="Passed" start-time="2017-04-01 15:12:16Z" end-time="2017-04-01 15:12:17Z" duration="0.210844" asserts="3" />
              </test-suite>
              <test-suite type="TestFixture" id="1167" name="CrudAsyncFixture+GetMultipleMethod" fullname="DapperExtensions.Test.IntegrationTests.Sqlite.CrudAsyncFixture+GetMultipleMethod" classname="DapperExtensions.Test.IntegrationTests.Sqlite.CrudAsyncFixture+GetMultipleMethod" runstate="Runnable" testcasecount="1" result="Passed" start-time="2017-04-01 15:12:17Z" end-time="2017-04-01 15:12:17Z" duration="0.744080" total="1" passed="1" failed="0" inconclusive="0" skipped="0" asserts="3">
                <test-case id="1168" name="ReturnsItems" fullname="DapperExtensions.Test.IntegrationTests.Sqlite.CrudAsyncFixture+GetMultipleMethod.ReturnsItems" methodname="ReturnsItems" classname="DapperExtensions.Test.IntegrationTests.Sqlite.CrudAsyncFixture+GetMultipleMethod" runstate="Runnable" seed="1752194019" result="Passed" start-time="2017-04-01 15:12:17Z" end-time="2017-04-01 15:12:17Z" duration="0.740348" asserts="3" />
              </test-suite>
              <test-suite type="TestFixture" id="1158" name="CrudAsyncFixture+GetPageMethod" fullname="DapperExtensions.Test.IntegrationTests.Sqlite.CrudAsyncFixture+GetPageMethod" classname="DapperExtensions.Test.IntegrationTests.Sqlite.CrudAsyncFixture+GetPageMethod" runstate="Runnable" testcasecount="4" result="Passed" start-time="2017-04-01 15:12:17Z" end-time="2017-04-01 15:12:19Z" duration="1.665889" total="4" passed="4" failed="0" inconclusive="0" skipped="0" asserts="10">
                <test-case id="1161" name="NotFirstPage_Returns_NextResults" fullname="DapperExtensions.Test.IntegrationTests.Sqlite.CrudAsyncFixture+GetPageMethod.NotFirstPage_Returns_NextResults" methodname="NotFirstPage_Returns_NextResults" classname="DapperExtensions.Test.IntegrationTests.Sqlite.CrudAsyncFixture+GetPageMethod" runstate="Runnable" seed="1580153207" result="Passed" start-time="2017-04-01 15:12:17Z" end-time="2017-04-01 15:12:18Z" duration="0.430601" asserts="3" />
                <test-case id="1159" name="UsingNullPredicate_ReturnsMatching" fullname="DapperExtensions.Test.IntegrationTests.Sqlite.CrudAsyncFixture+GetPageMethod.UsingNullPredicate_ReturnsMatching" methodname="UsingNullPredicate_ReturnsMatching" classname="DapperExtensions.Test.IntegrationTests.Sqlite.CrudAsyncFixture+GetPageMethod" runstate="Runnable" seed="509582694" result="Passed" start-time="2017-04-01 15:12:18Z" end-time="2017-04-01 15:12:18Z" duration="0.340734" asserts="3" />
                <test-case id="1162" name="UsingObject_ReturnsMatching" fullname="DapperExtensions.Test.IntegrationTests.Sqlite.CrudAsyncFixture+GetPageMethod.UsingObject_ReturnsMatching" methodname="UsingObject_ReturnsMatching" classname="DapperExtensions.Test.IntegrationTests.Sqlite.CrudAsyncFixture+GetPageMethod" runstate="Runnable" seed="1316424897" result="Passed" start-time="2017-04-01 15:12:18Z" end-time="2017-04-01 15:12:19Z" duration="0.514439" asserts="2" />
                <test-case id="1160" name="UsingPredicate_ReturnsMatching" fullname="DapperExtensions.Test.IntegrationTests.Sqlite.CrudAsyncFixture+GetPageMethod.UsingPredicate_ReturnsMatching" methodname="UsingPredicate_ReturnsMatching" classname="DapperExtensions.Test.IntegrationTests.Sqlite.CrudAsyncFixture+GetPageMethod" runstate="Runnable" seed="1762671419" result="Passed" start-time="2017-04-01 15:12:19Z" end-time="2017-04-01 15:12:19Z" duration="0.366303" asserts="2" />
              </test-suite>
              <test-suite type="TestFixture" id="1141" name="CrudAsyncFixture+InsertMethod" fullname="DapperExtensions.Test.IntegrationTests.Sqlite.CrudAsyncFixture+InsertMethod" classname="DapperExtensions.Test.IntegrationTests.Sqlite.CrudAsyncFixture+InsertMethod" runstate="Runnable" testcasecount="3" result="Passed" start-time="2017-04-01 15:12:19Z" end-time="2017-04-01 15:12:20Z" duration="1.101218" total="3" passed="3" failed="0" inconclusive="0" skipped="0" asserts="7">
                <test-case id="1143" name="AddsEntityToDatabase_ReturnsGeneratedPrimaryKey" fullname="DapperExtensions.Test.IntegrationTests.Sqlite.CrudAsyncFixture+InsertMethod.AddsEntityToDatabase_ReturnsGeneratedPrimaryKey" methodname="AddsEntityToDatabase_ReturnsGeneratedPrimaryKey" classname="DapperExtensions.Test.IntegrationTests.Sqlite.CrudAsyncFixture+InsertMethod" runstate="Runnable" seed="367138704" result="Passed" start-time="2017-04-01 15:12:19Z" end-time="2017-04-01 15:12:19Z" duration="0.377855" asserts="4" />
                <test-case id="1142" name="AddsEntityToDatabase_ReturnsKey" fullname="DapperExtensions.Test.IntegrationTests.Sqlite.CrudAsyncFixture+InsertMethod.AddsEntityToDatabase_ReturnsKey" methodname="AddsEntityToDatabase_ReturnsKey" classname="DapperExtensions.Test.IntegrationTests.Sqlite.CrudAsyncFixture+InsertMethod" runstate="Runnable" seed="2025936775" result="Passed" start-time="2017-04-01 15:12:19Z" end-time="2017-04-01 15:12:20Z" duration="0.390243" asserts="2" />
                <test-case id="1144" name="AddsMultipleEntitiesToDatabase" fullname="DapperExtensions.Test.IntegrationTests.Sqlite.CrudAsyncFixture+InsertMethod.AddsMultipleEntitiesToDatabase" methodname="AddsMultipleEntitiesToDatabase" classname="DapperExtensions.Test.IntegrationTests.Sqlite.CrudAsyncFixture+InsertMethod" runstate="Runnable" seed="725523461" result="Passed" start-time="2017-04-01 15:12:20Z" end-time="2017-04-01 15:12:20Z" duration="0.324093" asserts="1" />
              </test-suite>
              <test-suite type="TestFixture" id="1151" name="CrudAsyncFixture+UpdateMethod" fullname="DapperExtensions.Test.IntegrationTests.Sqlite.CrudAsyncFixture+UpdateMethod" classname="DapperExtensions.Test.IntegrationTests.Sqlite.CrudAsyncFixture+UpdateMethod" runstate="Runnable" testcasecount="2" result="Skipped" label="Ignored" start-time="2017-04-01 15:12:20Z" end-time="2017-04-01 15:12:21Z" duration="0.400861" total="2" passed="1" failed="0" inconclusive="0" skipped="1" asserts="3">
                <reason>
                  <message><![CDATA[One or more child tests were ignored]]></message>
                </reason>
                <test-case id="1153" name="UsingCompositeKey_UpdatesEntity" fullname="DapperExtensions.Test.IntegrationTests.Sqlite.CrudAsyncFixture+UpdateMethod.UsingCompositeKey_UpdatesEntity" methodname="UsingCompositeKey_UpdatesEntity" classname="DapperExtensions.Test.IntegrationTests.Sqlite.CrudAsyncFixture+UpdateMethod" runstate="Ignored" seed="544981560" result="Skipped" label="Ignored" start-time="2017-04-01 15:12:20Z" end-time="2017-04-01 15:12:20Z" duration="0.005170" asserts="0">
                  <properties>
                    <property name="_SKIPREASON" value="SQLLite doesnt support a composite key with both an IDENTITY column and a user-generated value." />
                  </properties>
                  <reason>
                    <message><![CDATA[SQLLite doesnt support a composite key with both an IDENTITY column and a user-generated value.]]></message>
                  </reason>
                </test-case>
                <test-case id="1152" name="UsingKey_UpdatesEntity" fullname="DapperExtensions.Test.IntegrationTests.Sqlite.CrudAsyncFixture+UpdateMethod.UsingKey_UpdatesEntity" methodname="UsingKey_UpdatesEntity" classname="DapperExtensions.Test.IntegrationTests.Sqlite.CrudAsyncFixture+UpdateMethod" runstate="Runnable" seed="1663254786" result="Passed" start-time="2017-04-01 15:12:20Z" end-time="2017-04-01 15:12:21Z" duration="0.388687" asserts="3" />
              </test-suite>
              <test-suite type="TestFixture" id="1015" name="CrudFixture" fullname="DapperExtensions.Test.IntegrationTests.Sqlite.CrudFixture" classname="DapperExtensions.Test.IntegrationTests.Sqlite.CrudFixture" runstate="Runnable" testcasecount="0" result="Passed" start-time="2017-04-01 15:12:21Z" end-time="2017-04-01 15:12:21Z" duration="0.000146" total="0" passed="0" failed="0" inconclusive="0" skipped="0" asserts="0" />
              <test-suite type="TestFixture" id="1191" name="CrudFixture+CountMethod" fullname="DapperExtensions.Test.IntegrationTests.Sqlite.CrudFixture+CountMethod" classname="DapperExtensions.Test.IntegrationTests.Sqlite.CrudFixture+CountMethod" runstate="Runnable" testcasecount="3" result="Passed" start-time="2017-04-01 15:12:21Z" end-time="2017-04-01 15:12:22Z" duration="1.284193" total="3" passed="3" failed="0" inconclusive="0" skipped="0" asserts="3">
                <test-case id="1192" name="UsingNullPredicate_Returns_Count" fullname="DapperExtensions.Test.IntegrationTests.Sqlite.CrudFixture+CountMethod.UsingNullPredicate_Returns_Count" methodname="UsingNullPredicate_Returns_Count" classname="DapperExtensions.Test.IntegrationTests.Sqlite.CrudFixture+CountMethod" runstate="Runnable" seed="1695591854" result="Passed" start-time="2017-04-01 15:12:21Z" end-time="2017-04-01 15:12:21Z" duration="0.566640" asserts="1" />
                <test-case id="1194" name="UsingObject_Returns_Count" fullname="DapperExtensions.Test.IntegrationTests.Sqlite.CrudFixture+CountMethod.UsingObject_Returns_Count" methodname="UsingObject_Returns_Count" classname="DapperExtensions.Test.IntegrationTests.Sqlite.CrudFixture+CountMethod" runstate="Runnable" seed="578015762" result="Passed" start-time="2017-04-01 15:12:21Z" end-time="2017-04-01 15:12:22Z" duration="0.411274" asserts="1" />
                <test-case id="1193" name="UsingPredicate_Returns_Count" fullname="DapperExtensions.Test.IntegrationTests.Sqlite.CrudFixture+CountMethod.UsingPredicate_Returns_Count" methodname="UsingPredicate_Returns_Count" classname="DapperExtensions.Test.IntegrationTests.Sqlite.CrudFixture+CountMethod" runstate="Runnable" seed="738817574" result="Passed" start-time="2017-04-01 15:12:22Z" end-time="2017-04-01 15:12:22Z" duration="0.296873" asserts="1" />
              </test-suite>
              <test-suite type="TestFixture" id="1175" name="CrudFixture+DeleteMethod" fullname="DapperExtensions.Test.IntegrationTests.Sqlite.CrudFixture+DeleteMethod" classname="DapperExtensions.Test.IntegrationTests.Sqlite.CrudFixture+DeleteMethod" runstate="Runnable" testcasecount="3" result="Passed" start-time="2017-04-01 15:12:22Z" end-time="2017-04-01 15:12:23Z" duration="1.128585" total="3" passed="3" failed="0" inconclusive="0" skipped="0" asserts="7">
                <test-case id="1176" name="UsingKey_DeletesFromDatabase" fullname="DapperExtensions.Test.IntegrationTests.Sqlite.CrudFixture+DeleteMethod.UsingKey_DeletesFromDatabase" methodname="UsingKey_DeletesFromDatabase" classname="DapperExtensions.Test.IntegrationTests.Sqlite.CrudFixture+DeleteMethod" runstate="Runnable" seed="497430874" result="Passed" start-time="2017-04-01 15:12:22Z" end-time="2017-04-01 15:12:22Z" duration="0.350929" asserts="1" />
                <test-case id="1178" name="UsingObject_DeletesRows" fullname="DapperExtensions.Test.IntegrationTests.Sqlite.CrudFixture+DeleteMethod.UsingObject_DeletesRows" methodname="UsingObject_DeletesRows" classname="DapperExtensions.Test.IntegrationTests.Sqlite.CrudFixture+DeleteMethod" runstate="Runnable" seed="1742570073" result="Passed" start-time="2017-04-01 15:12:22Z" end-time="2017-04-01 15:12:23Z" duration="0.387771" asserts="3" />
                <test-case id="1177" name="UsingPredicate_DeletesRows" fullname="DapperExtensions.Test.IntegrationTests.Sqlite.CrudFixture+DeleteMethod.UsingPredicate_DeletesRows" methodname="UsingPredicate_DeletesRows" classname="DapperExtensions.Test.IntegrationTests.Sqlite.CrudFixture+DeleteMethod" runstate="Runnable" seed="1499099887" result="Passed" start-time="2017-04-01 15:12:23Z" end-time="2017-04-01 15:12:23Z" duration="0.381225" asserts="3" />
              </test-suite>
              <test-suite type="TestFixture" id="1182" name="CrudFixture+GetListMethod" fullname="DapperExtensions.Test.IntegrationTests.Sqlite.CrudFixture+GetListMethod" classname="DapperExtensions.Test.IntegrationTests.Sqlite.CrudFixture+GetListMethod" runstate="Runnable" testcasecount="3" result="Passed" start-time="2017-04-01 15:12:23Z" end-time="2017-04-01 15:12:24Z" duration="1.140782" total="3" passed="3" failed="0" inconclusive="0" skipped="0" asserts="5">
                <test-case id="1183" name="UsingNullPredicate_ReturnsAll" fullname="DapperExtensions.Test.IntegrationTests.Sqlite.CrudFixture+GetListMethod.UsingNullPredicate_ReturnsAll" methodname="UsingNullPredicate_ReturnsAll" classname="DapperExtensions.Test.IntegrationTests.Sqlite.CrudFixture+GetListMethod" runstate="Runnable" seed="1425096797" result="Passed" start-time="2017-04-01 15:12:23Z" end-time="2017-04-01 15:12:23Z" duration="0.366999" asserts="1" />
                <test-case id="1185" name="UsingObject_ReturnsMatching" fullname="DapperExtensions.Test.IntegrationTests.Sqlite.CrudFixture+GetListMethod.UsingObject_ReturnsMatching" methodname="UsingObject_ReturnsMatching" classname="DapperExtensions.Test.IntegrationTests.Sqlite.CrudFixture+GetListMethod" runstate="Runnable" seed="389495671" result="Passed" start-time="2017-04-01 15:12:23Z" end-time="2017-04-01 15:12:24Z" duration="0.473287" asserts="2" />
                <test-case id="1184" name="UsingPredicate_ReturnsMatching" fullname="DapperExtensions.Test.IntegrationTests.Sqlite.CrudFixture+GetListMethod.UsingPredicate_ReturnsMatching" methodname="UsingPredicate_ReturnsMatching" classname="DapperExtensions.Test.IntegrationTests.Sqlite.CrudFixture+GetListMethod" runstate="Runnable" seed="611178306" result="Passed" start-time="2017-04-01 15:12:24Z" end-time="2017-04-01 15:12:24Z" duration="0.292048" asserts="2" />
              </test-suite>
              <test-suite type="TestFixture" id="1173" name="CrudFixture+GetMethod" fullname="DapperExtensions.Test.IntegrationTests.Sqlite.CrudFixture+GetMethod" classname="DapperExtensions.Test.IntegrationTests.Sqlite.CrudFixture+GetMethod" runstate="Runnable" testcasecount="1" result="Passed" start-time="2017-04-01 15:12:24Z" end-time="2017-04-01 15:12:24Z" duration="0.210155" total="1" passed="1" failed="0" inconclusive="0" skipped="0" asserts="3">
                <test-case id="1174" name="UsingKey_ReturnsEntity" fullname="DapperExtensions.Test.IntegrationTests.Sqlite.CrudFixture+GetMethod.UsingKey_ReturnsEntity" methodname="UsingKey_ReturnsEntity" classname="DapperExtensions.Test.IntegrationTests.Sqlite.CrudFixture+GetMethod" runstate="Runnable" seed="778506249" result="Passed" start-time="2017-04-01 15:12:24Z" end-time="2017-04-01 15:12:24Z" duration="0.206915" asserts="3" />
              </test-suite>
              <test-suite type="TestFixture" id="1195" name="CrudFixture+GetMultipleMethod" fullname="DapperExtensions.Test.IntegrationTests.Sqlite.CrudFixture+GetMultipleMethod" classname="DapperExtensions.Test.IntegrationTests.Sqlite.CrudFixture+GetMultipleMethod" runstate="Runnable" testcasecount="1" result="Passed" start-time="2017-04-01 15:12:24Z" end-time="2017-04-01 15:12:25Z" duration="0.351295" total="1" passed="1" failed="0" inconclusive="0" skipped="0" asserts="3">
                <test-case id="1196" name="ReturnsItems" fullname="DapperExtensions.Test.IntegrationTests.Sqlite.CrudFixture+GetMultipleMethod.ReturnsItems" methodname="ReturnsItems" classname="DapperExtensions.Test.IntegrationTests.Sqlite.CrudFixture+GetMultipleMethod" runstate="Runnable" seed="602515065" result="Passed" start-time="2017-04-01 15:12:24Z" end-time="2017-04-01 15:12:25Z" duration="0.348077" asserts="3" />
              </test-suite>
              <test-suite type="TestFixture" id="1186" name="CrudFixture+GetPageMethod" fullname="DapperExtensions.Test.IntegrationTests.Sqlite.CrudFixture+GetPageMethod" classname="DapperExtensions.Test.IntegrationTests.Sqlite.CrudFixture+GetPageMethod" runstate="Runnable" testcasecount="4" result="Passed" start-time="2017-04-01 15:12:25Z" end-time="2017-04-01 15:12:27Z" duration="2.268204" total="4" passed="4" failed="0" inconclusive="0" skipped="0" asserts="10">
                <test-case id="1189" name="NotFirstPage_Returns_NextResults" fullname="DapperExtensions.Test.IntegrationTests.Sqlite.CrudFixture+GetPageMethod.NotFirstPage_Returns_NextResults" methodname="NotFirstPage_Returns_NextResults" classname="DapperExtensions.Test.IntegrationTests.Sqlite.CrudFixture+GetPageMethod" runstate="Runnable" seed="548792749" result="Passed" start-time="2017-04-01 15:12:25Z" end-time="2017-04-01 15:12:25Z" duration="0.415265" asserts="3" />
                <test-case id="1187" name="UsingNullPredicate_ReturnsMatching" fullname="DapperExtensions.Test.IntegrationTests.Sqlite.CrudFixture+GetPageMethod.UsingNullPredicate_ReturnsMatching" methodname="UsingNullPredicate_ReturnsMatching" classname="DapperExtensions.Test.IntegrationTests.Sqlite.CrudFixture+GetPageMethod" runstate="Runnable" seed="58116420" result="Passed" start-time="2017-04-01 15:12:25Z" end-time="2017-04-01 15:12:25Z" duration="0.397555" asserts="3" />
                <test-case id="1190" name="UsingObject_ReturnsMatching" fullname="DapperExtensions.Test.IntegrationTests.Sqlite.CrudFixture+GetPageMethod.UsingObject_ReturnsMatching" methodname="UsingObject_ReturnsMatching" classname="DapperExtensions.Test.IntegrationTests.Sqlite.CrudFixture+GetPageMethod" runstate="Runnable" seed="456872365" result="Passed" start-time="2017-04-01 15:12:25Z" end-time="2017-04-01 15:12:26Z" duration="0.871377" asserts="2" />
                <test-case id="1188" name="UsingPredicate_ReturnsMatching" fullname="DapperExtensions.Test.IntegrationTests.Sqlite.CrudFixture+GetPageMethod.UsingPredicate_ReturnsMatching" methodname="UsingPredicate_ReturnsMatching" classname="DapperExtensions.Test.IntegrationTests.Sqlite.CrudFixture+GetPageMethod" runstate="Runnable" seed="1591311856" result="Passed" start-time="2017-04-01 15:12:26Z" end-time="2017-04-01 15:12:27Z" duration="0.570439" asserts="2" />
              </test-suite>
              <test-suite type="TestFixture" id="1169" name="CrudFixture+InsertMethod" fullname="DapperExtensions.Test.IntegrationTests.Sqlite.CrudFixture+InsertMethod" classname="DapperExtensions.Test.IntegrationTests.Sqlite.CrudFixture+InsertMethod" runstate="Runnable" testcasecount="3" result="Passed" start-time="2017-04-01 15:12:27Z" end-time="2017-04-01 15:12:28Z" duration="0.918692" total="3" passed="3" failed="0" inconclusive="0" skipped="0" asserts="5">
                <test-case id="1171" name="AddsEntityToDatabase_ReturnsGeneratedPrimaryKey" fullname="DapperExtensions.Test.IntegrationTests.Sqlite.CrudFixture+InsertMethod.AddsEntityToDatabase_ReturnsGeneratedPrimaryKey" methodname="AddsEntityToDatabase_ReturnsGeneratedPrimaryKey" classname="DapperExtensions.Test.IntegrationTests.Sqlite.CrudFixture+InsertMethod" runstate="Runnable" seed="514728899" result="Passed" start-time="2017-04-01 15:12:27Z" end-time="2017-04-01 15:12:27Z" duration="0.225509" asserts="2" />
                <test-case id="1170" name="AddsEntityToDatabase_ReturnsKey" fullname="DapperExtensions.Test.IntegrationTests.Sqlite.CrudFixture+InsertMethod.AddsEntityToDatabase_ReturnsKey" methodname="AddsEntityToDatabase_ReturnsKey" classname="DapperExtensions.Test.IntegrationTests.Sqlite.CrudFixture+InsertMethod" runstate="Runnable" seed="236113763" result="Passed" start-time="2017-04-01 15:12:27Z" end-time="2017-04-01 15:12:28Z" duration="0.392269" asserts="2" />
                <test-case id="1172" name="AddsMultipleEntitiesToDatabase" fullname="DapperExtensions.Test.IntegrationTests.Sqlite.CrudFixture+InsertMethod.AddsMultipleEntitiesToDatabase" methodname="AddsMultipleEntitiesToDatabase" classname="DapperExtensions.Test.IntegrationTests.Sqlite.CrudFixture+InsertMethod" runstate="Runnable" seed="208579421" result="Passed" start-time="2017-04-01 15:12:28Z" end-time="2017-04-01 15:12:28Z" duration="0.290493" asserts="1" />
              </test-suite>
              <test-suite type="TestFixture" id="1179" name="CrudFixture+UpdateMethod" fullname="DapperExtensions.Test.IntegrationTests.Sqlite.CrudFixture+UpdateMethod" classname="DapperExtensions.Test.IntegrationTests.Sqlite.CrudFixture+UpdateMethod" runstate="Runnable" testcasecount="2" result="Passed" start-time="2017-04-01 15:12:28Z" end-time="2017-04-01 15:12:28Z" duration="0.649493" total="2" passed="2" failed="0" inconclusive="0" skipped="0" asserts="7">
                <test-case id="1181" name="UsingCompositeKey_UpdatesEntity" fullname="DapperExtensions.Test.IntegrationTests.Sqlite.CrudFixture+UpdateMethod.UsingCompositeKey_UpdatesEntity" methodname="UsingCompositeKey_UpdatesEntity" classname="DapperExtensions.Test.IntegrationTests.Sqlite.CrudFixture+UpdateMethod" runstate="Runnable" seed="622670090" result="Passed" start-time="2017-04-01 15:12:28Z" end-time="2017-04-01 15:12:28Z" duration="0.302909" asserts="4" />
                <test-case id="1180" name="UsingKey_UpdatesEntity" fullname="DapperExtensions.Test.IntegrationTests.Sqlite.CrudFixture+UpdateMethod.UsingKey_UpdatesEntity" methodname="UsingKey_UpdatesEntity" classname="DapperExtensions.Test.IntegrationTests.Sqlite.CrudFixture+UpdateMethod" runstate="Runnable" seed="921681279" result="Passed" start-time="2017-04-01 15:12:28Z" end-time="2017-04-01 15:12:28Z" duration="0.340356" asserts="3" />
              </test-suite>
              <test-suite type="TestFixture" id="1016" name="InsertNullableValuesFixture" fullname="DapperExtensions.Test.IntegrationTests.Sqlite.InsertNullableValuesFixture" classname="DapperExtensions.Test.IntegrationTests.Sqlite.InsertNullableValuesFixture" runstate="Runnable" testcasecount="1" result="Passed" start-time="2017-04-01 15:12:29Z" end-time="2017-04-01 15:12:29Z" duration="0.247586" total="1" passed="1" failed="0" inconclusive="0" skipped="0" asserts="9">
                <test-case id="1017" name="InsertSkipsNullableFieldsTest" fullname="DapperExtensions.Test.IntegrationTests.Sqlite.InsertNullableValuesFixture.InsertSkipsNullableFieldsTest" methodname="InsertSkipsNullableFieldsTest" classname="DapperExtensions.Test.IntegrationTests.Sqlite.InsertNullableValuesFixture" runstate="Runnable" seed="2059729789" result="Passed" start-time="2017-04-01 15:12:29Z" end-time="2017-04-01 15:12:29Z" duration="0.243928" asserts="9" />
              </test-suite>
              <test-suite type="TestFixture" id="1018" name="SelectTableAsyncTests" fullname="DapperExtensions.Test.IntegrationTests.Sqlite.SelectTableAsyncTests" classname="DapperExtensions.Test.IntegrationTests.Sqlite.SelectTableAsyncTests" runstate="Runnable" testcasecount="2" result="Passed" start-time="2017-04-01 15:12:29Z" end-time="2017-04-01 15:12:30Z" duration="0.913986" total="2" passed="2" failed="0" inconclusive="0" skipped="0" asserts="8">
                <test-case id="1019" name="SelectTableBasicTest" fullname="DapperExtensions.Test.IntegrationTests.Sqlite.SelectTableAsyncTests.SelectTableBasicTest" methodname="SelectTableBasicTest" classname="DapperExtensions.Test.IntegrationTests.Sqlite.SelectTableAsyncTests" runstate="Runnable" seed="1501999576" result="Passed" start-time="2017-04-01 15:12:29Z" end-time="2017-04-01 15:12:29Z" duration="0.389866" asserts="5" />
                <test-case id="1020" name="SelectTableWithPredicateTest" fullname="DapperExtensions.Test.IntegrationTests.Sqlite.SelectTableAsyncTests.SelectTableWithPredicateTest" methodname="SelectTableWithPredicateTest" classname="DapperExtensions.Test.IntegrationTests.Sqlite.SelectTableAsyncTests" runstate="Runnable" seed="586156229" result="Passed" start-time="2017-04-01 15:12:29Z" end-time="2017-04-01 15:12:30Z" duration="0.516688" asserts="3" />
              </test-suite>
              <test-suite type="TestFixture" id="1021" name="SelectTableTests" fullname="DapperExtensions.Test.IntegrationTests.Sqlite.SelectTableTests" classname="DapperExtensions.Test.IntegrationTests.Sqlite.SelectTableTests" runstate="Runnable" testcasecount="2" result="Passed" start-time="2017-04-01 15:12:30Z" end-time="2017-04-01 15:12:31Z" duration="1.014141" total="2" passed="2" failed="0" inconclusive="0" skipped="0" asserts="8">
                <test-case id="1022" name="SelectTableBasicTest" fullname="DapperExtensions.Test.IntegrationTests.Sqlite.SelectTableTests.SelectTableBasicTest" methodname="SelectTableBasicTest" classname="DapperExtensions.Test.IntegrationTests.Sqlite.SelectTableTests" runstate="Runnable" seed="152170551" result="Passed" start-time="2017-04-01 15:12:30Z" end-time="2017-04-01 15:12:30Z" duration="0.582401" asserts="5" />
                <test-case id="1023" name="SelectTableWithPredicateTest" fullname="DapperExtensions.Test.IntegrationTests.Sqlite.SelectTableTests.SelectTableWithPredicateTest" methodname="SelectTableWithPredicateTest" classname="DapperExtensions.Test.IntegrationTests.Sqlite.SelectTableTests" runstate="Runnable" seed="1658127403" result="Passed" start-time="2017-04-01 15:12:30Z" end-time="2017-04-01 15:12:31Z" duration="0.424270" asserts="3" />
              </test-suite>
              <test-suite type="TestFixture" id="1024" name="TimerFixture" fullname="DapperExtensions.Test.IntegrationTests.Sqlite.TimerFixture" classname="DapperExtensions.Test.IntegrationTests.Sqlite.TimerFixture" runstate="Runnable" testcasecount="0" result="Passed" start-time="2017-04-01 15:12:31Z" end-time="2017-04-01 15:12:31Z" duration="0.000129" total="0" passed="0" failed="0" inconclusive="0" skipped="0" asserts="0" />
              <test-suite type="TestFixture" id="1197" name="TimerFixture+InsertTimes" fullname="DapperExtensions.Test.IntegrationTests.Sqlite.TimerFixture+InsertTimes" classname="DapperExtensions.Test.IntegrationTests.Sqlite.TimerFixture+InsertTimes" runstate="Runnable" testcasecount="6" result="Passed" start-time="2017-04-01 15:12:31Z" end-time="2017-04-01 15:12:34Z" duration="3.681544" total="6" passed="6" failed="0" inconclusive="0" skipped="0" asserts="0">
                <test-case id="1202" name="AssignKey_UsingEntity" fullname="DapperExtensions.Test.IntegrationTests.Sqlite.TimerFixture+InsertTimes.AssignKey_UsingEntity" methodname="AssignKey_UsingEntity" classname="DapperExtensions.Test.IntegrationTests.Sqlite.TimerFixture+InsertTimes" runstate="Runnable" seed="249412086" result="Passed" start-time="2017-04-01 15:12:31Z" end-time="2017-04-01 15:12:31Z" duration="0.499127" asserts="0">
                  <output><![CDATA[SQLLite assign key Total Time:264.8857
SQLLite assign key Average Time:26.48857
]]></output>
                </test-case>
                <test-case id="1203" name="AssignKey_UsingReturnValue" fullname="DapperExtensions.Test.IntegrationTests.Sqlite.TimerFixture+InsertTimes.AssignKey_UsingReturnValue" methodname="AssignKey_UsingReturnValue" classname="DapperExtensions.Test.IntegrationTests.Sqlite.TimerFixture+InsertTimes" runstate="Runnable" seed="527527306" result="Passed" start-time="2017-04-01 15:12:31Z" end-time="2017-04-01 15:12:32Z" duration="0.597223" asserts="0">
                  <output><![CDATA[SQLLite assign key2 Total Time:319.0055
SQLLite assign key2 Average Time:31.90055
]]></output>
                </test-case>
                <test-case id="1200" name="GuidKey_UsingEntity" fullname="DapperExtensions.Test.IntegrationTests.Sqlite.TimerFixture+InsertTimes.GuidKey_UsingEntity" methodname="GuidKey_UsingEntity" classname="DapperExtensions.Test.IntegrationTests.Sqlite.TimerFixture+InsertTimes" runstate="Runnable" seed="288415947" result="Passed" start-time="2017-04-01 15:12:32Z" end-time="2017-04-01 15:12:33Z" duration="0.713678" asserts="0">
                  <output><![CDATA[SQLLite GUID insert Total Time:337.7617
SQLLite GUID insert Average Time:33.77617
]]></output>
                </test-case>
                <test-case id="1201" name="GuidKey_UsingReturnValue" fullname="DapperExtensions.Test.IntegrationTests.Sqlite.TimerFixture+InsertTimes.GuidKey_UsingReturnValue" methodname="GuidKey_UsingReturnValue" classname="DapperExtensions.Test.IntegrationTests.Sqlite.TimerFixture+InsertTimes" runstate="Runnable" seed="1713901487" result="Passed" start-time="2017-04-01 15:12:33Z" end-time="2017-04-01 15:12:33Z" duration="0.421138" asserts="0">
                  <output><![CDATA[SQLLite GUID get Total Time:267.5862
SQLLite GUID get Average Time:26.75862
]]></output>
                </test-case>
                <test-case id="1198" name="IdentityKey_UsingEntity" fullname="DapperExtensions.Test.IntegrationTests.Sqlite.TimerFixture+InsertTimes.IdentityKey_UsingEntity" methodname="IdentityKey_UsingEntity" classname="DapperExtensions.Test.IntegrationTests.Sqlite.TimerFixture+InsertTimes" runstate="Runnable" seed="1619803520" result="Passed" start-time="2017-04-01 15:12:33Z" end-time="2017-04-01 15:12:34Z" duration="0.594790" asserts="0">
                  <output><![CDATA[SQLLite  insert+identity Total Time:294.9234
SQLLite insert+identity insert SQLLite Average Time:29.49234
]]></output>
                </test-case>
                <test-case id="1199" name="IdentityKey_UsingReturnValue" fullname="DapperExtensions.Test.IntegrationTests.Sqlite.TimerFixture+InsertTimes.IdentityKey_UsingReturnValue" methodname="IdentityKey_UsingReturnValue" classname="DapperExtensions.Test.IntegrationTests.Sqlite.TimerFixture+InsertTimes" runstate="Runnable" seed="1410728771" result="Passed" start-time="2017-04-01 15:12:34Z" end-time="2017-04-01 15:12:34Z" duration="0.836436" asserts="0">
                  <output><![CDATA[SQLLite Identity insert2 Total Time:544.6476
SQLLite Identity insert2 Average Time:54.46476
]]></output>
                </test-case>
              </test-suite>
            </test-suite>
            <test-suite type="TestSuite" id="1280" name="SqlServer" fullname="DapperExtensions.Test.IntegrationTests.SqlServer" runstate="Runnable" testcasecount="55" result="Passed" start-time="2017-04-01 15:12:13Z" end-time="2017-04-01 15:12:35Z" duration="22.127222" total="55" passed="0" failed="0" inconclusive="55" skipped="0" asserts="0">
              <test-suite type="TestFixture" id="1025" name="CrudAsyncFixture" fullname="DapperExtensions.Test.IntegrationTests.SqlServer.CrudAsyncFixture" classname="DapperExtensions.Test.IntegrationTests.SqlServer.CrudAsyncFixture" runstate="Runnable" testcasecount="0" result="Passed" start-time="2017-04-01 15:12:34Z" end-time="2017-04-01 15:12:34Z" duration="0.000127" total="0" passed="0" failed="0" inconclusive="0" skipped="0" asserts="0" />
              <test-suite type="TestFixture" id="1229" name="CrudAsyncFixture+CountMethod" fullname="DapperExtensions.Test.IntegrationTests.SqlServer.CrudAsyncFixture+CountMethod" classname="DapperExtensions.Test.IntegrationTests.SqlServer.CrudAsyncFixture+CountMethod" runstate="Runnable" testcasecount="3" result="Passed" start-time="2017-04-01 15:12:34Z" end-time="2017-04-01 15:12:34Z" duration="0.110024" total="3" passed="0" failed="0" inconclusive="3" skipped="0" asserts="0">
                <test-case id="1230" name="UsingNullPredicate_Returns_Count" fullname="DapperExtensions.Test.IntegrationTests.SqlServer.CrudAsyncFixture+CountMethod.UsingNullPredicate_Returns_Count" methodname="UsingNullPredicate_Returns_Count" classname="DapperExtensions.Test.IntegrationTests.SqlServer.CrudAsyncFixture+CountMethod" runstate="Runnable" seed="211974989" result="Inconclusive" start-time="2017-04-01 15:12:34Z" end-time="2017-04-01 15:12:34Z" duration="0.096112" asserts="0">
                  <reason>
                    <message><![CDATA[There is no SQL server connection string in appsettings.json for this test project.]]></message>
                  </reason>
                </test-case>
                <test-case id="1232" name="UsingObject_Returns_Count" fullname="DapperExtensions.Test.IntegrationTests.SqlServer.CrudAsyncFixture+CountMethod.UsingObject_Returns_Count" methodname="UsingObject_Returns_Count" classname="DapperExtensions.Test.IntegrationTests.SqlServer.CrudAsyncFixture+CountMethod" runstate="Runnable" seed="1470273669" result="Inconclusive" start-time="2017-04-01 15:12:34Z" end-time="2017-04-01 15:12:34Z" duration="0.003213" asserts="0">
                  <reason>
                    <message><![CDATA[There is no SQL server connection string in appsettings.json for this test project.]]></message>
                  </reason>
                </test-case>
                <test-case id="1231" name="UsingPredicate_Returns_Count" fullname="DapperExtensions.Test.IntegrationTests.SqlServer.CrudAsyncFixture+CountMethod.UsingPredicate_Returns_Count" methodname="UsingPredicate_Returns_Count" classname="DapperExtensions.Test.IntegrationTests.SqlServer.CrudAsyncFixture+CountMethod" runstate="Runnable" seed="944725061" result="Inconclusive" start-time="2017-04-01 15:12:34Z" end-time="2017-04-01 15:12:34Z" duration="0.001280" asserts="0">
                  <reason>
                    <message><![CDATA[There is no SQL server connection string in appsettings.json for this test project.]]></message>
                  </reason>
                </test-case>
              </test-suite>
              <test-suite type="TestFixture" id="1212" name="CrudAsyncFixture+DeleteMethod" fullname="DapperExtensions.Test.IntegrationTests.SqlServer.CrudAsyncFixture+DeleteMethod" classname="DapperExtensions.Test.IntegrationTests.SqlServer.CrudAsyncFixture+DeleteMethod" runstate="Runnable" testcasecount="4" result="Passed" start-time="2017-04-01 15:12:34Z" end-time="2017-04-01 15:12:35Z" duration="0.019036" total="4" passed="0" failed="0" inconclusive="4" skipped="0" asserts="0">
                <test-case id="1214" name="UsingCompositeKey_DeletesFromDatabase" fullname="DapperExtensions.Test.IntegrationTests.SqlServer.CrudAsyncFixture+DeleteMethod.UsingCompositeKey_DeletesFromDatabase" methodname="UsingCompositeKey_DeletesFromDatabase" classname="DapperExtensions.Test.IntegrationTests.SqlServer.CrudAsyncFixture+DeleteMethod" runstate="Runnable" seed="1814000384" result="Inconclusive" start-time="2017-04-01 15:12:34Z" end-time="2017-04-01 15:12:34Z" duration="0.001245" asserts="0">
                  <reason>
                    <message><![CDATA[There is no SQL server connection string in appsettings.json for this test project.]]></message>
                  </reason>
                </test-case>
                <test-case id="1213" name="UsingKey_DeletesFromDatabase" fullname="DapperExtensions.Test.IntegrationTests.SqlServer.CrudAsyncFixture+DeleteMethod.UsingKey_DeletesFromDatabase" methodname="UsingKey_DeletesFromDatabase" classname="DapperExtensions.Test.IntegrationTests.SqlServer.CrudAsyncFixture+DeleteMethod" runstate="Runnable" seed="245430424" result="Inconclusive" start-time="2017-04-01 15:12:34Z" end-time="2017-04-01 15:12:34Z" duration="0.001312" asserts="0">
                  <reason>
                    <message><![CDATA[There is no SQL server connection string in appsettings.json for this test project.]]></message>
                  </reason>
                </test-case>
                <test-case id="1216" name="UsingObject_DeletesRows" fullname="DapperExtensions.Test.IntegrationTests.SqlServer.CrudAsyncFixture+DeleteMethod.UsingObject_DeletesRows" methodname="UsingObject_DeletesRows" classname="DapperExtensions.Test.IntegrationTests.SqlServer.CrudAsyncFixture+DeleteMethod" runstate="Runnable" seed="50594707" result="Inconclusive" start-time="2017-04-01 15:12:35Z" end-time="2017-04-01 15:12:35Z" duration="0.001075" asserts="0">
                  <reason>
                    <message><![CDATA[There is no SQL server connection string in appsettings.json for this test project.]]></message>
                  </reason>
                </test-case>
                <test-case id="1215" name="UsingPredicate_DeletesRows" fullname="DapperExtensions.Test.IntegrationTests.SqlServer.CrudAsyncFixture+DeleteMethod.UsingPredicate_DeletesRows" methodname="UsingPredicate_DeletesRows" classname="DapperExtensions.Test.IntegrationTests.SqlServer.CrudAsyncFixture+DeleteMethod" runstate="Runnable" seed="794400480" result="Inconclusive" start-time="2017-04-01 15:12:35Z" end-time="2017-04-01 15:12:35Z" duration="0.002003" asserts="0">
                  <reason>
                    <message><![CDATA[There is no SQL server connection string in appsettings.json for this test project.]]></message>
                  </reason>
                </test-case>
              </test-suite>
              <test-suite type="TestFixture" id="1220" name="CrudAsyncFixture+GetListMethod" fullname="DapperExtensions.Test.IntegrationTests.SqlServer.CrudAsyncFixture+GetListMethod" classname="DapperExtensions.Test.IntegrationTests.SqlServer.CrudAsyncFixture+GetListMethod" runstate="Runnable" testcasecount="3" result="Passed" start-time="2017-04-01 15:12:35Z" end-time="2017-04-01 15:12:35Z" duration="0.014551" total="3" passed="0" failed="0" inconclusive="3" skipped="0" asserts="0">
                <test-case id="1221" name="UsingNullPredicate_ReturnsAll" fullname="DapperExtensions.Test.IntegrationTests.SqlServer.CrudAsyncFixture+GetListMethod.UsingNullPredicate_ReturnsAll" methodname="UsingNullPredicate_ReturnsAll" classname="DapperExtensions.Test.IntegrationTests.SqlServer.CrudAsyncFixture+GetListMethod" runstate="Runnable" seed="1460216421" result="Inconclusive" start-time="2017-04-01 15:12:35Z" end-time="2017-04-01 15:12:35Z" duration="0.001118" asserts="0">
                  <reason>
                    <message><![CDATA[There is no SQL server connection string in appsettings.json for this test project.]]></message>
                  </reason>
                </test-case>
                <test-case id="1223" name="UsingObject_ReturnsMatching" fullname="DapperExtensions.Test.IntegrationTests.SqlServer.CrudAsyncFixture+GetListMethod.UsingObject_ReturnsMatching" methodname="UsingObject_ReturnsMatching" classname="DapperExtensions.Test.IntegrationTests.SqlServer.CrudAsyncFixture+GetListMethod" runstate="Runnable" seed="540237692" result="Inconclusive" start-time="2017-04-01 15:12:35Z" end-time="2017-04-01 15:12:35Z" duration="0.001998" asserts="0">
                  <reason>
                    <message><![CDATA[There is no SQL server connection string in appsettings.json for this test project.]]></message>
                  </reason>
                </test-case>
                <test-case id="1222" name="UsingPredicate_ReturnsMatching" fullname="DapperExtensions.Test.IntegrationTests.SqlServer.CrudAsyncFixture+GetListMethod.UsingPredicate_ReturnsMatching" methodname="UsingPredicate_ReturnsMatching" classname="DapperExtensions.Test.IntegrationTests.SqlServer.CrudAsyncFixture+GetListMethod" runstate="Runnable" seed="468471946" result="Inconclusive" start-time="2017-04-01 15:12:35Z" end-time="2017-04-01 15:12:35Z" duration="0.001293" asserts="0">
                  <reason>
                    <message><![CDATA[There is no SQL server connection string in appsettings.json for this test project.]]></message>
                  </reason>
                </test-case>
              </test-suite>
              <test-suite type="TestFixture" id="1209" name="CrudAsyncFixture+GetMethod" fullname="DapperExtensions.Test.IntegrationTests.SqlServer.CrudAsyncFixture+GetMethod" classname="DapperExtensions.Test.IntegrationTests.SqlServer.CrudAsyncFixture+GetMethod" runstate="Runnable" testcasecount="2" result="Passed" start-time="2017-04-01 15:12:35Z" end-time="2017-04-01 15:12:35Z" duration="0.008698" total="2" passed="0" failed="0" inconclusive="2" skipped="0" asserts="0">
                <test-case id="1211" name="UsingCompositeKey_ReturnsEntity" fullname="DapperExtensions.Test.IntegrationTests.SqlServer.CrudAsyncFixture+GetMethod.UsingCompositeKey_ReturnsEntity" methodname="UsingCompositeKey_ReturnsEntity" classname="DapperExtensions.Test.IntegrationTests.SqlServer.CrudAsyncFixture+GetMethod" runstate="Runnable" seed="2042658052" result="Inconclusive" start-time="2017-04-01 15:12:35Z" end-time="2017-04-01 15:12:35Z" duration="0.001164" asserts="0">
                  <reason>
                    <message><![CDATA[There is no SQL server connection string in appsettings.json for this test project.]]></message>
                  </reason>
                </test-case>
                <test-case id="1210" name="UsingKey_ReturnsEntity" fullname="DapperExtensions.Test.IntegrationTests.SqlServer.CrudAsyncFixture+GetMethod.UsingKey_ReturnsEntity" methodname="UsingKey_ReturnsEntity" classname="DapperExtensions.Test.IntegrationTests.SqlServer.CrudAsyncFixture+GetMethod" runstate="Runnable" seed="1844458629" result="Inconclusive" start-time="2017-04-01 15:12:35Z" end-time="2017-04-01 15:12:35Z" duration="0.001112" asserts="0">
                  <reason>
                    <message><![CDATA[There is no SQL server connection string in appsettings.json for this test project.]]></message>
                  </reason>
                </test-case>
              </test-suite>
              <test-suite type="TestFixture" id="1233" name="CrudAsyncFixture+GetMultipleMethod" fullname="DapperExtensions.Test.IntegrationTests.SqlServer.CrudAsyncFixture+GetMultipleMethod" classname="DapperExtensions.Test.IntegrationTests.SqlServer.CrudAsyncFixture+GetMultipleMethod" runstate="Runnable" testcasecount="1" result="Passed" start-time="2017-04-01 15:12:35Z" end-time="2017-04-01 15:12:35Z" duration="0.004020" total="1" passed="0" failed="0" inconclusive="1" skipped="0" asserts="0">
                <test-case id="1234" name="ReturnsItems" fullname="DapperExtensions.Test.IntegrationTests.SqlServer.CrudAsyncFixture+GetMultipleMethod.ReturnsItems" methodname="ReturnsItems" classname="DapperExtensions.Test.IntegrationTests.SqlServer.CrudAsyncFixture+GetMultipleMethod" runstate="Runnable" seed="1158030740" result="Inconclusive" start-time="2017-04-01 15:12:35Z" end-time="2017-04-01 15:12:35Z" duration="0.001180" asserts="0">
                  <reason>
                    <message><![CDATA[There is no SQL server connection string in appsettings.json for this test project.]]></message>
                  </reason>
                </test-case>
              </test-suite>
              <test-suite type="TestFixture" id="1224" name="CrudAsyncFixture+GetPageMethod" fullname="DapperExtensions.Test.IntegrationTests.SqlServer.CrudAsyncFixture+GetPageMethod" classname="DapperExtensions.Test.IntegrationTests.SqlServer.CrudAsyncFixture+GetPageMethod" runstate="Runnable" testcasecount="4" result="Passed" start-time="2017-04-01 15:12:35Z" end-time="2017-04-01 15:12:35Z" duration="0.018522" total="4" passed="0" failed="0" inconclusive="4" skipped="0" asserts="0">
                <test-case id="1227" name="NotFirstPage_Returns_NextResults" fullname="DapperExtensions.Test.IntegrationTests.SqlServer.CrudAsyncFixture+GetPageMethod.NotFirstPage_Returns_NextResults" methodname="NotFirstPage_Returns_NextResults" classname="DapperExtensions.Test.IntegrationTests.SqlServer.CrudAsyncFixture+GetPageMethod" runstate="Runnable" seed="244327693" result="Inconclusive" start-time="2017-04-01 15:12:35Z" end-time="2017-04-01 15:12:35Z" duration="0.000847" asserts="0">
                  <reason>
                    <message><![CDATA[There is no SQL server connection string in appsettings.json for this test project.]]></message>
                  </reason>
                </test-case>
                <test-case id="1225" name="UsingNullPredicate_ReturnsMatching" fullname="DapperExtensions.Test.IntegrationTests.SqlServer.CrudAsyncFixture+GetPageMethod.UsingNullPredicate_ReturnsMatching" methodname="UsingNullPredicate_ReturnsMatching" classname="DapperExtensions.Test.IntegrationTests.SqlServer.CrudAsyncFixture+GetPageMethod" runstate="Runnable" seed="44464800" result="Inconclusive" start-time="2017-04-01 15:12:35Z" end-time="2017-04-01 15:12:35Z" duration="0.003681" asserts="0">
                  <reason>
                    <message><![CDATA[There is no SQL server connection string in appsettings.json for this test project.]]></message>
                  </reason>
                </test-case>
                <test-case id="1228" name="UsingObject_ReturnsMatching" fullname="DapperExtensions.Test.IntegrationTests.SqlServer.CrudAsyncFixture+GetPageMethod.UsingObject_ReturnsMatching" methodname="UsingObject_ReturnsMatching" classname="DapperExtensions.Test.IntegrationTests.SqlServer.CrudAsyncFixture+GetPageMethod" runstate="Runnable" seed="971147053" result="Inconclusive" start-time="2017-04-01 15:12:35Z" end-time="2017-04-01 15:12:35Z" duration="0.000895" asserts="0">
                  <reason>
                    <message><![CDATA[There is no SQL server connection string in appsettings.json for this test project.]]></message>
                  </reason>
                </test-case>
                <test-case id="1226" name="UsingPredicate_ReturnsMatching" fullname="DapperExtensions.Test.IntegrationTests.SqlServer.CrudAsyncFixture+GetPageMethod.UsingPredicate_ReturnsMatching" methodname="UsingPredicate_ReturnsMatching" classname="DapperExtensions.Test.IntegrationTests.SqlServer.CrudAsyncFixture+GetPageMethod" runstate="Runnable" seed="136573636" result="Inconclusive" start-time="2017-04-01 15:12:35Z" end-time="2017-04-01 15:12:35Z" duration="0.000770" asserts="0">
                  <reason>
                    <message><![CDATA[There is no SQL server connection string in appsettings.json for this test project.]]></message>
                  </reason>
                </test-case>
              </test-suite>
              <test-suite type="TestFixture" id="1204" name="CrudAsyncFixture+InsertMethod" fullname="DapperExtensions.Test.IntegrationTests.SqlServer.CrudAsyncFixture+InsertMethod" classname="DapperExtensions.Test.IntegrationTests.SqlServer.CrudAsyncFixture+InsertMethod" runstate="Runnable" testcasecount="4" result="Passed" start-time="2017-04-01 15:12:35Z" end-time="2017-04-01 15:12:35Z" duration="0.016141" total="4" passed="0" failed="0" inconclusive="4" skipped="0" asserts="0">
                <test-case id="1206" name="AddsEntityToDatabase_ReturnsCompositeKey" fullname="DapperExtensions.Test.IntegrationTests.SqlServer.CrudAsyncFixture+InsertMethod.AddsEntityToDatabase_ReturnsCompositeKey" methodname="AddsEntityToDatabase_ReturnsCompositeKey" classname="DapperExtensions.Test.IntegrationTests.SqlServer.CrudAsyncFixture+InsertMethod" runstate="Runnable" seed="1881333321" result="Inconclusive" start-time="2017-04-01 15:12:35Z" end-time="2017-04-01 15:12:35Z" duration="0.000944" asserts="0">
                  <reason>
                    <message><![CDATA[There is no SQL server connection string in appsettings.json for this test project.]]></message>
                  </reason>
                </test-case>
                <test-case id="1207" name="AddsEntityToDatabase_ReturnsGeneratedPrimaryKey" fullname="DapperExtensions.Test.IntegrationTests.SqlServer.CrudAsyncFixture+InsertMethod.AddsEntityToDatabase_ReturnsGeneratedPrimaryKey" methodname="AddsEntityToDatabase_ReturnsGeneratedPrimaryKey" classname="DapperExtensions.Test.IntegrationTests.SqlServer.CrudAsyncFixture+InsertMethod" runstate="Runnable" seed="2033728941" result="Inconclusive" start-time="2017-04-01 15:12:35Z" end-time="2017-04-01 15:12:35Z" duration="0.000795" asserts="0">
                  <reason>
                    <message><![CDATA[There is no SQL server connection string in appsettings.json for this test project.]]></message>
                  </reason>
                </test-case>
                <test-case id="1205" name="AddsEntityToDatabase_ReturnsKey" fullname="DapperExtensions.Test.IntegrationTests.SqlServer.CrudAsyncFixture+InsertMethod.AddsEntityToDatabase_ReturnsKey" methodname="AddsEntityToDatabase_ReturnsKey" classname="DapperExtensions.Test.IntegrationTests.SqlServer.CrudAsyncFixture+InsertMethod" runstate="Runnable" seed="425407993" result="Inconclusive" start-time="2017-04-01 15:12:35Z" end-time="2017-04-01 15:12:35Z" duration="0.001088" asserts="0">
                  <reason>
                    <message><![CDATA[There is no SQL server connection string in appsettings.json for this test project.]]></message>
                  </reason>
                </test-case>
                <test-case id="1208" name="AddsMultipleEntitiesToDatabase" fullname="DapperExtensions.Test.IntegrationTests.SqlServer.CrudAsyncFixture+InsertMethod.AddsMultipleEntitiesToDatabase" methodname="AddsMultipleEntitiesToDatabase" classname="DapperExtensions.Test.IntegrationTests.SqlServer.CrudAsyncFixture+InsertMethod" runstate="Runnable" seed="499894022" result="Inconclusive" start-time="2017-04-01 15:12:35Z" end-time="2017-04-01 15:12:35Z" duration="0.000776" asserts="0">
                  <reason>
                    <message><![CDATA[There is no SQL server connection string in appsettings.json for this test project.]]></message>
                  </reason>
                </test-case>
              </test-suite>
              <test-suite type="TestFixture" id="1217" name="CrudAsyncFixture+UpdateMethod" fullname="DapperExtensions.Test.IntegrationTests.SqlServer.CrudAsyncFixture+UpdateMethod" classname="DapperExtensions.Test.IntegrationTests.SqlServer.CrudAsyncFixture+UpdateMethod" runstate="Runnable" testcasecount="2" result="Passed" start-time="2017-04-01 15:12:35Z" end-time="2017-04-01 15:12:35Z" duration="0.007550" total="2" passed="0" failed="0" inconclusive="2" skipped="0" asserts="0">
                <test-case id="1219" name="UsingCompositeKey_UpdatesEntity" fullname="DapperExtensions.Test.IntegrationTests.SqlServer.CrudAsyncFixture+UpdateMethod.UsingCompositeKey_UpdatesEntity" methodname="UsingCompositeKey_UpdatesEntity" classname="DapperExtensions.Test.IntegrationTests.SqlServer.CrudAsyncFixture+UpdateMethod" runstate="Runnable" seed="2077143357" result="Inconclusive" start-time="2017-04-01 15:12:35Z" end-time="2017-04-01 15:12:35Z" duration="0.001406" asserts="0">
                  <reason>
                    <message><![CDATA[There is no SQL server connection string in appsettings.json for this test project.]]></message>
                  </reason>
                </test-case>
                <test-case id="1218" name="UsingKey_UpdatesEntity" fullname="DapperExtensions.Test.IntegrationTests.SqlServer.CrudAsyncFixture+UpdateMethod.UsingKey_UpdatesEntity" methodname="UsingKey_UpdatesEntity" classname="DapperExtensions.Test.IntegrationTests.SqlServer.CrudAsyncFixture+UpdateMethod" runstate="Runnable" seed="2134411188" result="Inconclusive" start-time="2017-04-01 15:12:35Z" end-time="2017-04-01 15:12:35Z" duration="0.000769" asserts="0">
                  <reason>
                    <message><![CDATA[There is no SQL server connection string in appsettings.json for this test project.]]></message>
                  </reason>
                </test-case>
              </test-suite>
              <test-suite type="TestFixture" id="1026" name="CrudFixture" fullname="DapperExtensions.Test.IntegrationTests.SqlServer.CrudFixture" classname="DapperExtensions.Test.IntegrationTests.SqlServer.CrudFixture" runstate="Runnable" testcasecount="0" result="Passed" start-time="2017-04-01 15:12:35Z" end-time="2017-04-01 15:12:35Z" duration="0.000178" total="0" passed="0" failed="0" inconclusive="0" skipped="0" asserts="0" />
              <test-suite type="TestFixture" id="1260" name="CrudFixture+CountMethod" fullname="DapperExtensions.Test.IntegrationTests.SqlServer.CrudFixture+CountMethod" classname="DapperExtensions.Test.IntegrationTests.SqlServer.CrudFixture+CountMethod" runstate="Runnable" testcasecount="3" result="Passed" start-time="2017-04-01 15:12:35Z" end-time="2017-04-01 15:12:35Z" duration="0.011618" total="3" passed="0" failed="0" inconclusive="3" skipped="0" asserts="0">
                <test-case id="1261" name="UsingNullPredicate_Returns_Count" fullname="DapperExtensions.Test.IntegrationTests.SqlServer.CrudFixture+CountMethod.UsingNullPredicate_Returns_Count" methodname="UsingNullPredicate_Returns_Count" classname="DapperExtensions.Test.IntegrationTests.SqlServer.CrudFixture+CountMethod" runstate="Runnable" seed="360597785" result="Inconclusive" start-time="2017-04-01 15:12:35Z" end-time="2017-04-01 15:12:35Z" duration="0.001310" asserts="0">
                  <reason>
                    <message><![CDATA[There is no SQL server connection string in appsettings.json for this test project.]]></message>
                  </reason>
                </test-case>
                <test-case id="1263" name="UsingObject_Returns_Count" fullname="DapperExtensions.Test.IntegrationTests.SqlServer.CrudFixture+CountMethod.UsingObject_Returns_Count" methodname="UsingObject_Returns_Count" classname="DapperExtensions.Test.IntegrationTests.SqlServer.CrudFixture+CountMethod" runstate="Runnable" seed="1388269736" result="Inconclusive" start-time="2017-04-01 15:12:35Z" end-time="2017-04-01 15:12:35Z" duration="0.000724" asserts="0">
                  <reason>
                    <message><![CDATA[There is no SQL server connection string in appsettings.json for this test project.]]></message>
                  </reason>
                </test-case>
                <test-case id="1262" name="UsingPredicate_Returns_Count" fullname="DapperExtensions.Test.IntegrationTests.SqlServer.CrudFixture+CountMethod.UsingPredicate_Returns_Count" methodname="UsingPredicate_Returns_Count" classname="DapperExtensions.Test.IntegrationTests.SqlServer.CrudFixture+CountMethod" runstate="Runnable" seed="2006560758" result="Inconclusive" start-time="2017-04-01 15:12:35Z" end-time="2017-04-01 15:12:35Z" duration="0.000957" asserts="0">
                  <reason>
                    <message><![CDATA[There is no SQL server connection string in appsettings.json for this test project.]]></message>
                  </reason>
                </test-case>
              </test-suite>
              <test-suite type="TestFixture" id="1243" name="CrudFixture+DeleteMethod" fullname="DapperExtensions.Test.IntegrationTests.SqlServer.CrudFixture+DeleteMethod" classname="DapperExtensions.Test.IntegrationTests.SqlServer.CrudFixture+DeleteMethod" runstate="Runnable" testcasecount="4" result="Passed" start-time="2017-04-01 15:12:35Z" end-time="2017-04-01 15:12:35Z" duration="0.014995" total="4" passed="0" failed="0" inconclusive="4" skipped="0" asserts="0">
                <test-case id="1245" name="UsingCompositeKey_DeletesFromDatabase" fullname="DapperExtensions.Test.IntegrationTests.SqlServer.CrudFixture+DeleteMethod.UsingCompositeKey_DeletesFromDatabase" methodname="UsingCompositeKey_DeletesFromDatabase" classname="DapperExtensions.Test.IntegrationTests.SqlServer.CrudFixture+DeleteMethod" runstate="Runnable" seed="825442874" result="Inconclusive" start-time="2017-04-01 15:12:35Z" end-time="2017-04-01 15:12:35Z" duration="0.000940" asserts="0">
                  <reason>
                    <message><![CDATA[There is no SQL server connection string in appsettings.json for this test project.]]></message>
                  </reason>
                </test-case>
                <test-case id="1244" name="UsingKey_DeletesFromDatabase" fullname="DapperExtensions.Test.IntegrationTests.SqlServer.CrudFixture+DeleteMethod.UsingKey_DeletesFromDatabase" methodname="UsingKey_DeletesFromDatabase" classname="DapperExtensions.Test.IntegrationTests.SqlServer.CrudFixture+DeleteMethod" runstate="Runnable" seed="106211510" result="Inconclusive" start-time="2017-04-01 15:12:35Z" end-time="2017-04-01 15:12:35Z" duration="0.000937" asserts="0">
                  <reason>
                    <message><![CDATA[There is no SQL server connection string in appsettings.json for this test project.]]></message>
                  </reason>
                </test-case>
                <test-case id="1247" name="UsingObject_DeletesRows" fullname="DapperExtensions.Test.IntegrationTests.SqlServer.CrudFixture+DeleteMethod.UsingObject_DeletesRows" methodname="UsingObject_DeletesRows" classname="DapperExtensions.Test.IntegrationTests.SqlServer.CrudFixture+DeleteMethod" runstate="Runnable" seed="981585350" result="Inconclusive" start-time="2017-04-01 15:12:35Z" end-time="2017-04-01 15:12:35Z" duration="0.000759" asserts="0">
                  <reason>
                    <message><![CDATA[There is no SQL server connection string in appsettings.json for this test project.]]></message>
                  </reason>
                </test-case>
                <test-case id="1246" name="UsingPredicate_DeletesRows" fullname="DapperExtensions.Test.IntegrationTests.SqlServer.CrudFixture+DeleteMethod.UsingPredicate_DeletesRows" methodname="UsingPredicate_DeletesRows" classname="DapperExtensions.Test.IntegrationTests.SqlServer.CrudFixture+DeleteMethod" runstate="Runnable" seed="957759240" result="Inconclusive" start-time="2017-04-01 15:12:35Z" end-time="2017-04-01 15:12:35Z" duration="0.000691" asserts="0">
                  <reason>
                    <message><![CDATA[There is no SQL server connection string in appsettings.json for this test project.]]></message>
                  </reason>
                </test-case>
              </test-suite>
              <test-suite type="TestFixture" id="1251" name="CrudFixture+GetListMethod" fullname="DapperExtensions.Test.IntegrationTests.SqlServer.CrudFixture+GetListMethod" classname="DapperExtensions.Test.IntegrationTests.SqlServer.CrudFixture+GetListMethod" runstate="Runnable" testcasecount="3" result="Passed" start-time="2017-04-01 15:12:35Z" end-time="2017-04-01 15:12:35Z" duration="0.011514" total="3" passed="0" failed="0" inconclusive="3" skipped="0" asserts="0">
                <test-case id="1252" name="UsingNullPredicate_ReturnsAll" fullname="DapperExtensions.Test.IntegrationTests.SqlServer.CrudFixture+GetListMethod.UsingNullPredicate_ReturnsAll" methodname="UsingNullPredicate_ReturnsAll" classname="DapperExtensions.Test.IntegrationTests.SqlServer.CrudFixture+GetListMethod" runstate="Runnable" seed="1053127538" result="Inconclusive" start-time="2017-04-01 15:12:35Z" end-time="2017-04-01 15:12:35Z" duration="0.000947" asserts="0">
                  <reason>
                    <message><![CDATA[There is no SQL server connection string in appsettings.json for this test project.]]></message>
                  </reason>
                </test-case>
                <test-case id="1254" name="UsingObject_ReturnsMatching" fullname="DapperExtensions.Test.IntegrationTests.SqlServer.CrudFixture+GetListMethod.UsingObject_ReturnsMatching" methodname="UsingObject_ReturnsMatching" classname="DapperExtensions.Test.IntegrationTests.SqlServer.CrudFixture+GetListMethod" runstate="Runnable" seed="2124663262" result="Inconclusive" start-time="2017-04-01 15:12:35Z" end-time="2017-04-01 15:12:35Z" duration="0.001428" asserts="0">
                  <reason>
                    <message><![CDATA[There is no SQL server connection string in appsettings.json for this test project.]]></message>
                  </reason>
                </test-case>
                <test-case id="1253" name="UsingPredicate_ReturnsMatching" fullname="DapperExtensions.Test.IntegrationTests.SqlServer.CrudFixture+GetListMethod.UsingPredicate_ReturnsMatching" methodname="UsingPredicate_ReturnsMatching" classname="DapperExtensions.Test.IntegrationTests.SqlServer.CrudFixture+GetListMethod" runstate="Runnable" seed="2082834940" result="Inconclusive" start-time="2017-04-01 15:12:35Z" end-time="2017-04-01 15:12:35Z" duration="0.000808" asserts="0">
                  <reason>
                    <message><![CDATA[There is no SQL server connection string in appsettings.json for this test project.]]></message>
                  </reason>
                </test-case>
              </test-suite>
              <test-suite type="TestFixture" id="1240" name="CrudFixture+GetMethod" fullname="DapperExtensions.Test.IntegrationTests.SqlServer.CrudFixture+GetMethod" classname="DapperExtensions.Test.IntegrationTests.SqlServer.CrudFixture+GetMethod" runstate="Runnable" testcasecount="2" result="Passed" start-time="2017-04-01 15:12:35Z" end-time="2017-04-01 15:12:35Z" duration="0.007510" total="2" passed="0" failed="0" inconclusive="2" skipped="0" asserts="0">
                <test-case id="1242" name="UsingCompositeKey_ReturnsEntity" fullname="DapperExtensions.Test.IntegrationTests.SqlServer.CrudFixture+GetMethod.UsingCompositeKey_ReturnsEntity" methodname="UsingCompositeKey_ReturnsEntity" classname="DapperExtensions.Test.IntegrationTests.SqlServer.CrudFixture+GetMethod" runstate="Runnable" seed="121598951" result="Inconclusive" start-time="2017-04-01 15:12:35Z" end-time="2017-04-01 15:12:35Z" duration="0.000752" asserts="0">
                  <reason>
                    <message><![CDATA[There is no SQL server connection string in appsettings.json for this test project.]]></message>
                  </reason>
                </test-case>
                <test-case id="1241" name="UsingKey_ReturnsEntity" fullname="DapperExtensions.Test.IntegrationTests.SqlServer.CrudFixture+GetMethod.UsingKey_ReturnsEntity" methodname="UsingKey_ReturnsEntity" classname="DapperExtensions.Test.IntegrationTests.SqlServer.CrudFixture+GetMethod" runstate="Runnable" seed="1566149247" result="Inconclusive" start-time="2017-04-01 15:12:35Z" end-time="2017-04-01 15:12:35Z" duration="0.000851" asserts="0">
                  <reason>
                    <message><![CDATA[There is no SQL server connection string in appsettings.json for this test project.]]></message>
                  </reason>
                </test-case>
              </test-suite>
              <test-suite type="TestFixture" id="1264" name="CrudFixture+GetMultipleMethod" fullname="DapperExtensions.Test.IntegrationTests.SqlServer.CrudFixture+GetMultipleMethod" classname="DapperExtensions.Test.IntegrationTests.SqlServer.CrudFixture+GetMultipleMethod" runstate="Runnable" testcasecount="1" result="Passed" start-time="2017-04-01 15:12:35Z" end-time="2017-04-01 15:12:35Z" duration="0.003494" total="1" passed="0" failed="0" inconclusive="1" skipped="0" asserts="0">
                <test-case id="1265" name="ReturnsItems" fullname="DapperExtensions.Test.IntegrationTests.SqlServer.CrudFixture+GetMultipleMethod.ReturnsItems" methodname="ReturnsItems" classname="DapperExtensions.Test.IntegrationTests.SqlServer.CrudFixture+GetMultipleMethod" runstate="Runnable" seed="1694102398" result="Inconclusive" start-time="2017-04-01 15:12:35Z" end-time="2017-04-01 15:12:35Z" duration="0.000690" asserts="0">
                  <reason>
                    <message><![CDATA[There is no SQL server connection string in appsettings.json for this test project.]]></message>
                  </reason>
                </test-case>
              </test-suite>
              <test-suite type="TestFixture" id="1255" name="CrudFixture+GetPageMethod" fullname="DapperExtensions.Test.IntegrationTests.SqlServer.CrudFixture+GetPageMethod" classname="DapperExtensions.Test.IntegrationTests.SqlServer.CrudFixture+GetPageMethod" runstate="Runnable" testcasecount="4" result="Passed" start-time="2017-04-01 15:12:35Z" end-time="2017-04-01 15:12:35Z" duration="0.026095" total="4" passed="0" failed="0" inconclusive="4" skipped="0" asserts="0">
                <test-case id="1258" name="NotFirstPage_Returns_NextResults" fullname="DapperExtensions.Test.IntegrationTests.SqlServer.CrudFixture+GetPageMethod.NotFirstPage_Returns_NextResults" methodname="NotFirstPage_Returns_NextResults" classname="DapperExtensions.Test.IntegrationTests.SqlServer.CrudFixture+GetPageMethod" runstate="Runnable" seed="1204039786" result="Inconclusive" start-time="2017-04-01 15:12:35Z" end-time="2017-04-01 15:12:35Z" duration="0.003258" asserts="0">
                  <reason>
                    <message><![CDATA[There is no SQL server connection string in appsettings.json for this test project.]]></message>
                  </reason>
                </test-case>
                <test-case id="1256" name="UsingNullPredicate_ReturnsMatching" fullname="DapperExtensions.Test.IntegrationTests.SqlServer.CrudFixture+GetPageMethod.UsingNullPredicate_ReturnsMatching" methodname="UsingNullPredicate_ReturnsMatching" classname="DapperExtensions.Test.IntegrationTests.SqlServer.CrudFixture+GetPageMethod" runstate="Runnable" seed="508725728" result="Inconclusive" start-time="2017-04-01 15:12:35Z" end-time="2017-04-01 15:12:35Z" duration="0.003512" asserts="0">
                  <reason>
                    <message><![CDATA[There is no SQL server connection string in appsettings.json for this test project.]]></message>
                  </reason>
                </test-case>
[...]
              <test-case id="1063" name="ContainsQuotes_DoesNotAddExtraQuotes" fullname="DapperExtensions.Test.Sql.SqlDialectBaseFixture+GetTableNameMethod.ContainsQuotes_DoesNotAddExtraQuotes" methodname="ContainsQuotes_DoesNotAddExtraQuotes" classname="DapperExtensions.Test.Sql.SqlDialectBaseFixture+GetTableNameMethod" runstate="Runnable" seed="1376236627" result="Passed" start-time="2017-04-01 15:12:35Z" end-time="2017-04-01 15:12:35Z" duration="0.000479" asserts="1" />
              <test-case id="1059" name="EmptyTableName_ThrowsException" fullname="DapperExtensions.Test.Sql.SqlDialectBaseFixture+GetTableNameMethod.EmptyTableName_ThrowsException" methodname="EmptyTableName_ThrowsException" classname="DapperExtensions.Test.Sql.SqlDialectBaseFixture+GetTableNameMethod" runstate="Runnable" seed="1106289792" result="Passed" start-time="2017-04-01 15:12:35Z" end-time="2017-04-01 15:12:35Z" duration="0.000429" asserts="3" />
              <test-case id="1058" name="NullTableName_ThrowsException" fullname="DapperExtensions.Test.Sql.SqlDialectBaseFixture+GetTableNameMethod.NullTableName_ThrowsException" methodname="NullTableName_ThrowsException" classname="DapperExtensions.Test.Sql.SqlDialectBaseFixture+GetTableNameMethod" runstate="Runnable" seed="51876912" result="Passed" start-time="2017-04-01 15:12:35Z" end-time="2017-04-01 15:12:35Z" duration="0.000531" asserts="3" />
              <test-case id="1061" name="SchemaAndTable_ReturnsProperlyQuoted" fullname="DapperExtensions.Test.Sql.SqlDialectBaseFixture+GetTableNameMethod.SchemaAndTable_ReturnsProperlyQuoted" methodname="SchemaAndTable_ReturnsProperlyQuoted" classname="DapperExtensions.Test.Sql.SqlDialectBaseFixture+GetTableNameMethod" runstate="Runnable" seed="986612226" result="Passed" start-time="2017-04-01 15:12:35Z" end-time="2017-04-01 15:12:35Z" duration="0.000185" asserts="1" />
              <test-case id="1060" name="TableNameOnly_ReturnsProperlyQuoted" fullname="DapperExtensions.Test.Sql.SqlDialectBaseFixture+GetTableNameMethod.TableNameOnly_ReturnsProperlyQuoted" methodname="TableNameOnly_ReturnsProperlyQuoted" classname="DapperExtensions.Test.Sql.SqlDialectBaseFixture+GetTableNameMethod" runstate="Runnable" seed="1533784463" result="Passed" start-time="2017-04-01 15:12:35Z" end-time="2017-04-01 15:12:35Z" duration="0.000313" asserts="1" />
            </test-suite>
            <test-suite type="TestFixture" id="1043" name="SqlDialectBaseFixture+IsQuotedMethod" fullname="DapperExtensions.Test.Sql.SqlDialectBaseFixture+IsQuotedMethod" classname="DapperExtensions.Test.Sql.SqlDialectBaseFixture+IsQuotedMethod" runstate="Runnable" testcasecount="3" result="Passed" start-time="2017-04-01 15:12:35Z" end-time="2017-04-01 15:12:35Z" duration="0.008952" total="3" passed="3" failed="0" inconclusive="0" skipped="0" asserts="3">
              <test-case id="1046" name="WithOnlyCloseQuotes_ReturnsFalse" fullname="DapperExtensions.Test.Sql.SqlDialectBaseFixture+IsQuotedMethod.WithOnlyCloseQuotes_ReturnsFalse" methodname="WithOnlyCloseQuotes_ReturnsFalse" classname="DapperExtensions.Test.Sql.SqlDialectBaseFixture+IsQuotedMethod" runstate="Runnable" seed="1182929743" result="Passed" start-time="2017-04-01 15:12:35Z" end-time="2017-04-01 15:12:35Z" duration="0.000140" asserts="1" />
              <test-case id="1045" name="WithOnlyStartQuotes_ReturnsFalse" fullname="DapperExtensions.Test.Sql.SqlDialectBaseFixture+IsQuotedMethod.WithOnlyStartQuotes_ReturnsFalse" methodname="WithOnlyStartQuotes_ReturnsFalse" classname="DapperExtensions.Test.Sql.SqlDialectBaseFixture+IsQuotedMethod" runstate="Runnable" seed="777230140" result="Passed" start-time="2017-04-01 15:12:35Z" end-time="2017-04-01 15:12:35Z" duration="0.000198" asserts="1" />
              <test-case id="1044" name="WithQuotes_ReturnsTrue" fullname="DapperExtensions.Test.Sql.SqlDialectBaseFixture+IsQuotedMethod.WithQuotes_ReturnsTrue" methodname="WithQuotes_ReturnsTrue" classname="DapperExtensions.Test.Sql.SqlDialectBaseFixture+IsQuotedMethod" runstate="Runnable" seed="222566791" result="Passed" start-time="2017-04-01 15:12:35Z" end-time="2017-04-01 15:12:35Z" duration="0.000281" asserts="1" />
            </test-suite>
            <test-suite type="TestFixture" id="1041" name="SqlDialectBaseFixture+Properties" fullname="DapperExtensions.Test.Sql.SqlDialectBaseFixture+Properties" classname="DapperExtensions.Test.Sql.SqlDialectBaseFixture+Properties" runstate="Runnable" testcasecount="1" result="Passed" start-time="2017-04-01 15:12:35Z" end-time="2017-04-01 15:12:35Z" duration="0.003007" total="1" passed="1" failed="0" inconclusive="0" skipped="0" asserts="5">
              <test-case id="1042" name="CheckSettings" fullname="DapperExtensions.Test.Sql.SqlDialectBaseFixture+Properties.CheckSettings" methodname="CheckSettings" classname="DapperExtensions.Test.Sql.SqlDialectBaseFixture+Properties" runstate="Runnable" seed="1714491720" result="Passed" start-time="2017-04-01 15:12:35Z" end-time="2017-04-01 15:12:35Z" duration="0.000393" asserts="5" />
            </test-suite>
            <test-suite type="TestFixture" id="1047" name="SqlDialectBaseFixture+QuoteStringMethod" fullname="DapperExtensions.Test.Sql.SqlDialectBaseFixture+QuoteStringMethod" classname="DapperExtensions.Test.Sql.SqlDialectBaseFixture+QuoteStringMethod" runstate="Runnable" testcasecount="4" result="Passed" start-time="2017-04-01 15:12:35Z" end-time="2017-04-01 15:12:35Z" duration="0.012466" total="4" passed="4" failed="0" inconclusive="0" skipped="0" asserts="4">
              <test-case id="1051" name="WithBothQuote_DoesNotAddQuotes" fullname="DapperExtensions.Test.Sql.SqlDialectBaseFixture+QuoteStringMethod.WithBothQuote_DoesNotAddQuotes" methodname="WithBothQuote_DoesNotAddQuotes" classname="DapperExtensions.Test.Sql.SqlDialectBaseFixture+QuoteStringMethod" runstate="Runnable" seed="1350213460" result="Passed" start-time="2017-04-01 15:12:35Z" end-time="2017-04-01 15:12:35Z" duration="0.000172" asserts="1" />
              <test-case id="1050" name="WithCloseQuote_AddsQuotes" fullname="DapperExtensions.Test.Sql.SqlDialectBaseFixture+QuoteStringMethod.WithCloseQuote_AddsQuotes" methodname="WithCloseQuote_AddsQuotes" classname="DapperExtensions.Test.Sql.SqlDialectBaseFixture+QuoteStringMethod" runstate="Runnable" seed="248377874" result="Passed" start-time="2017-04-01 15:12:35Z" end-time="2017-04-01 15:12:35Z" duration="0.000171" asserts="1" />
              <test-case id="1048" name="WithNoQuotes_AddsQuotes" fullname="DapperExtensions.Test.Sql.SqlDialectBaseFixture+QuoteStringMethod.WithNoQuotes_AddsQuotes" methodname="WithNoQuotes_AddsQuotes" classname="DapperExtensions.Test.Sql.SqlDialectBaseFixture+QuoteStringMethod" runstate="Runnable" seed="291835716" result="Passed" start-time="2017-04-01 15:12:35Z" end-time="2017-04-01 15:12:35Z" duration="0.000213" asserts="1" />
              <test-case id="1049" name="WithStartQuote_AddsQuotes" fullname="DapperExtensions.Test.Sql.SqlDialectBaseFixture+QuoteStringMethod.WithStartQuote_AddsQuotes" methodname="WithStartQuote_AddsQuotes" classname="DapperExtensions.Test.Sql.SqlDialectBaseFixture+QuoteStringMethod" runstate="Runnable" seed="1084438436" result="Passed" start-time="2017-04-01 15:12:35Z" end-time="2017-04-01 15:12:35Z" duration="0.000182" asserts="1" />
            </test-suite>
            <test-suite type="TestFixture" id="1052" name="SqlDialectBaseFixture+UnQuoteStringMethod" fullname="DapperExtensions.Test.Sql.SqlDialectBaseFixture+UnQuoteStringMethod" classname="DapperExtensions.Test.Sql.SqlDialectBaseFixture+UnQuoteStringMethod" runstate="Runnable" testcasecount="4" result="Passed" start-time="2017-04-01 15:12:35Z" end-time="2017-04-01 15:12:35Z" duration="0.012506" total="4" passed="4" failed="0" inconclusive="0" skipped="0" asserts="4">
              <test-case id="1056" name="WithBothQuote_DoesNotAddQuotes" fullname="DapperExtensions.Test.Sql.SqlDialectBaseFixture+UnQuoteStringMethod.WithBothQuote_DoesNotAddQuotes" methodname="WithBothQuote_DoesNotAddQuotes" classname="DapperExtensions.Test.Sql.SqlDialectBaseFixture+UnQuoteStringMethod" runstate="Runnable" seed="20231769" result="Passed" start-time="2017-04-01 15:12:35Z" end-time="2017-04-01 15:12:35Z" duration="0.000302" asserts="1" />
              <test-case id="1055" name="WithCloseQuote_AddsQuotes" fullname="DapperExtensions.Test.Sql.SqlDialectBaseFixture+UnQuoteStringMethod.WithCloseQuote_AddsQuotes" methodname="WithCloseQuote_AddsQuotes" classname="DapperExtensions.Test.Sql.SqlDialectBaseFixture+UnQuoteStringMethod" runstate="Runnable" seed="154351235" result="Passed" start-time="2017-04-01 15:12:35Z" end-time="2017-04-01 15:12:35Z" duration="0.000180" asserts="1" />
              <test-case id="1053" name="WithNoQuotes_AddsQuotes" fullname="DapperExtensions.Test.Sql.SqlDialectBaseFixture+UnQuoteStringMethod.WithNoQuotes_AddsQuotes" methodname="WithNoQuotes_AddsQuotes" classname="DapperExtensions.Test.Sql.SqlDialectBaseFixture+UnQuoteStringMethod" runstate="Runnable" seed="1136638983" result="Passed" start-time="2017-04-01 15:12:35Z" end-time="2017-04-01 15:12:35Z" duration="0.000249" asserts="1" />
              <test-case id="1054" name="WithStartQuote_AddsQuotes" fullname="DapperExtensions.Test.Sql.SqlDialectBaseFixture+UnQuoteStringMethod.WithStartQuote_AddsQuotes" methodname="WithStartQuote_AddsQuotes" classname="DapperExtensions.Test.Sql.SqlDialectBaseFixture+UnQuoteStringMethod" runstate="Runnable" seed="467681504" result="Passed" start-time="2017-04-01 15:12:35Z" end-time="2017-04-01 15:12:35Z" duration="0.000274" asserts="1" />
            </test-suite>
            <test-suite type="TestFixture" id="1002" name="SqliteDialectFixture" fullname="DapperExtensions.Test.Sql.SqliteDialectFixture" classname="DapperExtensions.Test.Sql.SqliteDialectFixture" runstate="Runnable" testcasecount="0" result="Passed" start-time="2017-04-01 15:12:35Z" end-time="2017-04-01 15:12:35Z" duration="0.000069" total="0" passed="0" failed="0" inconclusive="0" skipped="0" asserts="0" />
            <test-suite type="TestFixture" id="1086" name="SqliteDialectFixture+GetPagingSqlMethod" fullname="DapperExtensions.Test.Sql.SqliteDialectFixture+GetPagingSqlMethod" classname="DapperExtensions.Test.Sql.SqliteDialectFixture+GetPagingSqlMethod" runstate="Runnable" testcasecount="4" result="Passed" start-time="2017-04-01 15:12:35Z" end-time="2017-04-01 15:12:35Z" duration="0.013550" total="4" passed="4" failed="0" inconclusive="0" skipped="0" asserts="13">
              <test-case id="1088" name="EmptySql_ThrowsException" fullname="DapperExtensions.Test.Sql.SqliteDialectFixture+GetPagingSqlMethod.EmptySql_ThrowsException" methodname="EmptySql_ThrowsException" classname="DapperExtensions.Test.Sql.SqliteDialectFixture+GetPagingSqlMethod" runstate="Runnable" seed="2143226414" result="Passed" start-time="2017-04-01 15:12:35Z" end-time="2017-04-01 15:12:35Z" duration="0.000486" asserts="3" />
              <test-case id="1089" name="NullParameters_ThrowsException" fullname="DapperExtensions.Test.Sql.SqliteDialectFixture+GetPagingSqlMethod.NullParameters_ThrowsException" methodname="NullParameters_ThrowsException" classname="DapperExtensions.Test.Sql.SqliteDialectFixture+GetPagingSqlMethod" runstate="Runnable" seed="447651634" result="Passed" start-time="2017-04-01 15:12:35Z" end-time="2017-04-01 15:12:35Z" duration="0.000457" asserts="3" />
              <test-case id="1087" name="NullSql_ThrowsException" fullname="DapperExtensions.Test.Sql.SqliteDialectFixture+GetPagingSqlMethod.NullSql_ThrowsException" methodname="NullSql_ThrowsException" classname="DapperExtensions.Test.Sql.SqliteDialectFixture+GetPagingSqlMethod" runstate="Runnable" seed="1411378133" result="Passed" start-time="2017-04-01 15:12:35Z" end-time="2017-04-01 15:12:35Z" duration="0.000459" asserts="3" />
              <test-case id="1090" name="Select_ReturnsSql" fullname="DapperExtensions.Test.Sql.SqliteDialectFixture+GetPagingSqlMethod.Select_ReturnsSql" methodname="Select_ReturnsSql" classname="DapperExtensions.Test.Sql.SqliteDialectFixture+GetPagingSqlMethod" runstate="Runnable" seed="1484949176" result="Passed" start-time="2017-04-01 15:12:35Z" end-time="2017-04-01 15:12:35Z" duration="0.000458" asserts="4" />
            </test-suite>
            <test-suite type="TestFixture" id="1084" name="SqliteDialectFixture+Properties" fullname="DapperExtensions.Test.Sql.SqliteDialectFixture+Properties" classname="DapperExtensions.Test.Sql.SqliteDialectFixture+Properties" runstate="Runnable" testcasecount="1" result="Passed" start-time="2017-04-01 15:12:35Z" end-time="2017-04-01 15:12:35Z" duration="0.002977" total="1" passed="1" failed="0" inconclusive="0" skipped="0" asserts="5">
              <test-case id="1085" name="CheckSettings" fullname="DapperExtensions.Test.Sql.SqliteDialectFixture+Properties.CheckSettings" methodname="CheckSettings" classname="DapperExtensions.Test.Sql.SqliteDialectFixture+Properties" runstate="Runnable" seed="825854045" result="Passed" start-time="2017-04-01 15:12:35Z" end-time="2017-04-01 15:12:35Z" duration="0.000341" asserts="5" />
            </test-suite>
            <test-suite type="TestFixture" id="1001" name="SqlServerDialectFixture" fullname="DapperExtensions.Test.Sql.SqlServerDialectFixture" classname="DapperExtensions.Test.Sql.SqlServerDialectFixture" runstate="Runnable" testcasecount="0" result="Passed" start-time="2017-04-01 15:12:35Z" end-time="2017-04-01 15:12:35Z" duration="0.000170" total="0" passed="0" failed="0" inconclusive="0" skipped="0" asserts="0" />
            <test-suite type="TestFixture" id="1080" name="SqlServerDialectFixture+GetOrderByClauseMethod" fullname="DapperExtensions.Test.Sql.SqlServerDialectFixture+GetOrderByClauseMethod" classname="DapperExtensions.Test.Sql.SqlServerDialectFixture+GetOrderByClauseMethod" runstate="Runnable" testcasecount="3" result="Passed" start-time="2017-04-01 15:12:35Z" end-time="2017-04-01 15:12:35Z" duration="0.010024" total="3" passed="3" failed="0" inconclusive="0" skipped="0" asserts="3">
              <test-case id="1081" name="NoOrderBy_Returns" fullname="DapperExtensions.Test.Sql.SqlServerDialectFixture+GetOrderByClauseMethod.NoOrderBy_Returns" methodname="NoOrderBy_Returns" classname="DapperExtensions.Test.Sql.SqlServerDialectFixture+GetOrderByClauseMethod" runstate="Runnable" seed="1174460091" result="Passed" start-time="2017-04-01 15:12:35Z" end-time="2017-04-01 15:12:35Z" duration="0.000637" asserts="1" />
              <test-case id="1082" name="OrderBy_ReturnsItemsAfterClause" fullname="DapperExtensions.Test.Sql.SqlServerDialectFixture+GetOrderByClauseMethod.OrderBy_ReturnsItemsAfterClause" methodname="OrderBy_ReturnsItemsAfterClause" classname="DapperExtensions.Test.Sql.SqlServerDialectFixture+GetOrderByClauseMethod" runstate="Runnable" seed="1386820666" result="Passed" start-time="2017-04-01 15:12:35Z" end-time="2017-04-01 15:12:35Z" duration="0.000261" asserts="1" />
              <test-case id="1083" name="OrderByWithWhere_ReturnsOnlyOrderBy" fullname="DapperExtensions.Test.Sql.SqlServerDialectFixture+GetOrderByClauseMethod.OrderByWithWhere_ReturnsOnlyOrderBy" methodname="OrderByWithWhere_ReturnsOnlyOrderBy" classname="DapperExtensions.Test.Sql.SqlServerDialectFixture+GetOrderByClauseMethod" runstate="Runnable" seed="1549587246" result="Passed" start-time="2017-04-01 15:12:35Z" end-time="2017-04-01 15:12:35Z" duration="0.000337" asserts="1" />
            </test-suite>
            <test-suite type="TestFixture" id="1073" name="SqlServerDialectFixture+GetPagingSqlMethod" fullname="DapperExtensions.Test.Sql.SqlServerDialectFixture+GetPagingSqlMethod" classname="DapperExtensions.Test.Sql.SqlServerDialectFixture+GetPagingSqlMethod" runstate="Runnable" testcasecount="6" result="Passed" start-time="2017-04-01 15:12:35Z" end-time="2017-04-01 15:12:35Z" duration="0.022438" total="6" passed="6" failed="0" inconclusive="0" skipped="0" asserts="18">
              <test-case id="1075" name="EmptySql_ThrowsException" fullname="DapperExtensions.Test.Sql.SqlServerDialectFixture+GetPagingSqlMethod.EmptySql_ThrowsException" methodname="EmptySql_ThrowsException" classname="DapperExtensions.Test.Sql.SqlServerDialectFixture+GetPagingSqlMethod" runstate="Runnable" seed="176202591" result="Passed" start-time="2017-04-01 15:12:35Z" end-time="2017-04-01 15:12:35Z" duration="0.001410" asserts="3" />
              <test-case id="1076" name="NullParameters_ThrowsException" fullname="DapperExtensions.Test.Sql.SqlServerDialectFixture+GetPagingSqlMethod.NullParameters_ThrowsException" methodname="NullParameters_ThrowsException" classname="DapperExtensions.Test.Sql.SqlServerDialectFixture+GetPagingSqlMethod" runstate="Runnable" seed="1305638358" result="Passed" start-time="2017-04-01 15:12:35Z" end-time="2017-04-01 15:12:35Z" duration="0.000454" asserts="3" />
              <test-case id="1074" name="NullSql_ThrowsException" fullname="DapperExtensions.Test.Sql.SqlServerDialectFixture+GetPagingSqlMethod.NullSql_ThrowsException" methodname="NullSql_ThrowsException" classname="DapperExtensions.Test.Sql.SqlServerDialectFixture+GetPagingSqlMethod" runstate="Runnable" seed="227722700" result="Passed" start-time="2017-04-01 15:12:35Z" end-time="2017-04-01 15:12:35Z" duration="0.000523" asserts="3" />
              <test-case id="1077" name="Select_ReturnsSql" fullname="DapperExtensions.Test.Sql.SqlServerDialectFixture+GetPagingSqlMethod.Select_ReturnsSql" methodname="Select_ReturnsSql" classname="DapperExtensions.Test.Sql.SqlServerDialectFixture+GetPagingSqlMethod" runstate="Runnable" seed="2078369783" result="Passed" start-time="2017-04-01 15:12:35Z" end-time="2017-04-01 15:12:35Z" duration="0.001536" asserts="3" />
              <test-case id="1078" name="SelectDistinct_ReturnsSql" fullname="DapperExtensions.Test.Sql.SqlServerDialectFixture+GetPagingSqlMethod.SelectDistinct_ReturnsSql" methodname="SelectDistinct_ReturnsSql" classname="DapperExtensions.Test.Sql.SqlServerDialectFixture+GetPagingSqlMethod" runstate="Runnable" seed="885108563" result="Passed" start-time="2017-04-01 15:12:35Z" end-time="2017-04-01 15:12:35Z" duration="0.000407" asserts="3" />
              <test-case id="1079" name="SelectOrderBy_ReturnsSql" fullname="DapperExtensions.Test.Sql.SqlServerDialectFixture+GetPagingSqlMethod.SelectOrderBy_ReturnsSql" methodname="SelectOrderBy_ReturnsSql" classname="DapperExtensions.Test.Sql.SqlServerDialectFixture+GetPagingSqlMethod" runstate="Runnable" seed="370515792" result="Passed" start-time="2017-04-01 15:12:35Z" end-time="2017-04-01 15:12:35Z" duration="0.000332" asserts="3" />
            </test-suite>
            <test-suite type="TestFixture" id="1071" name="SqlServerDialectFixture+Properties" fullname="DapperExtensions.Test.Sql.SqlServerDialectFixture+Properties" classname="DapperExtensions.Test.Sql.SqlServerDialectFixture+Properties" runstate="Runnable" testcasecount="1" result="Passed" start-time="2017-04-01 15:12:35Z" end-time="2017-04-01 15:12:35Z" duration="0.003985" total="1" passed="1" failed="0" inconclusive="0" skipped="0" asserts="5">
              <test-case id="1072" name="CheckSettings" fullname="DapperExtensions.Test.Sql.SqlServerDialectFixture+Properties.CheckSettings" methodname="CheckSettings" classname="DapperExtensions.Test.Sql.SqlServerDialectFixture+Properties" runstate="Runnable" seed="1960516531" result="Passed" start-time="2017-04-01 15:12:35Z" end-time="2017-04-01 15:12:35Z" duration="0.000469" asserts="5" />
            </test-suite>
          </test-suite>
        </test-suite>
      </test-suite>
    </test-suite>
  </test-run>
</test-run>