<?xml version="1.0" encoding="utf-8"?>
<test-run id="0" testcasecount="196" total="196" passed="140" failed="0" inconclusive="55" skipped="1" asserts="1272" result="Passed" portable-engine-version="3.3.0.0" start-time="2017-04-07 18:45:06Z" end-time="2017-04-07 18:45:26Z" duration="20.206237">
  <test-run id="0" testcasecount="196" total="196" passed="140" failed="0" inconclusive="55" skipped="1" asserts="1272" result="Passed" portable-engine-version="3.3.0.0" start-time="2017-04-07 18:45:06Z" end-time="2017-04-07 18:45:26Z" duration="20.034359">
    <test-suite type="Assembly" id="1273" name="DapperExtensionsDNXCore.Test.EXE" fullname="D:/GitHub/Dapper-Extensions/DapperExtensionsDNXCore.Test/bin/Debug/net451/win81-x64/DapperExtensionsDNXCore.Test.EXE" runstate="Runnable" testcasecount="196" result="Skipped" label="Ignored" start-time="2017-04-07 18:45:06Z" end-time="2017-04-07 18:45:26Z" duration="19.924960" total="196" passed="140" failed="0" warnings="0" inconclusive="55" skipped="1" asserts="1272">
      <environment framework-version="3.6.1.0" clr-version="4.0.30319.42000" os-version="Microsoft Windows NT 6.2.9200.0" platform="Win32NT" cwd="D:\GitHub\Dapper-Extensions\DapperExtensionsDNXCore.Test" machine-name="BRISURFACE" user="Brian" user-domain="BRISURFACE" culture="en-US" uiculture="en-US" os-architecture="x64" />
      <settings>
        <setting name="WorkDirectory" value="D:\GitHub\Dapper-Extensions\DapperExtensionsDNXCore.Test" />
        <setting name="NumberOfTestWorkers" value="4" />
      </settings>
      <properties>
        <property name="_PID" value="1472" />
        <property name="_APPDOMAIN" value="dotnet-test-nunit.exe" />
      </properties>
      <reason>
        <message><![CDATA[One or more child tests were ignored]]></message>
      </reason>
      <test-suite type="TestSuite" id="1274" name="DapperExtensions" fullname="DapperExtensions" runstate="Runnable" testcasecount="196" result="Skipped" label="Ignored" start-time="2017-04-07 18:45:06Z" end-time="2017-04-07 18:45:26Z" duration="19.893549" total="196" passed="140" failed="0" warnings="0" inconclusive="55" skipped="1" asserts="1272">
        <reason>
          <message><![CDATA[One or more child tests were ignored]]></message>
        </reason>
        <test-suite type="TestSuite" id="1275" name="Test" fullname="DapperExtensions.Test" runstate="Runnable" testcasecount="196" result="Skipped" label="Ignored" start-time="2017-04-07 18:45:06Z" end-time="2017-04-07 18:45:26Z" duration="19.862245" total="196" passed="140" failed="0" warnings="0" inconclusive="55" skipped="1" asserts="1272">
          <reason>
            <message><![CDATA[One or more child tests were ignored]]></message>
          </reason>
          <test-suite type="TestSuite" id="1278" name="IntegrationTests" fullname="DapperExtensions.Test.IntegrationTests" runstate="Runnable" testcasecount="111" result="Skipped" label="Ignored" start-time="2017-04-07 18:45:06Z" end-time="2017-04-07 18:45:22Z" duration="16.206574" total="111" passed="55" failed="0" warnings="0" inconclusive="55" skipped="1" asserts="1114">
            <reason>
              <message><![CDATA[One or more child tests were ignored]]></message>
            </reason>
            <test-suite type="TestFixture" id="1012" name="DatabaseTestsFixture" fullname="DapperExtensions.Test.IntegrationTests.DatabaseTestsFixture" classname="DapperExtensions.Test.IntegrationTests.DatabaseTestsFixture" runstate="Runnable" testcasecount="0" result="Passed" start-time="2017-04-07 18:45:06Z" end-time="2017-04-07 18:45:06Z" duration="0.011485" total="0" passed="0" failed="0" warnings="0" inconclusive="0" skipped="0" asserts="0" />
            <test-suite type="TestFixture" id="1013" name="NonCrudFixture" fullname="DapperExtensions.Test.IntegrationTests.NonCrudFixture" classname="DapperExtensions.Test.IntegrationTests.NonCrudFixture" runstate="Runnable" testcasecount="0" result="Passed" start-time="2017-04-07 18:45:06Z" end-time="2017-04-07 18:45:06Z" duration="0.000117" total="0" passed="0" failed="0" warnings="0" inconclusive="0" skipped="0" asserts="0" />
            <test-suite type="TestFixture" id="1136" name="NonCrudFixture+GetMapMethod" fullname="DapperExtensions.Test.IntegrationTests.NonCrudFixture+GetMapMethod" classname="DapperExtensions.Test.IntegrationTests.NonCrudFixture+GetMapMethod" runstate="Runnable" testcasecount="4" result="Passed" start-time="2017-04-07 18:45:06Z" end-time="2017-04-07 18:45:06Z" duration="0.089598" total="4" passed="4" failed="0" warnings="0" inconclusive="0" skipped="0" asserts="5">
              <test-case id="1138" name="ClassMapperDescendant_Returns_DefinedClass" fullname="DapperExtensions.Test.IntegrationTests.NonCrudFixture+GetMapMethod.ClassMapperDescendant_Returns_DefinedClass" methodname="ClassMapperDescendant_Returns_DefinedClass" classname="DapperExtensions.Test.IntegrationTests.NonCrudFixture+GetMapMethod" runstate="Runnable" seed="746585311" result="Passed" start-time="2017-04-07 18:45:06Z" end-time="2017-04-07 18:45:06Z" duration="0.039096" asserts="1" />
              <test-case id="1139" name="ClassMapperInterface_Returns_DefinedMapper" fullname="DapperExtensions.Test.IntegrationTests.NonCrudFixture+GetMapMethod.ClassMapperInterface_Returns_DefinedMapper" methodname="ClassMapperInterface_Returns_DefinedMapper" classname="DapperExtensions.Test.IntegrationTests.NonCrudFixture+GetMapMethod" runstate="Runnable" seed="1299249907" result="Passed" start-time="2017-04-07 18:45:06Z" end-time="2017-04-07 18:45:06Z" duration="0.001062" asserts="1" />
              <test-case id="1140" name="MappingClass_ReturnsFromDifferentAssembly" fullname="DapperExtensions.Test.IntegrationTests.NonCrudFixture+GetMapMethod.MappingClass_ReturnsFromDifferentAssembly" methodname="MappingClass_ReturnsFromDifferentAssembly" classname="DapperExtensions.Test.IntegrationTests.NonCrudFixture+GetMapMethod" runstate="Runnable" seed="427371944" result="Passed" start-time="2017-04-07 18:45:06Z" end-time="2017-04-07 18:45:06Z" duration="0.010634" asserts="2" />
              <test-case id="1137" name="NoMappingClass_ReturnsDefaultMapper" fullname="DapperExtensions.Test.IntegrationTests.NonCrudFixture+GetMapMethod.NoMappingClass_ReturnsDefaultMapper" methodname="NoMappingClass_ReturnsDefaultMapper" classname="DapperExtensions.Test.IntegrationTests.NonCrudFixture+GetMapMethod" runstate="Runnable" seed="199001408" result="Passed" start-time="2017-04-07 18:45:06Z" end-time="2017-04-07 18:45:06Z" duration="0.002201" asserts="1" />
            </test-suite>
            <test-suite type="TestFixture" id="1134" name="NonCrudFixture+GetNextGuidMethod" fullname="DapperExtensions.Test.IntegrationTests.NonCrudFixture+GetNextGuidMethod" classname="DapperExtensions.Test.IntegrationTests.NonCrudFixture+GetNextGuidMethod" runstate="Runnable" testcasecount="1" result="Passed" start-time="2017-04-07 18:45:06Z" end-time="2017-04-07 18:45:06Z" duration="0.010992" total="1" passed="1" failed="0" warnings="0" inconclusive="0" skipped="0" asserts="1000">
              <test-case id="1135" name="GetMultiple_DoesNotDuplicate" fullname="DapperExtensions.Test.IntegrationTests.NonCrudFixture+GetNextGuidMethod.GetMultiple_DoesNotDuplicate" methodname="GetMultiple_DoesNotDuplicate" classname="DapperExtensions.Test.IntegrationTests.NonCrudFixture+GetNextGuidMethod" runstate="Runnable" seed="1138907192" result="Passed" start-time="2017-04-07 18:45:06Z" end-time="2017-04-07 18:45:06Z" duration="0.007579" asserts="1000" />
            </test-suite>
            <test-suite type="TestSuite" id="1279" name="Sqlite" fullname="DapperExtensions.Test.IntegrationTests.Sqlite" runstate="Runnable" testcasecount="51" result="Skipped" label="Ignored" start-time="2017-04-07 18:45:06Z" end-time="2017-04-07 18:45:20Z" duration="13.628427" total="51" passed="50" failed="0" warnings="0" inconclusive="0" skipped="1" asserts="109">
              <reason>
                <message><![CDATA[One or more child tests were ignored]]></message>
              </reason>
              <test-suite type="TestFixture" id="1014" name="CrudAsyncFixture" fullname="DapperExtensions.Test.IntegrationTests.Sqlite.CrudAsyncFixture" classname="DapperExtensions.Test.IntegrationTests.Sqlite.CrudAsyncFixture" runstate="Runnable" testcasecount="0" result="Passed" start-time="2017-04-07 18:45:06Z" end-time="2017-04-07 18:45:06Z" duration="0.000106" total="0" passed="0" failed="0" warnings="0" inconclusive="0" skipped="0" asserts="0" />
              <test-suite type="TestFixture" id="1163" name="CrudAsyncFixture+CountMethod" fullname="DapperExtensions.Test.IntegrationTests.Sqlite.CrudAsyncFixture+CountMethod" classname="DapperExtensions.Test.IntegrationTests.Sqlite.CrudAsyncFixture+CountMethod" runstate="Runnable" testcasecount="3" result="Passed" start-time="2017-04-07 18:45:06Z" end-time="2017-04-07 18:45:07Z" duration="0.984315" total="3" passed="3" failed="0" warnings="0" inconclusive="0" skipped="0" asserts="3">
                <test-case id="1164" name="UsingNullPredicate_Returns_Count" fullname="DapperExtensions.Test.IntegrationTests.Sqlite.CrudAsyncFixture+CountMethod.UsingNullPredicate_Returns_Count" methodname="UsingNullPredicate_Returns_Count" classname="DapperExtensions.Test.IntegrationTests.Sqlite.CrudAsyncFixture+CountMethod" runstate="Runnable" seed="1728806056" result="Passed" start-time="2017-04-07 18:45:06Z" end-time="2017-04-07 18:45:07Z" duration="0.511307" asserts="1" />
                <test-case id="1166" name="UsingObject_Returns_Count" fullname="DapperExtensions.Test.IntegrationTests.Sqlite.CrudAsyncFixture+CountMethod.UsingObject_Returns_Count" methodname="UsingObject_Returns_Count" classname="DapperExtensions.Test.IntegrationTests.Sqlite.CrudAsyncFixture+CountMethod" runstate="Runnable" seed="283410237" result="Passed" start-time="2017-04-07 18:45:07Z" end-time="2017-04-07 18:45:07Z" duration="0.198584" asserts="1" />
                <test-case id="1165" name="UsingPredicate_Returns_Count" fullname="DapperExtensions.Test.IntegrationTests.Sqlite.CrudAsyncFixture+CountMethod.UsingPredicate_Returns_Count" methodname="UsingPredicate_Returns_Count" classname="DapperExtensions.Test.IntegrationTests.Sqlite.CrudAsyncFixture+CountMethod" runstate="Runnable" seed="1102112467" result="Passed" start-time="2017-04-07 18:45:07Z" end-time="2017-04-07 18:45:07Z" duration="0.206065" asserts="1" />
              </test-suite>
              <test-suite type="TestFixture" id="1147" name="CrudAsyncFixture+DeleteMethod" fullname="DapperExtensions.Test.IntegrationTests.Sqlite.CrudAsyncFixture+DeleteMethod" classname="DapperExtensions.Test.IntegrationTests.Sqlite.CrudAsyncFixture+DeleteMethod" runstate="Runnable" testcasecount="3" result="Passed" start-time="2017-04-07 18:45:07Z" end-time="2017-04-07 18:45:08Z" duration="0.765908" total="3" passed="3" failed="0" warnings="0" inconclusive="0" skipped="0" asserts="7">
                <test-case id="1148" name="UsingKey_DeletesFromDatabase" fullname="DapperExtensions.Test.IntegrationTests.Sqlite.CrudAsyncFixture+DeleteMethod.UsingKey_DeletesFromDatabase" methodname="UsingKey_DeletesFromDatabase" classname="DapperExtensions.Test.IntegrationTests.Sqlite.CrudAsyncFixture+DeleteMethod" runstate="Runnable" seed="1944791857" result="Passed" start-time="2017-04-07 18:45:07Z" end-time="2017-04-07 18:45:08Z" duration="0.265239" asserts="1" />
                <test-case id="1150" name="UsingObject_DeletesRows" fullname="DapperExtensions.Test.IntegrationTests.Sqlite.CrudAsyncFixture+DeleteMethod.UsingObject_DeletesRows" methodname="UsingObject_DeletesRows" classname="DapperExtensions.Test.IntegrationTests.Sqlite.CrudAsyncFixture+DeleteMethod" runstate="Runnable" seed="1807413252" result="Passed" start-time="2017-04-07 18:45:08Z" end-time="2017-04-07 18:45:08Z" duration="0.195955" asserts="3" />
                <test-case id="1149" name="UsingPredicate_DeletesRows" fullname="DapperExtensions.Test.IntegrationTests.Sqlite.CrudAsyncFixture+DeleteMethod.UsingPredicate_DeletesRows" methodname="UsingPredicate_DeletesRows" classname="DapperExtensions.Test.IntegrationTests.Sqlite.CrudAsyncFixture+DeleteMethod" runstate="Runnable" seed="1227365621" result="Passed" start-time="2017-04-07 18:45:08Z" end-time="2017-04-07 18:45:08Z" duration="0.224429" asserts="3" />
              </test-suite>
              <test-suite type="TestFixture" id="1154" name="CrudAsyncFixture+GetListMethod" fullname="DapperExtensions.Test.IntegrationTests.Sqlite.CrudAsyncFixture+GetListMethod" classname="DapperExtensions.Test.IntegrationTests.Sqlite.CrudAsyncFixture+GetListMethod" runstate="Runnable" testcasecount="3" result="Passed" start-time="2017-04-07 18:45:08Z" end-time="2017-04-07 18:45:09Z" duration="0.648073" total="3" passed="3" failed="0" warnings="0" inconclusive="0" skipped="0" asserts="5">
                <test-case id="1155" name="UsingNullPredicate_ReturnsAll" fullname="DapperExtensions.Test.IntegrationTests.Sqlite.CrudAsyncFixture+GetListMethod.UsingNullPredicate_ReturnsAll" methodname="UsingNullPredicate_ReturnsAll" classname="DapperExtensions.Test.IntegrationTests.Sqlite.CrudAsyncFixture+GetListMethod" runstate="Runnable" seed="566600880" result="Passed" start-time="2017-04-07 18:45:08Z" end-time="2017-04-07 18:45:08Z" duration="0.194708" asserts="1" />
                <test-case id="1157" name="UsingObject_ReturnsMatching" fullname="DapperExtensions.Test.IntegrationTests.Sqlite.CrudAsyncFixture+GetListMethod.UsingObject_ReturnsMatching" methodname="UsingObject_ReturnsMatching" classname="DapperExtensions.Test.IntegrationTests.Sqlite.CrudAsyncFixture+GetListMethod" runstate="Runnable" seed="803374225" result="Passed" start-time="2017-04-07 18:45:08Z" end-time="2017-04-07 18:45:08Z" duration="0.195879" asserts="2" />
                <test-case id="1156" name="UsingPredicate_ReturnsMatching" fullname="DapperExtensions.Test.IntegrationTests.Sqlite.CrudAsyncFixture+GetListMethod.UsingPredicate_ReturnsMatching" methodname="UsingPredicate_ReturnsMatching" classname="DapperExtensions.Test.IntegrationTests.Sqlite.CrudAsyncFixture+GetListMethod" runstate="Runnable" seed="985700042" result="Passed" start-time="2017-04-07 18:45:09Z" end-time="2017-04-07 18:45:09Z" duration="0.195257" asserts="2" />
              </test-suite>
              <test-suite type="TestFixture" id="1145" name="CrudAsyncFixture+GetMethod" fullname="DapperExtensions.Test.IntegrationTests.Sqlite.CrudAsyncFixture+GetMethod" classname="DapperExtensions.Test.IntegrationTests.Sqlite.CrudAsyncFixture+GetMethod" runstate="Runnable" testcasecount="1" result="Passed" start-time="2017-04-07 18:45:09Z" end-time="2017-04-07 18:45:09Z" duration="0.171789" total="1" passed="1" failed="0" warnings="0" inconclusive="0" skipped="0" asserts="3">
                <test-case id="1146" name="UsingKey_ReturnsEntity" fullname="DapperExtensions.Test.IntegrationTests.Sqlite.CrudAsyncFixture+GetMethod.UsingKey_ReturnsEntity" methodname="UsingKey_ReturnsEntity" classname="DapperExtensions.Test.IntegrationTests.Sqlite.CrudAsyncFixture+GetMethod" runstate="Runnable" seed="421179619" result="Passed" start-time="2017-04-07 18:45:09Z" end-time="2017-04-07 18:45:09Z" duration="0.150890" asserts="3" />
              </test-suite>
              <test-suite type="TestFixture" id="1167" name="CrudAsyncFixture+GetMultipleMethod" fullname="DapperExtensions.Test.IntegrationTests.Sqlite.CrudAsyncFixture+GetMultipleMethod" classname="DapperExtensions.Test.IntegrationTests.Sqlite.CrudAsyncFixture+GetMultipleMethod" runstate="Runnable" testcasecount="1" result="Passed" start-time="2017-04-07 18:45:09Z" end-time="2017-04-07 18:45:09Z" duration="0.312619" total="1" passed="1" failed="0" warnings="0" inconclusive="0" skipped="0" asserts="3">
                <test-case id="1168" name="ReturnsItems" fullname="DapperExtensions.Test.IntegrationTests.Sqlite.CrudAsyncFixture+GetMultipleMethod.ReturnsItems" methodname="ReturnsItems" classname="DapperExtensions.Test.IntegrationTests.Sqlite.CrudAsyncFixture+GetMultipleMethod" runstate="Runnable" seed="1320850548" result="Passed" start-time="2017-04-07 18:45:09Z" end-time="2017-04-07 18:45:09Z" duration="0.291078" asserts="3" />
              </test-suite>
              <test-suite type="TestFixture" id="1158" name="CrudAsyncFixture+GetPageMethod" fullname="DapperExtensions.Test.IntegrationTests.Sqlite.CrudAsyncFixture+GetPageMethod" classname="DapperExtensions.Test.IntegrationTests.Sqlite.CrudAsyncFixture+GetPageMethod" runstate="Runnable" testcasecount="4" result="Passed" start-time="2017-04-07 18:45:09Z" end-time="2017-04-07 18:45:10Z" duration="0.937727" total="4" passed="4" failed="0" warnings="0" inconclusive="0" skipped="0" asserts="10">
                <test-case id="1161" name="NotFirstPage_Returns_NextResults" fullname="DapperExtensions.Test.IntegrationTests.Sqlite.CrudAsyncFixture+GetPageMethod.NotFirstPage_Returns_NextResults" methodname="NotFirstPage_Returns_NextResults" classname="DapperExtensions.Test.IntegrationTests.Sqlite.CrudAsyncFixture+GetPageMethod" runstate="Runnable" seed="188138665" result="Passed" start-time="2017-04-07 18:45:09Z" end-time="2017-04-07 18:45:10Z" duration="0.236380" asserts="3" />
                <test-case id="1159" name="UsingNullPredicate_ReturnsMatching" fullname="DapperExtensions.Test.IntegrationTests.Sqlite.CrudAsyncFixture+GetPageMethod.UsingNullPredicate_ReturnsMatching" methodname="UsingNullPredicate_ReturnsMatching" classname="DapperExtensions.Test.IntegrationTests.Sqlite.CrudAsyncFixture+GetPageMethod" runstate="Runnable" seed="713534725" result="Passed" start-time="2017-04-07 18:45:10Z" end-time="2017-04-07 18:45:10Z" duration="0.205105" asserts="3" />
                <test-case id="1162" name="UsingObject_ReturnsMatching" fullname="DapperExtensions.Test.IntegrationTests.Sqlite.CrudAsyncFixture+GetPageMethod.UsingObject_ReturnsMatching" methodname="UsingObject_ReturnsMatching" classname="DapperExtensions.Test.IntegrationTests.Sqlite.CrudAsyncFixture+GetPageMethod" runstate="Runnable" seed="1372719414" result="Passed" start-time="2017-04-07 18:45:10Z" end-time="2017-04-07 18:45:10Z" duration="0.191967" asserts="2" />
                <test-case id="1160" name="UsingPredicate_ReturnsMatching" fullname="DapperExtensions.Test.IntegrationTests.Sqlite.CrudAsyncFixture+GetPageMethod.UsingPredicate_ReturnsMatching" methodname="UsingPredicate_ReturnsMatching" classname="DapperExtensions.Test.IntegrationTests.Sqlite.CrudAsyncFixture+GetPageMethod" runstate="Runnable" seed="1198459864" result="Passed" start-time="2017-04-07 18:45:10Z" end-time="2017-04-07 18:45:10Z" duration="0.193354" asserts="2" />
              </test-suite>
              <test-suite type="TestFixture" id="1141" name="CrudAsyncFixture+InsertMethod" fullname="DapperExtensions.Test.IntegrationTests.Sqlite.CrudAsyncFixture+InsertMethod" classname="DapperExtensions.Test.IntegrationTests.Sqlite.CrudAsyncFixture+InsertMethod" runstate="Runnable" testcasecount="3" result="Passed" start-time="2017-04-07 18:45:10Z" end-time="2017-04-07 18:45:11Z" duration="0.953419" total="3" passed="3" failed="0" warnings="0" inconclusive="0" skipped="0" asserts="7">
                <test-case id="1143" name="AddsEntityToDatabase_ReturnsGeneratedPrimaryKey" fullname="DapperExtensions.Test.IntegrationTests.Sqlite.CrudAsyncFixture+InsertMethod.AddsEntityToDatabase_ReturnsGeneratedPrimaryKey" methodname="AddsEntityToDatabase_ReturnsGeneratedPrimaryKey" classname="DapperExtensions.Test.IntegrationTests.Sqlite.CrudAsyncFixture+InsertMethod" runstate="Runnable" seed="1667962352" result="Passed" start-time="2017-04-07 18:45:10Z" end-time="2017-04-07 18:45:10Z" duration="0.173818" asserts="4" />
                <test-case id="1142" name="AddsEntityToDatabase_ReturnsKey" fullname="DapperExtensions.Test.IntegrationTests.Sqlite.CrudAsyncFixture+InsertMethod.AddsEntityToDatabase_ReturnsKey" methodname="AddsEntityToDatabase_ReturnsKey" classname="DapperExtensions.Test.IntegrationTests.Sqlite.CrudAsyncFixture+InsertMethod" runstate="Runnable" seed="748870924" result="Passed" start-time="2017-04-07 18:45:10Z" end-time="2017-04-07 18:45:11Z" duration="0.478104" asserts="2" />
                <test-case id="1144" name="AddsMultipleEntitiesToDatabase" fullname="DapperExtensions.Test.IntegrationTests.Sqlite.CrudAsyncFixture+InsertMethod.AddsMultipleEntitiesToDatabase" methodname="AddsMultipleEntitiesToDatabase" classname="DapperExtensions.Test.IntegrationTests.Sqlite.CrudAsyncFixture+InsertMethod" runstate="Runnable" seed="1992800886" result="Passed" start-time="2017-04-07 18:45:11Z" end-time="2017-04-07 18:45:11Z" duration="0.222977" asserts="1" />
              </test-suite>
              <test-suite type="TestFixture" id="1151" name="CrudAsyncFixture+UpdateMethod" fullname="DapperExtensions.Test.IntegrationTests.Sqlite.CrudAsyncFixture+UpdateMethod" classname="DapperExtensions.Test.IntegrationTests.Sqlite.CrudAsyncFixture+UpdateMethod" runstate="Runnable" testcasecount="2" result="Skipped" label="Ignored" start-time="2017-04-07 18:45:11Z" end-time="2017-04-07 18:45:11Z" duration="0.234442" total="2" passed="1" failed="0" warnings="0" inconclusive="0" skipped="1" asserts="3">
                <reason>
                  <message><![CDATA[One or more child tests were ignored]]></message>
                </reason>
                <test-case id="1153" name="UsingCompositeKey_UpdatesEntity" fullname="DapperExtensions.Test.IntegrationTests.Sqlite.CrudAsyncFixture+UpdateMethod.UsingCompositeKey_UpdatesEntity" methodname="UsingCompositeKey_UpdatesEntity" classname="DapperExtensions.Test.IntegrationTests.Sqlite.CrudAsyncFixture+UpdateMethod" runstate="Ignored" seed="1587141569" result="Skipped" label="Ignored" start-time="2017-04-07 18:45:11Z" end-time="2017-04-07 18:45:11Z" duration="0.001789" asserts="0">
                  <properties>
                    <property name="_SKIPREASON" value="SQLLite doesnt support a composite key with both an IDENTITY column and a user-generated value." />
                  </properties>
                  <reason>
                    <message><![CDATA[SQLLite doesnt support a composite key with both an IDENTITY column and a user-generated value.]]></message>
                  </reason>
                </test-case>
                <test-case id="1152" name="UsingKey_UpdatesEntity" fullname="DapperExtensions.Test.IntegrationTests.Sqlite.CrudAsyncFixture+UpdateMethod.UsingKey_UpdatesEntity" methodname="UsingKey_UpdatesEntity" classname="DapperExtensions.Test.IntegrationTests.Sqlite.CrudAsyncFixture+UpdateMethod" runstate="Runnable" seed="1274022210" result="Passed" start-time="2017-04-07 18:45:11Z" end-time="2017-04-07 18:45:11Z" duration="0.174993" asserts="3" />
              </test-suite>
              <test-suite type="TestFixture" id="1015" name="CrudFixture" fullname="DapperExtensions.Test.IntegrationTests.Sqlite.CrudFixture" classname="DapperExtensions.Test.IntegrationTests.Sqlite.CrudFixture" runstate="Runnable" testcasecount="0" result="Passed" start-time="2017-04-07 18:45:12Z" end-time="2017-04-07 18:45:12Z" duration="0.000114" total="0" passed="0" failed="0" warnings="0" inconclusive="0" skipped="0" asserts="0" />
              <test-suite type="TestFixture" id="1191" name="CrudFixture+CountMethod" fullname="DapperExtensions.Test.IntegrationTests.Sqlite.CrudFixture+CountMethod" classname="DapperExtensions.Test.IntegrationTests.Sqlite.CrudFixture+CountMethod" runstate="Runnable" testcasecount="3" result="Passed" start-time="2017-04-07 18:45:12Z" end-time="2017-04-07 18:45:12Z" duration="0.687651" total="3" passed="3" failed="0" warnings="0" inconclusive="0" skipped="0" asserts="3">
                <test-case id="1192" name="UsingNullPredicate_Returns_Count" fullname="DapperExtensions.Test.IntegrationTests.Sqlite.CrudFixture+CountMethod.UsingNullPredicate_Returns_Count" methodname="UsingNullPredicate_Returns_Count" classname="DapperExtensions.Test.IntegrationTests.Sqlite.CrudFixture+CountMethod" runstate="Runnable" seed="300823891" result="Passed" start-time="2017-04-07 18:45:12Z" end-time="2017-04-07 18:45:12Z" duration="0.220926" asserts="1" />
                <test-case id="1194" name="UsingObject_Returns_Count" fullname="DapperExtensions.Test.IntegrationTests.Sqlite.CrudFixture+CountMethod.UsingObject_Returns_Count" methodname="UsingObject_Returns_Count" classname="DapperExtensions.Test.IntegrationTests.Sqlite.CrudFixture+CountMethod" runstate="Runnable" seed="1892314582" result="Passed" start-time="2017-04-07 18:45:12Z" end-time="2017-04-07 18:45:12Z" duration="0.191023" asserts="1" />
                <test-case id="1193" name="UsingPredicate_Returns_Count" fullname="DapperExtensions.Test.IntegrationTests.Sqlite.CrudFixture+CountMethod.UsingPredicate_Returns_Count" methodname="UsingPredicate_Returns_Count" classname="DapperExtensions.Test.IntegrationTests.Sqlite.CrudFixture+CountMethod" runstate="Runnable" seed="741422254" result="Passed" start-time="2017-04-07 18:45:12Z" end-time="2017-04-07 18:45:12Z" duration="0.193814" asserts="1" />
              </test-suite>
              <test-suite type="TestFixture" id="1175" name="CrudFixture+DeleteMethod" fullname="DapperExtensions.Test.IntegrationTests.Sqlite.CrudFixture+DeleteMethod" classname="DapperExtensions.Test.IntegrationTests.Sqlite.CrudFixture+DeleteMethod" runstate="Runnable" testcasecount="3" result="Passed" start-time="2017-04-07 18:45:12Z" end-time="2017-04-07 18:45:13Z" duration="0.640597" total="3" passed="3" failed="0" warnings="0" inconclusive="0" skipped="0" asserts="7">
                <test-case id="1176" name="UsingKey_DeletesFromDatabase" fullname="DapperExtensions.Test.IntegrationTests.Sqlite.CrudFixture+DeleteMethod.UsingKey_DeletesFromDatabase" methodname="UsingKey_DeletesFromDatabase" classname="DapperExtensions.Test.IntegrationTests.Sqlite.CrudFixture+DeleteMethod" runstate="Runnable" seed="632457448" result="Passed" start-time="2017-04-07 18:45:12Z" end-time="2017-04-07 18:45:12Z" duration="0.173865" asserts="1" />
                <test-case id="1178" name="UsingObject_DeletesRows" fullname="DapperExtensions.Test.IntegrationTests.Sqlite.CrudFixture+DeleteMethod.UsingObject_DeletesRows" methodname="UsingObject_DeletesRows" classname="DapperExtensions.Test.IntegrationTests.Sqlite.CrudFixture+DeleteMethod" runstate="Runnable" seed="625550288" result="Passed" start-time="2017-04-07 18:45:12Z" end-time="2017-04-07 18:45:13Z" duration="0.192376" asserts="3" />
                <test-case id="1177" name="UsingPredicate_DeletesRows" fullname="DapperExtensions.Test.IntegrationTests.Sqlite.CrudFixture+DeleteMethod.UsingPredicate_DeletesRows" methodname="UsingPredicate_DeletesRows" classname="DapperExtensions.Test.IntegrationTests.Sqlite.CrudFixture+DeleteMethod" runstate="Runnable" seed="949985632" result="Passed" start-time="2017-04-07 18:45:13Z" end-time="2017-04-07 18:45:13Z" duration="0.198221" asserts="3" />
              </test-suite>
              <test-suite type="TestFixture" id="1182" name="CrudFixture+GetListMethod" fullname="DapperExtensions.Test.IntegrationTests.Sqlite.CrudFixture+GetListMethod" classname="DapperExtensions.Test.IntegrationTests.Sqlite.CrudFixture+GetListMethod" runstate="Runnable" testcasecount="3" result="Passed" start-time="2017-04-07 18:45:13Z" end-time="2017-04-07 18:45:14Z" duration="0.671454" total="3" passed="3" failed="0" warnings="0" inconclusive="0" skipped="0" asserts="5">
                <test-case id="1183" name="UsingNullPredicate_ReturnsAll" fullname="DapperExtensions.Test.IntegrationTests.Sqlite.CrudFixture+GetListMethod.UsingNullPredicate_ReturnsAll" methodname="UsingNullPredicate_ReturnsAll" classname="DapperExtensions.Test.IntegrationTests.Sqlite.CrudFixture+GetListMethod" runstate="Runnable" seed="360427744" result="Passed" start-time="2017-04-07 18:45:13Z" end-time="2017-04-07 18:45:13Z" duration="0.198745" asserts="1" />
                <test-case id="1185" name="UsingObject_ReturnsMatching" fullname="DapperExtensions.Test.IntegrationTests.Sqlite.CrudFixture+GetListMethod.UsingObject_ReturnsMatching" methodname="UsingObject_ReturnsMatching" classname="DapperExtensions.Test.IntegrationTests.Sqlite.CrudFixture+GetListMethod" runstate="Runnable" seed="2013443710" result="Passed" start-time="2017-04-07 18:45:13Z" end-time="2017-04-07 18:45:13Z" duration="0.193829" asserts="2" />
                <test-case id="1184" name="UsingPredicate_ReturnsMatching" fullname="DapperExtensions.Test.IntegrationTests.Sqlite.CrudFixture+GetListMethod.UsingPredicate_ReturnsMatching" methodname="UsingPredicate_ReturnsMatching" classname="DapperExtensions.Test.IntegrationTests.Sqlite.CrudFixture+GetListMethod" runstate="Runnable" seed="1121972244" result="Passed" start-time="2017-04-07 18:45:13Z" end-time="2017-04-07 18:45:14Z" duration="0.204138" asserts="2" />
              </test-suite>
              <test-suite type="TestFixture" id="1173" name="CrudFixture+GetMethod" fullname="DapperExtensions.Test.IntegrationTests.Sqlite.CrudFixture+GetMethod" classname="DapperExtensions.Test.IntegrationTests.Sqlite.CrudFixture+GetMethod" runstate="Runnable" testcasecount="1" result="Passed" start-time="2017-04-07 18:45:14Z" end-time="2017-04-07 18:45:14Z" duration="0.171196" total="1" passed="1" failed="0" warnings="0" inconclusive="0" skipped="0" asserts="3">
                <test-case id="1174" name="UsingKey_ReturnsEntity" fullname="DapperExtensions.Test.IntegrationTests.Sqlite.CrudFixture+GetMethod.UsingKey_ReturnsEntity" methodname="UsingKey_ReturnsEntity" classname="DapperExtensions.Test.IntegrationTests.Sqlite.CrudFixture+GetMethod" runstate="Runnable" seed="1825433075" result="Passed" start-time="2017-04-07 18:45:14Z" end-time="2017-04-07 18:45:14Z" duration="0.152986" asserts="3" />
              </test-suite>
              <test-suite type="TestFixture" id="1195" name="CrudFixture+GetMultipleMethod" fullname="DapperExtensions.Test.IntegrationTests.Sqlite.CrudFixture+GetMultipleMethod" classname="DapperExtensions.Test.IntegrationTests.Sqlite.CrudFixture+GetMultipleMethod" runstate="Runnable" testcasecount="1" result="Passed" start-time="2017-04-07 18:45:14Z" end-time="2017-04-07 18:45:14Z" duration="0.265462" total="1" passed="1" failed="0" warnings="0" inconclusive="0" skipped="0" asserts="3">
                <test-case id="1196" name="ReturnsItems" fullname="DapperExtensions.Test.IntegrationTests.Sqlite.CrudFixture+GetMultipleMethod.ReturnsItems" methodname="ReturnsItems" classname="DapperExtensions.Test.IntegrationTests.Sqlite.CrudFixture+GetMultipleMethod" runstate="Runnable" seed="334601532" result="Passed" start-time="2017-04-07 18:45:14Z" end-time="2017-04-07 18:45:14Z" duration="0.241947" asserts="3" />
              </test-suite>
              <test-suite type="TestFixture" id="1186" name="CrudFixture+GetPageMethod" fullname="DapperExtensions.Test.IntegrationTests.Sqlite.CrudFixture+GetPageMethod" classname="DapperExtensions.Test.IntegrationTests.Sqlite.CrudFixture+GetPageMethod" runstate="Runnable" testcasecount="4" result="Passed" start-time="2017-04-07 18:45:14Z" end-time="2017-04-07 18:45:15Z" duration="0.890679" total="4" passed="4" failed="0" warnings="0" inconclusive="0" skipped="0" asserts="10">
                <test-case id="1189" name="NotFirstPage_Returns_NextResults" fullname="DapperExtensions.Test.IntegrationTests.Sqlite.CrudFixture+GetPageMethod.NotFirstPage_Returns_NextResults" methodname="NotFirstPage_Returns_NextResults" classname="DapperExtensions.Test.IntegrationTests.Sqlite.CrudFixture+GetPageMethod" runstate="Runnable" seed="2118237351" result="Passed" start-time="2017-04-07 18:45:14Z" end-time="2017-04-07 18:45:14Z" duration="0.196175" asserts="3" />
                <test-case id="1187" name="UsingNullPredicate_ReturnsMatching" fullname="DapperExtensions.Test.IntegrationTests.Sqlite.CrudFixture+GetPageMethod.UsingNullPredicate_ReturnsMatching" methodname="UsingNullPredicate_ReturnsMatching" classname="DapperExtensions.Test.IntegrationTests.Sqlite.CrudFixture+GetPageMethod" runstate="Runnable" seed="467246782" result="Passed" start-time="2017-04-07 18:45:14Z" end-time="2017-04-07 18:45:15Z" duration="0.198464" asserts="3" />
                <test-case id="1190" name="UsingObject_ReturnsMatching" fullname="DapperExtensions.Test.IntegrationTests.Sqlite.CrudFixture+GetPageMethod.UsingObject_ReturnsMatching" methodname="UsingObject_ReturnsMatching" classname="DapperExtensions.Test.IntegrationTests.Sqlite.CrudFixture+GetPageMethod" runstate="Runnable" seed="1755450190" result="Passed" start-time="2017-04-07 18:45:15Z" end-time="2017-04-07 18:45:15Z" duration="0.210428" asserts="2" />
                <test-case id="1188" name="UsingPredicate_ReturnsMatching" fullname="DapperExtensions.Test.IntegrationTests.Sqlite.CrudFixture+GetPageMethod.UsingPredicate_ReturnsMatching" methodname="UsingPredicate_ReturnsMatching" classname="DapperExtensions.Test.IntegrationTests.Sqlite.CrudFixture+GetPageMethod" runstate="Runnable" seed="2120617882" result="Passed" start-time="2017-04-07 18:45:15Z" end-time="2017-04-07 18:45:15Z" duration="0.195235" asserts="2" />
              </test-suite>
              <test-suite type="TestFixture" id="1169" name="CrudFixture+InsertMethod" fullname="DapperExtensions.Test.IntegrationTests.Sqlite.CrudFixture+InsertMethod" classname="DapperExtensions.Test.IntegrationTests.Sqlite.CrudFixture+InsertMethod" runstate="Runnable" testcasecount="3" result="Passed" start-time="2017-04-07 18:45:15Z" end-time="2017-04-07 18:45:16Z" duration="0.546895" total="3" passed="3" failed="0" warnings="0" inconclusive="0" skipped="0" asserts="5">
                <test-case id="1171" name="AddsEntityToDatabase_ReturnsGeneratedPrimaryKey" fullname="DapperExtensions.Test.IntegrationTests.Sqlite.CrudFixture+InsertMethod.AddsEntityToDatabase_ReturnsGeneratedPrimaryKey" methodname="AddsEntityToDatabase_ReturnsGeneratedPrimaryKey" classname="DapperExtensions.Test.IntegrationTests.Sqlite.CrudFixture+InsertMethod" runstate="Runnable" seed="90046653" result="Passed" start-time="2017-04-07 18:45:15Z" end-time="2017-04-07 18:45:15Z" duration="0.150449" asserts="2" />
                <test-case id="1170" name="AddsEntityToDatabase_ReturnsKey" fullname="DapperExtensions.Test.IntegrationTests.Sqlite.CrudFixture+InsertMethod.AddsEntityToDatabase_ReturnsKey" methodname="AddsEntityToDatabase_ReturnsKey" classname="DapperExtensions.Test.IntegrationTests.Sqlite.CrudFixture+InsertMethod" runstate="Runnable" seed="998448855" result="Passed" start-time="2017-04-07 18:45:15Z" end-time="2017-04-07 18:45:15Z" duration="0.150859" asserts="2" />
                <test-case id="1172" name="AddsMultipleEntitiesToDatabase" fullname="DapperExtensions.Test.IntegrationTests.Sqlite.CrudFixture+InsertMethod.AddsMultipleEntitiesToDatabase" methodname="AddsMultipleEntitiesToDatabase" classname="DapperExtensions.Test.IntegrationTests.Sqlite.CrudFixture+InsertMethod" runstate="Runnable" seed="1771698298" result="Passed" start-time="2017-04-07 18:45:15Z" end-time="2017-04-07 18:45:16Z" duration="0.182403" asserts="1" />
              </test-suite>
              <test-suite type="TestFixture" id="1179" name="CrudFixture+UpdateMethod" fullname="DapperExtensions.Test.IntegrationTests.Sqlite.CrudFixture+UpdateMethod" classname="DapperExtensions.Test.IntegrationTests.Sqlite.CrudFixture+UpdateMethod" runstate="Runnable" testcasecount="2" result="Passed" start-time="2017-04-07 18:45:16Z" end-time="2017-04-07 18:45:16Z" duration="0.452953" total="2" passed="2" failed="0" warnings="0" inconclusive="0" skipped="0" asserts="7">
                <test-case id="1181" name="UsingCompositeKey_UpdatesEntity" fullname="DapperExtensions.Test.IntegrationTests.Sqlite.CrudFixture+UpdateMethod.UsingCompositeKey_UpdatesEntity" methodname="UsingCompositeKey_UpdatesEntity" classname="DapperExtensions.Test.IntegrationTests.Sqlite.CrudFixture+UpdateMethod" runstate="Runnable" seed="63835349" result="Passed" start-time="2017-04-07 18:45:16Z" end-time="2017-04-07 18:45:16Z" duration="0.236674" asserts="4" />
                <test-case id="1180" name="UsingKey_UpdatesEntity" fullname="DapperExtensions.Test.IntegrationTests.Sqlite.CrudFixture+UpdateMethod.UsingKey_UpdatesEntity" methodname="UsingKey_UpdatesEntity" classname="DapperExtensions.Test.IntegrationTests.Sqlite.CrudFixture+UpdateMethod" runstate="Runnable" seed="1343881125" result="Passed" start-time="2017-04-07 18:45:16Z" end-time="2017-04-07 18:45:16Z" duration="0.162566" asserts="3" />
              </test-suite>
              <test-suite type="TestFixture" id="1016" name="InsertNullableValuesFixture" fullname="DapperExtensions.Test.IntegrationTests.Sqlite.InsertNullableValuesFixture" classname="DapperExtensions.Test.IntegrationTests.Sqlite.InsertNullableValuesFixture" runstate="Runnable" testcasecount="1" result="Passed" start-time="2017-04-07 18:45:16Z" end-time="2017-04-07 18:45:16Z" duration="0.218823" total="1" passed="1" failed="0" warnings="0" inconclusive="0" skipped="0" asserts="9">
                <test-case id="1017" name="InsertSkipsNullableFieldsTest" fullname="DapperExtensions.Test.IntegrationTests.Sqlite.InsertNullableValuesFixture.InsertSkipsNullableFieldsTest" methodname="InsertSkipsNullableFieldsTest" classname="DapperExtensions.Test.IntegrationTests.Sqlite.InsertNullableValuesFixture" runstate="Runnable" seed="372386388" result="Passed" start-time="2017-04-07 18:45:16Z" end-time="2017-04-07 18:45:16Z" duration="0.191616" asserts="9" />
              </test-suite>
              <test-suite type="TestFixture" id="1018" name="SelectTableAsyncTests" fullname="DapperExtensions.Test.IntegrationTests.Sqlite.SelectTableAsyncTests" classname="DapperExtensions.Test.IntegrationTests.Sqlite.SelectTableAsyncTests" runstate="Runnable" testcasecount="2" result="Passed" start-time="2017-04-07 18:45:16Z" end-time="2017-04-07 18:45:17Z" duration="0.578110" total="2" passed="2" failed="0" warnings="0" inconclusive="0" skipped="0" asserts="8">
                <test-case id="1019" name="SelectTableBasicTest" fullname="DapperExtensions.Test.IntegrationTests.Sqlite.SelectTableAsyncTests.SelectTableBasicTest" methodname="SelectTableBasicTest" classname="DapperExtensions.Test.IntegrationTests.Sqlite.SelectTableAsyncTests" runstate="Runnable" seed="2048649554" result="Passed" start-time="2017-04-07 18:45:16Z" end-time="2017-04-07 18:45:17Z" duration="0.303573" asserts="5" />
                <test-case id="1020" name="SelectTableWithPredicateTest" fullname="DapperExtensions.Test.IntegrationTests.Sqlite.SelectTableAsyncTests.SelectTableWithPredicateTest" methodname="SelectTableWithPredicateTest" classname="DapperExtensions.Test.IntegrationTests.Sqlite.SelectTableAsyncTests" runstate="Runnable" seed="24399709" result="Passed" start-time="2017-04-07 18:45:17Z" end-time="2017-04-07 18:45:17Z" duration="0.227666" asserts="3" />
              </test-suite>
              <test-suite type="TestFixture" id="1021" name="SelectTableTests" fullname="DapperExtensions.Test.IntegrationTests.Sqlite.SelectTableTests" classname="DapperExtensions.Test.IntegrationTests.Sqlite.SelectTableTests" runstate="Runnable" testcasecount="2" result="Passed" start-time="2017-04-07 18:45:17Z" end-time="2017-04-07 18:45:17Z" duration="0.512174" total="2" passed="2" failed="0" warnings="0" inconclusive="0" skipped="0" asserts="8">
                <test-case id="1022" name="SelectTableBasicTest" fullname="DapperExtensions.Test.IntegrationTests.Sqlite.SelectTableTests.SelectTableBasicTest" methodname="SelectTableBasicTest" classname="DapperExtensions.Test.IntegrationTests.Sqlite.SelectTableTests" runstate="Runnable" seed="1547150974" result="Passed" start-time="2017-04-07 18:45:17Z" end-time="2017-04-07 18:45:17Z" duration="0.233103" asserts="5" />
                <test-case id="1023" name="SelectTableWithPredicateTest" fullname="DapperExtensions.Test.IntegrationTests.Sqlite.SelectTableTests.SelectTableWithPredicateTest" methodname="SelectTableWithPredicateTest" classname="DapperExtensions.Test.IntegrationTests.Sqlite.SelectTableTests" runstate="Runnable" seed="1435319547" result="Passed" start-time="2017-04-07 18:45:17Z" end-time="2017-04-07 18:45:17Z" duration="0.227486" asserts="3" />
              </test-suite>
              <test-suite type="TestFixture" id="1024" name="TimerFixture" fullname="DapperExtensions.Test.IntegrationTests.Sqlite.TimerFixture" classname="DapperExtensions.Test.IntegrationTests.Sqlite.TimerFixture" runstate="Runnable" testcasecount="0" result="Passed" start-time="2017-04-07 18:45:18Z" end-time="2017-04-07 18:45:18Z" duration="0.000097" total="0" passed="0" failed="0" warnings="0" inconclusive="0" skipped="0" asserts="0" />
              <test-suite type="TestFixture" id="1197" name="TimerFixture+InsertTimes" fullname="DapperExtensions.Test.IntegrationTests.Sqlite.TimerFixture+InsertTimes" classname="DapperExtensions.Test.IntegrationTests.Sqlite.TimerFixture+InsertTimes" runstate="Runnable" testcasecount="6" result="Passed" start-time="2017-04-07 18:45:18Z" end-time="2017-04-07 18:45:20Z" duration="1.999902" total="6" passed="6" failed="0" warnings="0" inconclusive="0" skipped="0" asserts="0">
                <test-case id="1202" name="AssignKey_UsingEntity" fullname="DapperExtensions.Test.IntegrationTests.Sqlite.TimerFixture+InsertTimes.AssignKey_UsingEntity" methodname="AssignKey_UsingEntity" classname="DapperExtensions.Test.IntegrationTests.Sqlite.TimerFixture+InsertTimes" runstate="Runnable" seed="565872360" result="Passed" start-time="2017-04-07 18:45:18Z" end-time="2017-04-07 18:45:18Z" duration="0.321801" asserts="0">
                  <output><![CDATA[SQLLite assign key Total Time:156.3593
SQLLite assign key Average Time:15.63593
]]></output>
                </test-case>
                <test-case id="1203" name="AssignKey_UsingReturnValue" fullname="DapperExtensions.Test.IntegrationTests.Sqlite.TimerFixture+InsertTimes.AssignKey_UsingReturnValue" methodname="AssignKey_UsingReturnValue" classname="DapperExtensions.Test.IntegrationTests.Sqlite.TimerFixture+InsertTimes" runstate="Runnable" seed="651357905" result="Passed" start-time="2017-04-07 18:45:18Z" end-time="2017-04-07 18:45:18Z" duration="0.315266" asserts="0">
                  <output><![CDATA[SQLLite assign key2 Total Time:171.8723
SQLLite assign key2 Average Time:17.18723
]]></output>
                </test-case>
                <test-case id="1200" name="GuidKey_UsingEntity" fullname="DapperExtensions.Test.IntegrationTests.Sqlite.TimerFixture+InsertTimes.GuidKey_UsingEntity" methodname="GuidKey_UsingEntity" classname="DapperExtensions.Test.IntegrationTests.Sqlite.TimerFixture+InsertTimes" runstate="Runnable" seed="1949269586" result="Passed" start-time="2017-04-07 18:45:18Z" end-time="2017-04-07 18:45:19Z" duration="0.303331" asserts="0">
                  <output><![CDATA[SQLLite GUID insert Total Time:156.2448
SQLLite GUID insert Average Time:15.62448
]]></output>
                </test-case>
                <test-case id="1201" name="GuidKey_UsingReturnValue" fullname="DapperExtensions.Test.IntegrationTests.Sqlite.TimerFixture+InsertTimes.GuidKey_UsingReturnValue" methodname="GuidKey_UsingReturnValue" classname="DapperExtensions.Test.IntegrationTests.Sqlite.TimerFixture+InsertTimes" runstate="Runnable" seed="926117600" result="Passed" start-time="2017-04-07 18:45:19Z" end-time="2017-04-07 18:45:19Z" duration="0.302739" asserts="0">
                  <output><![CDATA[SQLLite GUID get Total Time:156.2007
SQLLite GUID get Average Time:15.62007
]]></output>
                </test-case>
                <test-case id="1198" name="IdentityKey_UsingEntity" fullname="DapperExtensions.Test.IntegrationTests.Sqlite.TimerFixture+InsertTimes.IdentityKey_UsingEntity" methodname="IdentityKey_UsingEntity" classname="DapperExtensions.Test.IntegrationTests.Sqlite.TimerFixture+InsertTimes" runstate="Runnable" seed="91937213" result="Passed" start-time="2017-04-07 18:45:19Z" end-time="2017-04-07 18:45:19Z" duration="0.297005" asserts="0">
                  <output><![CDATA[SQLLite  insert+identity Total Time:156.2957
SQLLite insert+identity insert SQLLite Average Time:15.62957
]]></output>
                </test-case>
                <test-case id="1199" name="IdentityKey_UsingReturnValue" fullname="DapperExtensions.Test.IntegrationTests.Sqlite.TimerFixture+InsertTimes.IdentityKey_UsingReturnValue" methodname="IdentityKey_UsingReturnValue" classname="DapperExtensions.Test.IntegrationTests.Sqlite.TimerFixture+InsertTimes" runstate="Runnable" seed="774914982" result="Passed" start-time="2017-04-07 18:45:19Z" end-time="2017-04-07 18:45:20Z" duration="0.307673" asserts="0">
                  <output><![CDATA[SQLLite Identity insert2 Total Time:156.2735
SQLLite Identity insert2 Average Time:15.62735
]]></output>
                </test-case>
              </test-suite>
            </test-suite>
            <test-suite type="TestSuite" id="1280" name="SqlServer" fullname="DapperExtensions.Test.IntegrationTests.SqlServer" runstate="Runnable" testcasecount="55" result="Passed" start-time="2017-04-07 18:45:06Z" end-time="2017-04-07 18:45:22Z" duration="16.159190" total="55" passed="0" failed="0" warnings="0" inconclusive="55" skipped="0" asserts="0">
              <test-suite type="TestFixture" id="1025" name="CrudAsyncFixture" fullname="DapperExtensions.Test.IntegrationTests.SqlServer.CrudAsyncFixture" classname="DapperExtensions.Test.IntegrationTests.SqlServer.CrudAsyncFixture" runstate="Runnable" testcasecount="0" result="Passed" start-time="2017-04-07 18:45:20Z" end-time="2017-04-07 18:45:20Z" duration="0.000109" total="0" passed="0" failed="0" warnings="0" inconclusive="0" skipped="0" asserts="0" />
              <test-suite type="TestFixture" id="1229" name="CrudAsyncFixture+CountMethod" fullname="DapperExtensions.Test.IntegrationTests.SqlServer.CrudAsyncFixture+CountMethod" classname="DapperExtensions.Test.IntegrationTests.SqlServer.CrudAsyncFixture+CountMethod" runstate="Runnable" testcasecount="3" result="Passed" start-time="2017-04-07 18:45:20Z" end-time="2017-04-07 18:45:20Z" duration="0.218861" total="3" passed="0" failed="0" warnings="0" inconclusive="3" skipped="0" asserts="0">
                <test-case id="1230" name="UsingNullPredicate_Returns_Count" fullname="DapperExtensions.Test.IntegrationTests.SqlServer.CrudAsyncFixture+CountMethod.UsingNullPredicate_Returns_Count" methodname="UsingNullPredicate_Returns_Count" classname="DapperExtensions.Test.IntegrationTests.SqlServer.CrudAsyncFixture+CountMethod" runstate="Runnable" seed="694591418" result="Inconclusive" start-time="2017-04-07 18:45:20Z" end-time="2017-04-07 18:45:20Z" duration="0.128558" asserts="0">
                  <reason>
                    <message><![CDATA[There is no SQL server connection string in appsettings.json for this test project.]]></message>
                  </reason>
                </test-case>
                <test-case id="1232" name="UsingObject_Returns_Count" fullname="DapperExtensions.Test.IntegrationTests.SqlServer.CrudAsyncFixture+CountMethod.UsingObject_Returns_Count" methodname="UsingObject_Returns_Count" classname="DapperExtensions.Test.IntegrationTests.SqlServer.CrudAsyncFixture+CountMethod" runstate="Runnable" seed="183478007" result="Inconclusive" start-time="2017-04-07 18:45:20Z" end-time="2017-04-07 18:45:20Z" duration="0.001154" asserts="0">
                  <reason>
                    <message><![CDATA[There is no SQL server connection string in appsettings.json for this test project.]]></message>
                  </reason>
                </test-case>
                <test-case id="1231" name="UsingPredicate_Returns_Count" fullname="DapperExtensions.Test.IntegrationTests.SqlServer.CrudAsyncFixture+CountMethod.UsingPredicate_Returns_Count" methodname="UsingPredicate_Returns_Count" classname="DapperExtensions.Test.IntegrationTests.SqlServer.CrudAsyncFixture+CountMethod" runstate="Runnable" seed="1474715510" result="Inconclusive" start-time="2017-04-07 18:45:20Z" end-time="2017-04-07 18:45:20Z" duration="0.001104" asserts="0">
                  <reason>
                    <message><![CDATA[There is no SQL server connection string in appsettings.json for this test project.]]></message>
                  </reason>
                </test-case>
              </test-suite>
              <test-suite type="TestFixture" id="1212" name="CrudAsyncFixture+DeleteMethod" fullname="DapperExtensions.Test.IntegrationTests.SqlServer.CrudAsyncFixture+DeleteMethod" classname="DapperExtensions.Test.IntegrationTests.SqlServer.CrudAsyncFixture+DeleteMethod" runstate="Runnable" testcasecount="4" result="Passed" start-time="2017-04-07 18:45:20Z" end-time="2017-04-07 18:45:20Z" duration="0.124781" total="4" passed="0" failed="0" warnings="0" inconclusive="4" skipped="0" asserts="0">
                <test-case id="1214" name="UsingCompositeKey_DeletesFromDatabase" fullname="DapperExtensions.Test.IntegrationTests.SqlServer.CrudAsyncFixture+DeleteMethod.UsingCompositeKey_DeletesFromDatabase" methodname="UsingCompositeKey_DeletesFromDatabase" classname="DapperExtensions.Test.IntegrationTests.SqlServer.CrudAsyncFixture+DeleteMethod" runstate="Runnable" seed="1287365674" result="Inconclusive" start-time="2017-04-07 18:45:20Z" end-time="2017-04-07 18:45:20Z" duration="0.005628" asserts="0">
                  <reason>
                    <message><![CDATA[There is no SQL server connection string in appsettings.json for this test project.]]></message>
                  </reason>
                </test-case>
                <test-case id="1213" name="UsingKey_DeletesFromDatabase" fullname="DapperExtensions.Test.IntegrationTests.SqlServer.CrudAsyncFixture+DeleteMethod.UsingKey_DeletesFromDatabase" methodname="UsingKey_DeletesFromDatabase" classname="DapperExtensions.Test.IntegrationTests.SqlServer.CrudAsyncFixture+DeleteMethod" runstate="Runnable" seed="134957405" result="Inconclusive" start-time="2017-04-07 18:45:20Z" end-time="2017-04-07 18:45:20Z" duration="0.001154" asserts="0">
                  <reason>
                    <message><![CDATA[There is no SQL server connection string in appsettings.json for this test project.]]></message>
                  </reason>
                </test-case>
                <test-case id="1216" name="UsingObject_DeletesRows" fullname="DapperExtensions.Test.IntegrationTests.SqlServer.CrudAsyncFixture+DeleteMethod.UsingObject_DeletesRows" methodname="UsingObject_DeletesRows" classname="DapperExtensions.Test.IntegrationTests.SqlServer.CrudAsyncFixture+DeleteMethod" runstate="Runnable" seed="1470401929" result="Inconclusive" start-time="2017-04-07 18:45:20Z" end-time="2017-04-07 18:45:20Z" duration="0.001118" asserts="0">
                  <reason>
                    <message><![CDATA[There is no SQL server connection string in appsettings.json for this test project.]]></message>
                  </reason>
                </test-case>
                <test-case id="1215" name="UsingPredicate_DeletesRows" fullname="DapperExtensions.Test.IntegrationTests.SqlServer.CrudAsyncFixture+DeleteMethod.UsingPredicate_DeletesRows" methodname="UsingPredicate_DeletesRows" classname="DapperExtensions.Test.IntegrationTests.SqlServer.CrudAsyncFixture+DeleteMethod" runstate="Runnable" seed="292631986" result="Inconclusive" start-time="2017-04-07 18:45:20Z" end-time="2017-04-07 18:45:20Z" duration="0.000812" asserts="0">
                  <reason>
                    <message><![CDATA[There is no SQL server connection string in appsettings.json for this test project.]]></message>
                  </reason>
                </test-case>
              </test-suite>
              <test-suite type="TestFixture" id="1220" name="CrudAsyncFixture+GetListMethod" fullname="DapperExtensions.Test.IntegrationTests.SqlServer.CrudAsyncFixture+GetListMethod" classname="DapperExtensions.Test.IntegrationTests.SqlServer.CrudAsyncFixture+GetListMethod" runstate="Runnable" testcasecount="3" result="Passed" start-time="2017-04-07 18:45:20Z" end-time="2017-04-07 18:45:20Z" duration="0.093903" total="3" passed="0" failed="0" warnings="0" inconclusive="3" skipped="0" asserts="0">
                <test-case id="1221" name="UsingNullPredicate_ReturnsAll" fullname="DapperExtensions.Test.IntegrationTests.SqlServer.CrudAsyncFixture+GetListMethod.UsingNullPredicate_ReturnsAll" methodname="UsingNullPredicate_ReturnsAll" classname="DapperExtensions.Test.IntegrationTests.SqlServer.CrudAsyncFixture+GetListMethod" runstate="Runnable" seed="1030276901" result="Inconclusive" start-time="2017-04-07 18:45:20Z" end-time="2017-04-07 18:45:20Z" duration="0.001097" asserts="0">
                  <reason>
                    <message><![CDATA[There is no SQL server connection string in appsettings.json for this test project.]]></message>
                  </reason>
                </test-case>
                <test-case id="1223" name="UsingObject_ReturnsMatching" fullname="DapperExtensions.Test.IntegrationTests.SqlServer.CrudAsyncFixture+GetListMethod.UsingObject_ReturnsMatching" methodname="UsingObject_ReturnsMatching" classname="DapperExtensions.Test.IntegrationTests.SqlServer.CrudAsyncFixture+GetListMethod" runstate="Runnable" seed="1883886773" result="Inconclusive" start-time="2017-04-07 18:45:20Z" end-time="2017-04-07 18:45:20Z" duration="0.001129" asserts="0">
                  <reason>
                    <message><![CDATA[There is no SQL server connection string in appsettings.json for this test project.]]></message>
                  </reason>
                </test-case>
                <test-case id="1222" name="UsingPredicate_ReturnsMatching" fullname="DapperExtensions.Test.IntegrationTests.SqlServer.CrudAsyncFixture+GetListMethod.UsingPredicate_ReturnsMatching" methodname="UsingPredicate_ReturnsMatching" classname="DapperExtensions.Test.IntegrationTests.SqlServer.CrudAsyncFixture+GetListMethod" runstate="Runnable" seed="688328774" result="Inconclusive" start-time="2017-04-07 18:45:20Z" end-time="2017-04-07 18:45:20Z" duration="0.001402" asserts="0">
                  <reason>
                    <message><![CDATA[There is no SQL server connection string in appsettings.json for this test project.]]></message>
                  </reason>
                </test-case>
              </test-suite>
              <test-suite type="TestFixture" id="1209" name="CrudAsyncFixture+GetMethod" fullname="DapperExtensions.Test.IntegrationTests.SqlServer.CrudAsyncFixture+GetMethod" classname="DapperExtensions.Test.IntegrationTests.SqlServer.CrudAsyncFixture+GetMethod" runstate="Runnable" testcasecount="2" result="Passed" start-time="2017-04-07 18:45:20Z" end-time="2017-04-07 18:45:20Z" duration="0.062888" total="2" passed="0" failed="0" warnings="0" inconclusive="2" skipped="0" asserts="0">
                <test-case id="1211" name="UsingCompositeKey_ReturnsEntity" fullname="DapperExtensions.Test.IntegrationTests.SqlServer.CrudAsyncFixture+GetMethod.UsingCompositeKey_ReturnsEntity" methodname="UsingCompositeKey_ReturnsEntity" classname="DapperExtensions.Test.IntegrationTests.SqlServer.CrudAsyncFixture+GetMethod" runstate="Runnable" seed="761989278" result="Inconclusive" start-time="2017-04-07 18:45:20Z" end-time="2017-04-07 18:45:20Z" duration="0.001527" asserts="0">
                  <reason>
                    <message><![CDATA[There is no SQL server connection string in appsettings.json for this test project.]]></message>
                  </reason>
                </test-case>
                <test-case id="1210" name="UsingKey_ReturnsEntity" fullname="DapperExtensions.Test.IntegrationTests.SqlServer.CrudAsyncFixture+GetMethod.UsingKey_ReturnsEntity" methodname="UsingKey_ReturnsEntity" classname="DapperExtensions.Test.IntegrationTests.SqlServer.CrudAsyncFixture+GetMethod" runstate="Runnable" seed="1085504455" result="Inconclusive" start-time="2017-04-07 18:45:20Z" end-time="2017-04-07 18:45:20Z" duration="0.002074" asserts="0">
                  <reason>
                    <message><![CDATA[There is no SQL server connection string in appsettings.json for this test project.]]></message>
                  </reason>
                </test-case>
              </test-suite>
              <test-suite type="TestFixture" id="1233" name="CrudAsyncFixture+GetMultipleMethod" fullname="DapperExtensions.Test.IntegrationTests.SqlServer.CrudAsyncFixture+GetMultipleMethod" classname="DapperExtensions.Test.IntegrationTests.SqlServer.CrudAsyncFixture+GetMultipleMethod" runstate="Runnable" testcasecount="1" result="Passed" start-time="2017-04-07 18:45:20Z" end-time="2017-04-07 18:45:20Z" duration="0.031721" total="1" passed="0" failed="0" warnings="0" inconclusive="1" skipped="0" asserts="0">
                <test-case id="1234" name="ReturnsItems" fullname="DapperExtensions.Test.IntegrationTests.SqlServer.CrudAsyncFixture+GetMultipleMethod.ReturnsItems" methodname="ReturnsItems" classname="DapperExtensions.Test.IntegrationTests.SqlServer.CrudAsyncFixture+GetMultipleMethod" runstate="Runnable" seed="126304952" result="Inconclusive" start-time="2017-04-07 18:45:20Z" end-time="2017-04-07 18:45:20Z" duration="0.001748" asserts="0">
                  <reason>
                    <message><![CDATA[There is no SQL server connection string in appsettings.json for this test project.]]></message>
                  </reason>
                </test-case>
              </test-suite>
              <test-suite type="TestFixture" id="1224" name="CrudAsyncFixture+GetPageMethod" fullname="DapperExtensions.Test.IntegrationTests.SqlServer.CrudAsyncFixture+GetPageMethod" classname="DapperExtensions.Test.IntegrationTests.SqlServer.CrudAsyncFixture+GetPageMethod" runstate="Runnable" testcasecount="4" result="Passed" start-time="2017-04-07 18:45:20Z" end-time="2017-04-07 18:45:20Z" duration="0.125016" total="4" passed="0" failed="0" warnings="0" inconclusive="4" skipped="0" asserts="0">
                <test-case id="1227" name="NotFirstPage_Returns_NextResults" fullname="DapperExtensions.Test.IntegrationTests.SqlServer.CrudAsyncFixture+GetPageMethod.NotFirstPage_Returns_NextResults" methodname="NotFirstPage_Returns_NextResults" classname="DapperExtensions.Test.IntegrationTests.SqlServer.CrudAsyncFixture+GetPageMethod" runstate="Runnable" seed="1233625462" result="Inconclusive" start-time="2017-04-07 18:45:20Z" end-time="2017-04-07 18:45:20Z" duration="0.002369" asserts="0">
                  <reason>
                    <message><![CDATA[There is no SQL server connection string in appsettings.json for this test project.]]></message>
                  </reason>
                </test-case>
                <test-case id="1225" name="UsingNullPredicate_ReturnsMatching" fullname="DapperExtensions.Test.IntegrationTests.SqlServer.CrudAsyncFixture+GetPageMethod.UsingNullPredicate_ReturnsMatching" methodname="UsingNullPredicate_ReturnsMatching" classname="DapperExtensions.Test.IntegrationTests.SqlServer.CrudAsyncFixture+GetPageMethod" runstate="Runnable" seed="1448964173" result="Inconclusive" start-time="2017-04-07 18:45:20Z" end-time="2017-04-07 18:45:20Z" duration="0.001656" asserts="0">
                  <reason>
                    <message><![CDATA[There is no SQL server connection string in appsettings.json for this test project.]]></message>
                  </reason>
                </test-case>
                <test-case id="1228" name="UsingObject_ReturnsMatching" fullname="DapperExtensions.Test.IntegrationTests.SqlServer.CrudAsyncFixture+GetPageMethod.UsingObject_ReturnsMatching" methodname="UsingObject_ReturnsMatching" classname="DapperExtensions.Test.IntegrationTests.SqlServer.CrudAsyncFixture+GetPageMethod" runstate="Runnable" seed="918348011" result="Inconclusive" start-time="2017-04-07 18:45:20Z" end-time="2017-04-07 18:45:20Z" duration="0.001514" asserts="0">
                  <reason>
                    <message><![CDATA[There is no SQL server connection string in appsettings.json for this test project.]]></message>
                  </reason>
                </test-case>
                <test-case id="1226" name="UsingPredicate_ReturnsMatching" fullname="DapperExtensions.Test.IntegrationTests.SqlServer.CrudAsyncFixture+GetPageMethod.UsingPredicate_ReturnsMatching" methodname="UsingPredicate_ReturnsMatching" classname="DapperExtensions.Test.IntegrationTests.SqlServer.CrudAsyncFixture+GetPageMethod" runstate="Runnable" seed="500879543" result="Inconclusive" start-time="2017-04-07 18:45:20Z" end-time="2017-04-07 18:45:20Z" duration="0.001391" asserts="0">
                  <reason>
                    <message><![CDATA[There is no SQL server connection string in appsettings.json for this test project.]]></message>
                  </reason>
                </test-case>
              </test-suite>
              <test-suite type="TestFixture" id="1204" name="CrudAsyncFixture+InsertMethod" fullname="DapperExtensions.Test.IntegrationTests.SqlServer.CrudAsyncFixture+InsertMethod" classname="DapperExtensions.Test.IntegrationTests.SqlServer.CrudAsyncFixture+InsertMethod" runstate="Runnable" testcasecount="4" result="Passed" start-time="2017-04-07 18:45:20Z" end-time="2017-04-07 18:45:21Z" duration="0.125033" total="4" passed="0" failed="0" warnings="0" inconclusive="4" skipped="0" asserts="0">
                <test-case id="1206" name="AddsEntityToDatabase_ReturnsCompositeKey" fullname="DapperExtensions.Test.IntegrationTests.SqlServer.CrudAsyncFixture+InsertMethod.AddsEntityToDatabase_ReturnsCompositeKey" methodname="AddsEntityToDatabase_ReturnsCompositeKey" classname="DapperExtensions.Test.IntegrationTests.SqlServer.CrudAsyncFixture+InsertMethod" runstate="Runnable" seed="141931938" result="Inconclusive" start-time="2017-04-07 18:45:20Z" end-time="2017-04-07 18:45:20Z" duration="0.001525" asserts="0">
                  <reason>
                    <message><![CDATA[There is no SQL server connection string in appsettings.json for this test project.]]></message>
                  </reason>
                </test-case>
                <test-case id="1207" name="AddsEntityToDatabase_ReturnsGeneratedPrimaryKey" fullname="DapperExtensions.Test.IntegrationTests.SqlServer.CrudAsyncFixture+InsertMethod.AddsEntityToDatabase_ReturnsGeneratedPrimaryKey" methodname="AddsEntityToDatabase_ReturnsGeneratedPrimaryKey" classname="DapperExtensions.Test.IntegrationTests.SqlServer.CrudAsyncFixture+InsertMethod" runstate="Runnable" seed="1328067550" result="Inconclusive" start-time="2017-04-07 18:45:21Z" end-time="2017-04-07 18:45:21Z" duration="0.001244" asserts="0">
                  <reason>
                    <message><![CDATA[There is no SQL server connection string in appsettings.json for this test project.]]></message>
                  </reason>
                </test-case>
                <test-case id="1205" name="AddsEntityToDatabase_ReturnsKey" fullname="DapperExtensions.Test.IntegrationTests.SqlServer.CrudAsyncFixture+InsertMethod.AddsEntityToDatabase_ReturnsKey" methodname="AddsEntityToDatabase_ReturnsKey" classname="DapperExtensions.Test.IntegrationTests.SqlServer.CrudAsyncFixture+InsertMethod" runstate="Runnable" seed="1787898846" result="Inconclusive" start-time="2017-04-07 18:45:21Z" end-time="2017-04-07 18:45:21Z" duration="0.001375" asserts="0">
                  <reason>
                    <message><![CDATA[There is no SQL server connection string in appsettings.json for this test project.]]></message>
                  </reason>
                </test-case>
                <test-case id="1208" name="AddsMultipleEntitiesToDatabase" fullname="DapperExtensions.Test.IntegrationTests.SqlServer.CrudAsyncFixture+InsertMethod.AddsMultipleEntitiesToDatabase" methodname="AddsMultipleEntitiesToDatabase" classname="DapperExtensions.Test.IntegrationTests.SqlServer.CrudAsyncFixture+InsertMethod" runstate="Runnable" seed="233966360" result="Inconclusive" start-time="2017-04-07 18:45:21Z" end-time="2017-04-07 18:45:21Z" duration="0.001358" asserts="0">
                  <reason>
                    <message><![CDATA[There is no SQL server connection string in appsettings.json for this test project.]]></message>
                  </reason>
                </test-case>
              </test-suite>
              <test-suite type="TestFixture" id="1217" name="CrudAsyncFixture+UpdateMethod" fullname="DapperExtensions.Test.IntegrationTests.SqlServer.CrudAsyncFixture+UpdateMethod" classname="DapperExtensions.Test.IntegrationTests.SqlServer.CrudAsyncFixture+UpdateMethod" runstate="Runnable" testcasecount="2" result="Passed" start-time="2017-04-07 18:45:21Z" end-time="2017-04-07 18:45:21Z" duration="0.062799" total="2" passed="0" failed="0" warnings="0" inconclusive="2" skipped="0" asserts="0">
                <test-case id="1219" name="UsingCompositeKey_UpdatesEntity" fullname="DapperExtensions.Test.IntegrationTests.SqlServer.CrudAsyncFixture+UpdateMethod.UsingCompositeKey_UpdatesEntity" methodname="UsingCompositeKey_UpdatesEntity" classname="DapperExtensions.Test.IntegrationTests.SqlServer.CrudAsyncFixture+UpdateMethod" runstate="Runnable" seed="1149034674" result="Inconclusive" start-time="2017-04-07 18:45:21Z" end-time="2017-04-07 18:45:21Z" duration="0.005809" asserts="0">
                  <reason>
                    <message><![CDATA[There is no SQL server connection string in appsettings.json for this test project.]]></message>
                  </reason>
                </test-case>
                <test-case id="1218" name="UsingKey_UpdatesEntity" fullname="DapperExtensions.Test.IntegrationTests.SqlServer.CrudAsyncFixture+UpdateMethod.UsingKey_UpdatesEntity" methodname="UsingKey_UpdatesEntity" classname="DapperExtensions.Test.IntegrationTests.SqlServer.CrudAsyncFixture+UpdateMethod" runstate="Runnable" seed="70234225" result="Inconclusive" start-time="2017-04-07 18:45:21Z" end-time="2017-04-07 18:45:21Z" duration="0.001362" asserts="0">
                  <reason>
                    <message><![CDATA[There is no SQL server connection string in appsettings.json for this test project.]]></message>
                  </reason>
                </test-case>
              </test-suite>
              <test-suite type="TestFixture" id="1026" name="CrudFixture" fullname="DapperExtensions.Test.IntegrationTests.SqlServer.CrudFixture" classname="DapperExtensions.Test.IntegrationTests.SqlServer.CrudFixture" runstate="Runnable" testcasecount="0" result="Passed" start-time="2017-04-07 18:45:21Z" end-time="2017-04-07 18:45:21Z" duration="0.000247" total="0" passed="0" failed="0" warnings="0" inconclusive="0" skipped="0" asserts="0" />
              <test-suite type="TestFixture" id="1260" name="CrudFixture+CountMethod" fullname="DapperExtensions.Test.IntegrationTests.SqlServer.CrudFixture+CountMethod" classname="DapperExtensions.Test.IntegrationTests.SqlServer.CrudFixture+CountMethod" runstate="Runnable" testcasecount="3" result="Passed" start-time="2017-04-07 18:45:21Z" end-time="2017-04-07 18:45:21Z" duration="0.093819" total="3" passed="0" failed="0" warnings="0" inconclusive="3" skipped="0" asserts="0">
                <test-case id="1261" name="UsingNullPredicate_Returns_Count" fullname="DapperExtensions.Test.IntegrationTests.SqlServer.CrudFixture+CountMethod.UsingNullPredicate_Returns_Count" methodname="UsingNullPredicate_Returns_Count" classname="DapperExtensions.Test.IntegrationTests.SqlServer.CrudFixture+CountMethod" runstate="Runnable" seed="381117649" result="Inconclusive" start-time="2017-04-07 18:45:21Z" end-time="2017-04-07 18:45:21Z" duration="0.001115" asserts="0">
                  <reason>
                    <message><![CDATA[There is no SQL server connection string in appsettings.json for this test project.]]></message>
                  </reason>
                </test-case>
                <test-case id="1263" name="UsingObject_Returns_Count" fullname="DapperExtensions.Test.IntegrationTests.SqlServer.CrudFixture+CountMethod.UsingObject_Returns_Count" methodname="UsingObject_Returns_Count" classname="DapperExtensions.Test.IntegrationTests.SqlServer.CrudFixture+CountMethod" runstate="Runnable" seed="1443349600" result="Inconclusive" start-time="2017-04-07 18:45:21Z" end-time="2017-04-07 18:45:21Z" duration="0.000830" asserts="0">
                  <reason>
                    <message><![CDATA[There is no SQL server connection string in appsettings.json for this test project.]]></message>
                  </reason>
                </test-case>
                <test-case id="1262" name="UsingPredicate_Returns_Count" fullname="DapperExtensions.Test.IntegrationTests.SqlServer.CrudFixture+CountMethod.UsingPredicate_Returns_Count" methodname="UsingPredicate_Returns_Count" classname="DapperExtensions.Test.IntegrationTests.SqlServer.CrudFixture+CountMethod" runstate="Runnable" seed="98929067" result="Inconclusive" start-time="2017-04-07 18:45:21Z" end-time="2017-04-07 18:45:21Z" duration="0.000994" asserts="0">
                  <reason>
                    <message><![CDATA[There is no SQL server connection string in appsettings.json for this test project.]]></message>
                  </reason>
                </test-case>
              </test-suite>
              <test-suite type="TestFixture" id="1243" name="CrudFixture+DeleteMethod" fullname="DapperExtensions.Test.IntegrationTests.SqlServer.CrudFixture+DeleteMethod" classname="DapperExtensions.Test.IntegrationTests.SqlServer.CrudFixture+DeleteMethod" runstate="Runnable" testcasecount="4" result="Passed" start-time="2017-04-07 18:45:21Z" end-time="2017-04-07 18:45:21Z" duration="0.125385" total="4" passed="0" failed="0" warnings="0" inconclusive="4" skipped="0" asserts="0">
                <test-case id="1245" name="UsingCompositeKey_DeletesFromDatabase" fullname="DapperExtensions.Test.IntegrationTests.SqlServer.CrudFixture+DeleteMethod.UsingCompositeKey_DeletesFromDatabase" methodname="UsingCompositeKey_DeletesFromDatabase" classname="DapperExtensions.Test.IntegrationTests.SqlServer.CrudFixture+DeleteMethod" runstate="Runnable" seed="1564188318" result="Inconclusive" start-time="2017-04-07 18:45:21Z" end-time="2017-04-07 18:45:21Z" duration="0.000991" asserts="0">
                  <reason>
                    <message><![CDATA[There is no SQL server connection string in appsettings.json for this test project.]]></message>
                  </reason>
                </test-case>
                <test-case id="1244" name="UsingKey_DeletesFromDatabase" fullname="DapperExtensions.Test.IntegrationTests.SqlServer.CrudFixture+DeleteMethod.UsingKey_DeletesFromDatabase" methodname="UsingKey_DeletesFromDatabase" classname="DapperExtensions.Test.IntegrationTests.SqlServer.CrudFixture+DeleteMethod" runstate="Runnable" seed="385112186" result="Inconclusive" start-time="2017-04-07 18:45:21Z" end-time="2017-04-07 18:45:21Z" duration="0.001062" asserts="0">
                  <reason>
                    <message><![CDATA[There is no SQL server connection string in appsettings.json for this test project.]]></message>
                  </reason>
                </test-case>
                <test-case id="1247" name="UsingObject_DeletesRows" fullname="DapperExtensions.Test.IntegrationTests.SqlServer.CrudFixture+DeleteMethod.UsingObject_DeletesRows" methodname="UsingObject_DeletesRows" classname="DapperExtensions.Test.IntegrationTests.SqlServer.CrudFixture+DeleteMethod" runstate="Runnable" seed="780317379" result="Inconclusive" start-time="2017-04-07 18:45:21Z" end-time="2017-04-07 18:45:21Z" duration="0.001154" asserts="0">
                  <reason>
                    <message><![CDATA[There is no SQL server connection string in appsettings.json for this test project.]]></message>
                  </reason>
                </test-case>
                <test-case id="1246" name="UsingPredicate_DeletesRows" fullname="DapperExtensions.Test.IntegrationTests.SqlServer.CrudFixture+DeleteMethod.UsingPredicate_DeletesRows" methodname="UsingPredicate_DeletesRows" classname="DapperExtensions.Test.IntegrationTests.SqlServer.CrudFixture+DeleteMethod" runstate="Runnable" seed="767891659" result="Inconclusive" start-time="2017-04-07 18:45:21Z" end-time="2017-04-07 18:45:21Z" duration="0.001227" asserts="0">
                  <reason>
                    <message><![CDATA[There is no SQL server connection string in appsettings.json for this test project.]]></message>
                  </reason>
                </test-case>
              </test-suite>
              <test-suite type="TestFixture" id="1251" name="CrudFixture+GetListMethod" fullname="DapperExtensions.Test.IntegrationTests.SqlServer.CrudFixture+GetListMethod" classname="DapperExtensions.Test.IntegrationTests.SqlServer.CrudFixture+GetListMethod" runstate="Runnable" testcasecount="3" result="Passed" start-time="2017-04-07 18:45:21Z" end-time="2017-04-07 18:45:21Z" duration="0.094105" total="3" passed="0" failed="0" warnings="0" inconclusive="3" skipped="0" asserts="0">
                <test-case id="1252" name="UsingNullPredicate_ReturnsAll" fullname="DapperExtensions.Test.IntegrationTests.SqlServer.CrudFixture+GetListMethod.UsingNullPredicate_ReturnsAll" methodname="UsingNullPredicate_ReturnsAll" classname="DapperExtensions.Test.IntegrationTests.SqlServer.CrudFixture+GetListMethod" runstate="Runnable" seed="189995287" result="Inconclusive" start-time="2017-04-07 18:45:21Z" end-time="2017-04-07 18:45:21Z" duration="0.002815" asserts="0">
                  <reason>
                    <message><![CDATA[There is no SQL server connection string in appsettings.json for this test project.]]></message>
                  </reason>
                </test-case>
                <test-case id="1254" name="UsingObject_ReturnsMatching" fullname="DapperExtensions.Test.IntegrationTests.SqlServer.CrudFixture+GetListMethod.UsingObject_ReturnsMatching" methodname="UsingObject_ReturnsMatching" classname="DapperExtensions.Test.IntegrationTests.SqlServer.CrudFixture+GetListMethod" runstate="Runnable" seed="133686860" result="Inconclusive" start-time="2017-04-07 18:45:21Z" end-time="2017-04-07 18:45:21Z" duration="0.002804" asserts="0">
                  <reason>
                    <message><![CDATA[There is no SQL server connection string in appsettings.json for this test project.]]></message>
                  </reason>
                </test-case>
                <test-case id="1253" name="UsingPredicate_ReturnsMatching" fullname="DapperExtensions.Test.IntegrationTests.SqlServer.CrudFixture+GetListMethod.UsingPredicate_ReturnsMatching" methodname="UsingPredicate_ReturnsMatching" classname="DapperExtensions.Test.IntegrationTests.SqlServer.CrudFixture+GetListMethod" runstate="Runnable" seed="839940151" result="Inconclusive" start-time="2017-04-07 18:45:21Z" end-time="2017-04-07 18:45:21Z" duration="0.002988" asserts="0">
                  <reason>
                    <message><![CDATA[There is no SQL server connection string in appsettings.json for this test project.]]></message>
                  </reason>
                </test-case>
              </test-suite>
              <test-suite type="TestFixture" id="1240" name="CrudFixture+GetMethod" fullname="DapperExtensions.Test.IntegrationTests.SqlServer.CrudFixture+GetMethod" classname="DapperExtensions.Test.IntegrationTests.SqlServer.CrudFixture+GetMethod" runstate="Runnable" testcasecount="2" result="Passed" start-time="2017-04-07 18:45:21Z" end-time="2017-04-07 18:45:21Z" duration="0.062806" total="2" passed="0" failed="0" warnings="0" inconclusive="2" skipped="0" asserts="0">
                <test-case id="1242" name="UsingCompositeKey_ReturnsEntity" fullname="DapperExtensions.Test.IntegrationTests.SqlServer.CrudFixture+GetMethod.UsingCompositeKey_ReturnsEntity" methodname="UsingCompositeKey_ReturnsEntity" classname="DapperExtensions.Test.IntegrationTests.SqlServer.CrudFixture+GetMethod" runstate="Runnable" seed="820475099" result="Inconclusive" start-time="2017-04-07 18:45:21Z" end-time="2017-04-07 18:45:21Z" duration="0.002855" asserts="0">
                  <reason>
                    <message><![CDATA[There is no SQL server connection string in appsettings.json for this test project.]]></message>
                  </reason>
                </test-case>
                <test-case id="1241" name="UsingKey_ReturnsEntity" fullname="DapperExtensions.Test.IntegrationTests.SqlServer.CrudFixture+GetMethod.UsingKey_ReturnsEntity" methodname="UsingKey_ReturnsEntity" classname="DapperExtensions.Test.IntegrationTests.SqlServer.CrudFixture+GetMethod" runstate="Runnable" seed="1343337520" result="Inconclusive" start-time="2017-04-07 18:45:21Z" end-time="2017-04-07 18:45:21Z" duration="0.002175" asserts="0">
                  <reason>
                    <message><![CDATA[There is no SQL server connection string in appsettings.json for this test project.]]></message>
                  </reason>
                </test-case>
              </test-suite>
              <test-suite type="TestFixture" id="1264" name="CrudFixture+GetMultipleMethod" fullname="DapperExtensions.Test.IntegrationTests.SqlServer.CrudFixture+GetMultipleMethod" classname="DapperExtensions.Test.IntegrationTests.SqlServer.CrudFixture+GetMultipleMethod" runstate="Runnable" testcasecount="1" result="Passed" start-time="2017-04-07 18:45:21Z" end-time="2017-04-07 18:45:21Z" duration="0.031488" total="1" passed="0" failed="0" warnings="0" inconclusive="1" skipped="0" asserts="0">
                <test-case id="1265" name="ReturnsItems" fullname="DapperExtensions.Test.IntegrationTests.SqlServer.CrudFixture+GetMultipleMethod.ReturnsItems" methodname="ReturnsItems" classname="DapperExtensions.Test.IntegrationTests.SqlServer.CrudFixture+GetMultipleMethod" runstate="Runnable" seed="1491042531" result="Inconclusive" start-time="2017-04-07 18:45:21Z" end-time="2017-04-07 18:45:21Z" duration="0.002081" asserts="0">
                  <reason>
                    <message><![CDATA[There is no SQL server connection string in appsettings.json for this test project.]]></message>
                  </reason>
                </test-case>
              </test-suite>
              <test-suite type="TestFixture" id="1255" name="CrudFixture+GetPageMethod" fullname="DapperExtensions.Test.IntegrationTests.SqlServer.CrudFixture+GetPageMethod" classname="DapperExtensions.Test.IntegrationTests.SqlServer.CrudFixture+GetPageMethod" runstate="Runnable" testcasecount="4" result="Passed" start-time="2017-04-07 18:45:21Z" end-time="2017-04-07 18:45:21Z" duration="0.125080" total="4" passed="0" failed="0" warnings="0" inconclusive="4" skipped="0" asserts="0">
                <test-case id="1258" name="NotFirstPage_Returns_NextResults" fullname="DapperExtensions.Test.IntegrationTests.SqlServer.CrudFixture+GetPageMethod.NotFirstPage_Returns_NextResults" methodname="NotFirstPage_Returns_NextResults" classname="DapperExtensions.Test.IntegrationTests.SqlServer.CrudFixture+GetPageMethod" runstate="Runnable" seed="1475856839" result="Inconclusive" start-time="2017-04-07 18:45:21Z" end-time="2017-04-07 18:45:21Z" duration="0.002397" asserts="0">
                  <reason>
                    <message><![CDATA[There is no SQL server connection string in appsettings.json for this test project.]]></message>
                  </reason>
                </test-case>
                <test-case id="1256" name="UsingNullPredicate_ReturnsMatching" fullname="DapperExtensions.Test.IntegrationTests.SqlServer.CrudFixture+GetPageMethod.UsingNullPredicate_ReturnsMatching" methodname="UsingNullPredicate_ReturnsMatching" classname="DapperExtensions.Test.IntegrationTests.SqlServer.CrudFixture+GetPageMethod" runstate="Runnable" seed="1642366827" result="Inconclusive" start-time="2017-04-07 18:45:21Z" end-time="2017-04-07 18:45:21Z" duration="0.002413" asserts="0">
[...]
              <test-case id="1063" name="ContainsQuotes_DoesNotAddExtraQuotes" fullname="DapperExtensions.Test.Sql.SqlDialectBaseFixture+GetTableNameMethod.ContainsQuotes_DoesNotAddExtraQuotes" methodname="ContainsQuotes_DoesNotAddExtraQuotes" classname="DapperExtensions.Test.Sql.SqlDialectBaseFixture+GetTableNameMethod" runstate="Runnable" seed="1646605319" result="Passed" start-time="2017-04-07 18:45:24Z" end-time="2017-04-07 18:45:24Z" duration="0.000422" asserts="1" />
              <test-case id="1059" name="EmptyTableName_ThrowsException" fullname="DapperExtensions.Test.Sql.SqlDialectBaseFixture+GetTableNameMethod.EmptyTableName_ThrowsException" methodname="EmptyTableName_ThrowsException" classname="DapperExtensions.Test.Sql.SqlDialectBaseFixture+GetTableNameMethod" runstate="Runnable" seed="398353006" result="Passed" start-time="2017-04-07 18:45:24Z" end-time="2017-04-07 18:45:24Z" duration="0.000549" asserts="3" />
              <test-case id="1058" name="NullTableName_ThrowsException" fullname="DapperExtensions.Test.Sql.SqlDialectBaseFixture+GetTableNameMethod.NullTableName_ThrowsException" methodname="NullTableName_ThrowsException" classname="DapperExtensions.Test.Sql.SqlDialectBaseFixture+GetTableNameMethod" runstate="Runnable" seed="1680505555" result="Passed" start-time="2017-04-07 18:45:24Z" end-time="2017-04-07 18:45:24Z" duration="0.000521" asserts="3" />
              <test-case id="1061" name="SchemaAndTable_ReturnsProperlyQuoted" fullname="DapperExtensions.Test.Sql.SqlDialectBaseFixture+GetTableNameMethod.SchemaAndTable_ReturnsProperlyQuoted" methodname="SchemaAndTable_ReturnsProperlyQuoted" classname="DapperExtensions.Test.Sql.SqlDialectBaseFixture+GetTableNameMethod" runstate="Runnable" seed="941602675" result="Passed" start-time="2017-04-07 18:45:25Z" end-time="2017-04-07 18:45:25Z" duration="0.000518" asserts="1" />
              <test-case id="1060" name="TableNameOnly_ReturnsProperlyQuoted" fullname="DapperExtensions.Test.Sql.SqlDialectBaseFixture+GetTableNameMethod.TableNameOnly_ReturnsProperlyQuoted" methodname="TableNameOnly_ReturnsProperlyQuoted" classname="DapperExtensions.Test.Sql.SqlDialectBaseFixture+GetTableNameMethod" runstate="Runnable" seed="2135434632" result="Passed" start-time="2017-04-07 18:45:25Z" end-time="2017-04-07 18:45:25Z" duration="0.000448" asserts="1" />
            </test-suite>
            <test-suite type="TestFixture" id="1043" name="SqlDialectBaseFixture+IsQuotedMethod" fullname="DapperExtensions.Test.Sql.SqlDialectBaseFixture+IsQuotedMethod" classname="DapperExtensions.Test.Sql.SqlDialectBaseFixture+IsQuotedMethod" runstate="Runnable" testcasecount="3" result="Passed" start-time="2017-04-07 18:45:25Z" end-time="2017-04-07 18:45:25Z" duration="0.093384" total="3" passed="3" failed="0" warnings="0" inconclusive="0" skipped="0" asserts="3">
              <test-case id="1046" name="WithOnlyCloseQuotes_ReturnsFalse" fullname="DapperExtensions.Test.Sql.SqlDialectBaseFixture+IsQuotedMethod.WithOnlyCloseQuotes_ReturnsFalse" methodname="WithOnlyCloseQuotes_ReturnsFalse" classname="DapperExtensions.Test.Sql.SqlDialectBaseFixture+IsQuotedMethod" runstate="Runnable" seed="483853636" result="Passed" start-time="2017-04-07 18:45:25Z" end-time="2017-04-07 18:45:25Z" duration="0.000432" asserts="1" />
              <test-case id="1045" name="WithOnlyStartQuotes_ReturnsFalse" fullname="DapperExtensions.Test.Sql.SqlDialectBaseFixture+IsQuotedMethod.WithOnlyStartQuotes_ReturnsFalse" methodname="WithOnlyStartQuotes_ReturnsFalse" classname="DapperExtensions.Test.Sql.SqlDialectBaseFixture+IsQuotedMethod" runstate="Runnable" seed="1301862289" result="Passed" start-time="2017-04-07 18:45:25Z" end-time="2017-04-07 18:45:25Z" duration="0.000468" asserts="1" />
              <test-case id="1044" name="WithQuotes_ReturnsTrue" fullname="DapperExtensions.Test.Sql.SqlDialectBaseFixture+IsQuotedMethod.WithQuotes_ReturnsTrue" methodname="WithQuotes_ReturnsTrue" classname="DapperExtensions.Test.Sql.SqlDialectBaseFixture+IsQuotedMethod" runstate="Runnable" seed="876345887" result="Passed" start-time="2017-04-07 18:45:25Z" end-time="2017-04-07 18:45:25Z" duration="0.000297" asserts="1" />
            </test-suite>
            <test-suite type="TestFixture" id="1041" name="SqlDialectBaseFixture+Properties" fullname="DapperExtensions.Test.Sql.SqlDialectBaseFixture+Properties" classname="DapperExtensions.Test.Sql.SqlDialectBaseFixture+Properties" runstate="Runnable" testcasecount="1" result="Passed" start-time="2017-04-07 18:45:25Z" end-time="2017-04-07 18:45:25Z" duration="0.031439" total="1" passed="1" failed="0" warnings="0" inconclusive="0" skipped="0" asserts="5">
              <test-case id="1042" name="CheckSettings" fullname="DapperExtensions.Test.Sql.SqlDialectBaseFixture+Properties.CheckSettings" methodname="CheckSettings" classname="DapperExtensions.Test.Sql.SqlDialectBaseFixture+Properties" runstate="Runnable" seed="1805049786" result="Passed" start-time="2017-04-07 18:45:25Z" end-time="2017-04-07 18:45:25Z" duration="0.000570" asserts="5" />
            </test-suite>
            <test-suite type="TestFixture" id="1047" name="SqlDialectBaseFixture+QuoteStringMethod" fullname="DapperExtensions.Test.Sql.SqlDialectBaseFixture+QuoteStringMethod" classname="DapperExtensions.Test.Sql.SqlDialectBaseFixture+QuoteStringMethod" runstate="Runnable" testcasecount="4" result="Passed" start-time="2017-04-07 18:45:25Z" end-time="2017-04-07 18:45:25Z" duration="0.125440" total="4" passed="4" failed="0" warnings="0" inconclusive="0" skipped="0" asserts="4">
              <test-case id="1051" name="WithBothQuote_DoesNotAddQuotes" fullname="DapperExtensions.Test.Sql.SqlDialectBaseFixture+QuoteStringMethod.WithBothQuote_DoesNotAddQuotes" methodname="WithBothQuote_DoesNotAddQuotes" classname="DapperExtensions.Test.Sql.SqlDialectBaseFixture+QuoteStringMethod" runstate="Runnable" seed="1919855160" result="Passed" start-time="2017-04-07 18:45:25Z" end-time="2017-04-07 18:45:25Z" duration="0.000238" asserts="1" />
              <test-case id="1050" name="WithCloseQuote_AddsQuotes" fullname="DapperExtensions.Test.Sql.SqlDialectBaseFixture+QuoteStringMethod.WithCloseQuote_AddsQuotes" methodname="WithCloseQuote_AddsQuotes" classname="DapperExtensions.Test.Sql.SqlDialectBaseFixture+QuoteStringMethod" runstate="Runnable" seed="300506801" result="Passed" start-time="2017-04-07 18:45:25Z" end-time="2017-04-07 18:45:25Z" duration="0.000263" asserts="1" />
              <test-case id="1048" name="WithNoQuotes_AddsQuotes" fullname="DapperExtensions.Test.Sql.SqlDialectBaseFixture+QuoteStringMethod.WithNoQuotes_AddsQuotes" methodname="WithNoQuotes_AddsQuotes" classname="DapperExtensions.Test.Sql.SqlDialectBaseFixture+QuoteStringMethod" runstate="Runnable" seed="693296816" result="Passed" start-time="2017-04-07 18:45:25Z" end-time="2017-04-07 18:45:25Z" duration="0.000513" asserts="1" />
              <test-case id="1049" name="WithStartQuote_AddsQuotes" fullname="DapperExtensions.Test.Sql.SqlDialectBaseFixture+QuoteStringMethod.WithStartQuote_AddsQuotes" methodname="WithStartQuote_AddsQuotes" classname="DapperExtensions.Test.Sql.SqlDialectBaseFixture+QuoteStringMethod" runstate="Runnable" seed="805072209" result="Passed" start-time="2017-04-07 18:45:25Z" end-time="2017-04-07 18:45:25Z" duration="0.000562" asserts="1" />
            </test-suite>
            <test-suite type="TestFixture" id="1052" name="SqlDialectBaseFixture+UnQuoteStringMethod" fullname="DapperExtensions.Test.Sql.SqlDialectBaseFixture+UnQuoteStringMethod" classname="DapperExtensions.Test.Sql.SqlDialectBaseFixture+UnQuoteStringMethod" runstate="Runnable" testcasecount="4" result="Passed" start-time="2017-04-07 18:45:25Z" end-time="2017-04-07 18:45:25Z" duration="0.124739" total="4" passed="4" failed="0" warnings="0" inconclusive="0" skipped="0" asserts="4">
              <test-case id="1056" name="WithBothQuote_DoesNotAddQuotes" fullname="DapperExtensions.Test.Sql.SqlDialectBaseFixture+UnQuoteStringMethod.WithBothQuote_DoesNotAddQuotes" methodname="WithBothQuote_DoesNotAddQuotes" classname="DapperExtensions.Test.Sql.SqlDialectBaseFixture+UnQuoteStringMethod" runstate="Runnable" seed="1814404021" result="Passed" start-time="2017-04-07 18:45:25Z" end-time="2017-04-07 18:45:25Z" duration="0.001088" asserts="1" />
              <test-case id="1055" name="WithCloseQuote_AddsQuotes" fullname="DapperExtensions.Test.Sql.SqlDialectBaseFixture+UnQuoteStringMethod.WithCloseQuote_AddsQuotes" methodname="WithCloseQuote_AddsQuotes" classname="DapperExtensions.Test.Sql.SqlDialectBaseFixture+UnQuoteStringMethod" runstate="Runnable" seed="1756953515" result="Passed" start-time="2017-04-07 18:45:25Z" end-time="2017-04-07 18:45:25Z" duration="0.001065" asserts="1" />
              <test-case id="1053" name="WithNoQuotes_AddsQuotes" fullname="DapperExtensions.Test.Sql.SqlDialectBaseFixture+UnQuoteStringMethod.WithNoQuotes_AddsQuotes" methodname="WithNoQuotes_AddsQuotes" classname="DapperExtensions.Test.Sql.SqlDialectBaseFixture+UnQuoteStringMethod" runstate="Runnable" seed="939679972" result="Passed" start-time="2017-04-07 18:45:25Z" end-time="2017-04-07 18:45:25Z" duration="0.000462" asserts="1" />
              <test-case id="1054" name="WithStartQuote_AddsQuotes" fullname="DapperExtensions.Test.Sql.SqlDialectBaseFixture+UnQuoteStringMethod.WithStartQuote_AddsQuotes" methodname="WithStartQuote_AddsQuotes" classname="DapperExtensions.Test.Sql.SqlDialectBaseFixture+UnQuoteStringMethod" runstate="Runnable" seed="932225790" result="Passed" start-time="2017-04-07 18:45:25Z" end-time="2017-04-07 18:45:25Z" duration="0.000521" asserts="1" />
            </test-suite>
            <test-suite type="TestFixture" id="1002" name="SqliteDialectFixture" fullname="DapperExtensions.Test.Sql.SqliteDialectFixture" classname="DapperExtensions.Test.Sql.SqliteDialectFixture" runstate="Runnable" testcasecount="0" result="Passed" start-time="2017-04-07 18:45:25Z" end-time="2017-04-07 18:45:25Z" duration="0.000199" total="0" passed="0" failed="0" warnings="0" inconclusive="0" skipped="0" asserts="0" />
            <test-suite type="TestFixture" id="1086" name="SqliteDialectFixture+GetPagingSqlMethod" fullname="DapperExtensions.Test.Sql.SqliteDialectFixture+GetPagingSqlMethod" classname="DapperExtensions.Test.Sql.SqliteDialectFixture+GetPagingSqlMethod" runstate="Runnable" testcasecount="4" result="Passed" start-time="2017-04-07 18:45:25Z" end-time="2017-04-07 18:45:25Z" duration="0.125105" total="4" passed="4" failed="0" warnings="0" inconclusive="0" skipped="0" asserts="13">
              <test-case id="1088" name="EmptySql_ThrowsException" fullname="DapperExtensions.Test.Sql.SqliteDialectFixture+GetPagingSqlMethod.EmptySql_ThrowsException" methodname="EmptySql_ThrowsException" classname="DapperExtensions.Test.Sql.SqliteDialectFixture+GetPagingSqlMethod" runstate="Runnable" seed="2095323015" result="Passed" start-time="2017-04-07 18:45:25Z" end-time="2017-04-07 18:45:25Z" duration="0.003121" asserts="3" />
              <test-case id="1089" name="NullParameters_ThrowsException" fullname="DapperExtensions.Test.Sql.SqliteDialectFixture+GetPagingSqlMethod.NullParameters_ThrowsException" methodname="NullParameters_ThrowsException" classname="DapperExtensions.Test.Sql.SqliteDialectFixture+GetPagingSqlMethod" runstate="Runnable" seed="582158771" result="Passed" start-time="2017-04-07 18:45:25Z" end-time="2017-04-07 18:45:25Z" duration="0.003663" asserts="3" />
              <test-case id="1087" name="NullSql_ThrowsException" fullname="DapperExtensions.Test.Sql.SqliteDialectFixture+GetPagingSqlMethod.NullSql_ThrowsException" methodname="NullSql_ThrowsException" classname="DapperExtensions.Test.Sql.SqliteDialectFixture+GetPagingSqlMethod" runstate="Runnable" seed="154905955" result="Passed" start-time="2017-04-07 18:45:25Z" end-time="2017-04-07 18:45:25Z" duration="0.001234" asserts="3" />
              <test-case id="1090" name="Select_ReturnsSql" fullname="DapperExtensions.Test.Sql.SqliteDialectFixture+GetPagingSqlMethod.Select_ReturnsSql" methodname="Select_ReturnsSql" classname="DapperExtensions.Test.Sql.SqliteDialectFixture+GetPagingSqlMethod" runstate="Runnable" seed="955154661" result="Passed" start-time="2017-04-07 18:45:25Z" end-time="2017-04-07 18:45:25Z" duration="0.000571" asserts="4" />
            </test-suite>
            <test-suite type="TestFixture" id="1084" name="SqliteDialectFixture+Properties" fullname="DapperExtensions.Test.Sql.SqliteDialectFixture+Properties" classname="DapperExtensions.Test.Sql.SqliteDialectFixture+Properties" runstate="Runnable" testcasecount="1" result="Passed" start-time="2017-04-07 18:45:25Z" end-time="2017-04-07 18:45:25Z" duration="0.031413" total="1" passed="1" failed="0" warnings="0" inconclusive="0" skipped="0" asserts="5">
              <test-case id="1085" name="CheckSettings" fullname="DapperExtensions.Test.Sql.SqliteDialectFixture+Properties.CheckSettings" methodname="CheckSettings" classname="DapperExtensions.Test.Sql.SqliteDialectFixture+Properties" runstate="Runnable" seed="162800099" result="Passed" start-time="2017-04-07 18:45:25Z" end-time="2017-04-07 18:45:25Z" duration="0.000679" asserts="5" />
            </test-suite>
            <test-suite type="TestFixture" id="1001" name="SqlServerDialectFixture" fullname="DapperExtensions.Test.Sql.SqlServerDialectFixture" classname="DapperExtensions.Test.Sql.SqlServerDialectFixture" runstate="Runnable" testcasecount="0" result="Passed" start-time="2017-04-07 18:45:25Z" end-time="2017-04-07 18:45:25Z" duration="0.000091" total="0" passed="0" failed="0" warnings="0" inconclusive="0" skipped="0" asserts="0" />
            <test-suite type="TestFixture" id="1080" name="SqlServerDialectFixture+GetOrderByClauseMethod" fullname="DapperExtensions.Test.Sql.SqlServerDialectFixture+GetOrderByClauseMethod" classname="DapperExtensions.Test.Sql.SqlServerDialectFixture+GetOrderByClauseMethod" runstate="Runnable" testcasecount="3" result="Passed" start-time="2017-04-07 18:45:25Z" end-time="2017-04-07 18:45:25Z" duration="0.093765" total="3" passed="3" failed="0" warnings="0" inconclusive="0" skipped="0" asserts="3">
              <test-case id="1081" name="NoOrderBy_Returns" fullname="DapperExtensions.Test.Sql.SqlServerDialectFixture+GetOrderByClauseMethod.NoOrderBy_Returns" methodname="NoOrderBy_Returns" classname="DapperExtensions.Test.Sql.SqlServerDialectFixture+GetOrderByClauseMethod" runstate="Runnable" seed="1939847047" result="Passed" start-time="2017-04-07 18:45:25Z" end-time="2017-04-07 18:45:25Z" duration="0.000888" asserts="1" />
              <test-case id="1082" name="OrderBy_ReturnsItemsAfterClause" fullname="DapperExtensions.Test.Sql.SqlServerDialectFixture+GetOrderByClauseMethod.OrderBy_ReturnsItemsAfterClause" methodname="OrderBy_ReturnsItemsAfterClause" classname="DapperExtensions.Test.Sql.SqlServerDialectFixture+GetOrderByClauseMethod" runstate="Runnable" seed="1493674512" result="Passed" start-time="2017-04-07 18:45:25Z" end-time="2017-04-07 18:45:25Z" duration="0.000333" asserts="1" />
              <test-case id="1083" name="OrderByWithWhere_ReturnsOnlyOrderBy" fullname="DapperExtensions.Test.Sql.SqlServerDialectFixture+GetOrderByClauseMethod.OrderByWithWhere_ReturnsOnlyOrderBy" methodname="OrderByWithWhere_ReturnsOnlyOrderBy" classname="DapperExtensions.Test.Sql.SqlServerDialectFixture+GetOrderByClauseMethod" runstate="Runnable" seed="1733598353" result="Passed" start-time="2017-04-07 18:45:25Z" end-time="2017-04-07 18:45:25Z" duration="0.000314" asserts="1" />
            </test-suite>
            <test-suite type="TestFixture" id="1073" name="SqlServerDialectFixture+GetPagingSqlMethod" fullname="DapperExtensions.Test.Sql.SqlServerDialectFixture+GetPagingSqlMethod" classname="DapperExtensions.Test.Sql.SqlServerDialectFixture+GetPagingSqlMethod" runstate="Runnable" testcasecount="6" result="Passed" start-time="2017-04-07 18:45:25Z" end-time="2017-04-07 18:45:26Z" duration="0.187612" total="6" passed="6" failed="0" warnings="0" inconclusive="0" skipped="0" asserts="18">
              <test-case id="1075" name="EmptySql_ThrowsException" fullname="DapperExtensions.Test.Sql.SqlServerDialectFixture+GetPagingSqlMethod.EmptySql_ThrowsException" methodname="EmptySql_ThrowsException" classname="DapperExtensions.Test.Sql.SqlServerDialectFixture+GetPagingSqlMethod" runstate="Runnable" seed="1350234312" result="Passed" start-time="2017-04-07 18:45:26Z" end-time="2017-04-07 18:45:26Z" duration="0.001696" asserts="3" />
              <test-case id="1076" name="NullParameters_ThrowsException" fullname="DapperExtensions.Test.Sql.SqlServerDialectFixture+GetPagingSqlMethod.NullParameters_ThrowsException" methodname="NullParameters_ThrowsException" classname="DapperExtensions.Test.Sql.SqlServerDialectFixture+GetPagingSqlMethod" runstate="Runnable" seed="1501848205" result="Passed" start-time="2017-04-07 18:45:26Z" end-time="2017-04-07 18:45:26Z" duration="0.000537" asserts="3" />
              <test-case id="1074" name="NullSql_ThrowsException" fullname="DapperExtensions.Test.Sql.SqlServerDialectFixture+GetPagingSqlMethod.NullSql_ThrowsException" methodname="NullSql_ThrowsException" classname="DapperExtensions.Test.Sql.SqlServerDialectFixture+GetPagingSqlMethod" runstate="Runnable" seed="1919434529" result="Passed" start-time="2017-04-07 18:45:26Z" end-time="2017-04-07 18:45:26Z" duration="0.000721" asserts="3" />
              <test-case id="1077" name="Select_ReturnsSql" fullname="DapperExtensions.Test.Sql.SqlServerDialectFixture+GetPagingSqlMethod.Select_ReturnsSql" methodname="Select_ReturnsSql" classname="DapperExtensions.Test.Sql.SqlServerDialectFixture+GetPagingSqlMethod" runstate="Runnable" seed="717976351" result="Passed" start-time="2017-04-07 18:45:26Z" end-time="2017-04-07 18:45:26Z" duration="0.001694" asserts="3" />
              <test-case id="1078" name="SelectDistinct_ReturnsSql" fullname="DapperExtensions.Test.Sql.SqlServerDialectFixture+GetPagingSqlMethod.SelectDistinct_ReturnsSql" methodname="SelectDistinct_ReturnsSql" classname="DapperExtensions.Test.Sql.SqlServerDialectFixture+GetPagingSqlMethod" runstate="Runnable" seed="1177339838" result="Passed" start-time="2017-04-07 18:45:26Z" end-time="2017-04-07 18:45:26Z" duration="0.001658" asserts="3" />
              <test-case id="1079" name="SelectOrderBy_ReturnsSql" fullname="DapperExtensions.Test.Sql.SqlServerDialectFixture+GetPagingSqlMethod.SelectOrderBy_ReturnsSql" methodname="SelectOrderBy_ReturnsSql" classname="DapperExtensions.Test.Sql.SqlServerDialectFixture+GetPagingSqlMethod" runstate="Runnable" seed="1785831519" result="Passed" start-time="2017-04-07 18:45:26Z" end-time="2017-04-07 18:45:26Z" duration="0.000501" asserts="3" />
            </test-suite>
            <test-suite type="TestFixture" id="1071" name="SqlServerDialectFixture+Properties" fullname="DapperExtensions.Test.Sql.SqlServerDialectFixture+Properties" classname="DapperExtensions.Test.Sql.SqlServerDialectFixture+Properties" runstate="Runnable" testcasecount="1" result="Passed" start-time="2017-04-07 18:45:26Z" end-time="2017-04-07 18:45:26Z" duration="0.031406" total="1" passed="1" failed="0" warnings="0" inconclusive="0" skipped="0" asserts="5">
              <test-case id="1072" name="CheckSettings" fullname="DapperExtensions.Test.Sql.SqlServerDialectFixture+Properties.CheckSettings" methodname="CheckSettings" classname="DapperExtensions.Test.Sql.SqlServerDialectFixture+Properties" runstate="Runnable" seed="111619360" result="Passed" start-time="2017-04-07 18:45:26Z" end-time="2017-04-07 18:45:26Z" duration="0.000491" asserts="5" />
            </test-suite>
          </test-suite>
        </test-suite>
      </test-suite>
    </test-suite>
  </test-run>
</test-run>